{"level":"info","message":"Server is running on port undefined","timestamp":"2024-09-10T14:10:29.041Z"}
{"level":"error","message":"Database connection error:","timestamp":"2024-09-10T14:10:29.391Z"}
{"level":"info","message":"Server is running on port undefined","timestamp":"2024-09-10T14:11:03.718Z"}
{"level":"error","message":"Database connection error:","timestamp":"2024-09-10T14:11:03.834Z"}
{"level":"info","message":"Server is running on port undefined","timestamp":"2024-09-10T14:11:14.990Z"}
{"level":"error","message":"Database connection error:","timestamp":"2024-09-10T14:11:15.092Z"}
{"level":"info","message":"Server is running on port undefined","timestamp":"2024-09-10T14:12:47.459Z"}
{"level":"error","message":"Database connection error:","timestamp":"2024-09-10T14:12:47.614Z"}
{"level":"info","message":"Server is running on port undefined","timestamp":"2024-09-10T14:14:56.950Z"}
{"level":"error","message":"Database connection error:","timestamp":"2024-09-10T14:14:57.094Z"}
{"level":"info","message":"Server is running on port undefined","timestamp":"2024-09-10T14:15:04.601Z"}
{"level":"error","message":"Database connection error:","timestamp":"2024-09-10T14:15:04.860Z"}
{"level":"info","message":"Server is running on port 4000","timestamp":"2024-09-10T14:19:48.788Z"}
{"level":"error","message":"Database connection error:","timestamp":"2024-09-10T14:19:48.927Z"}
{"level":"info","message":"Server is running on port 4000","timestamp":"2024-09-10T14:20:09.694Z"}
{"level":"error","message":"Database connection error:","timestamp":"2024-09-10T14:20:09.814Z"}
{"level":"info","message":"Server is running on port 4000","timestamp":"2024-09-10T14:21:05.128Z"}
{"level":"error","message":"Database connection error:","timestamp":"2024-09-10T14:21:05.237Z"}
{"level":"info","message":"Server is running on port 4000","timestamp":"2024-09-10T14:22:28.462Z"}
{"level":"error","message":"Database connection error:","timestamp":"2024-09-10T14:22:28.604Z"}
{"level":"info","message":"Server is running on port 4000","timestamp":"2024-09-10T14:24:11.979Z"}
{"level":"info","message":"Connected to the Caterorange DB","timestamp":"2024-09-10T14:24:12.078Z"}
{"level":"error","message":"Error in creating Orders table","timestamp":"2024-09-10T14:24:12.383Z"}
{"level":"error","message":"Error in creating OrderDetails table","timestamp":"2024-09-10T14:24:12.407Z"}
{"level":"error","message":"Error in creating GROUPS table","timestamp":"2024-09-10T14:24:12.422Z"}
{"level":"error","message":"Error in creating Payments table","timestamp":"2024-09-10T14:24:12.456Z"}
{"level":"info","message":"Tables created successfully","timestamp":"2024-09-10T14:24:12.457Z"}
{"level":"info","message":"Server is running on port 4000","timestamp":"2024-09-10T14:26:51.537Z"}
{"level":"info","message":"Connected to the Caterorange DB","timestamp":"2024-09-10T14:26:51.774Z"}
{"level":"error","message":"Error in creating Orders table","timestamp":"2024-09-10T14:26:51.906Z"}
{"level":"error","message":"Error in creating OrderDetails table","timestamp":"2024-09-10T14:26:51.956Z"}
{"level":"error","message":"Error in creating GROUPS table","timestamp":"2024-09-10T14:26:51.994Z"}
{"level":"info","message":"Tables created successfully","timestamp":"2024-09-10T14:26:52.053Z"}
{"level":"info","message":"Server is running on port 4000","timestamp":"2024-09-10T14:27:03.879Z"}
{"level":"info","message":"Server is running on port 4000","timestamp":"2024-09-10T14:27:06.546Z"}
{"level":"info","message":"Connected to the Caterorange DB","timestamp":"2024-09-10T14:27:06.807Z"}
{"level":"info","message":"Tables created successfully","timestamp":"2024-09-10T14:27:06.978Z"}
{"level":"info","message":"Server is running on port 4000","timestamp":"2024-09-10T14:29:00.957Z"}
{"level":"info","message":"Connected to the Caterorange DB","timestamp":"2024-09-10T14:29:01.190Z"}
{"level":"info","message":"Tables created successfully","timestamp":"2024-09-10T14:29:01.225Z"}
{"level":"info","message":"Server is running on port 4000","timestamp":"2024-09-10T14:29:20.936Z"}
{"level":"info","message":"Connected to the Caterorange DB","timestamp":"2024-09-10T14:29:21.089Z"}
{"level":"info","message":"Tables created successfully","timestamp":"2024-09-10T14:29:21.107Z"}
{"level":"info","message":"Server is running on port 4000","timestamp":"2024-09-10T14:29:32.925Z"}
{"level":"info","message":"Connected to the Caterorange DB","timestamp":"2024-09-10T14:29:33.037Z"}
{"level":"info","message":"Tables created successfully","timestamp":"2024-09-10T14:29:33.056Z"}
{"level":"info","message":"Server is running on port 4000","timestamp":"2024-09-10T14:40:27.878Z"}
{"level":"info","message":"Connected to the Caterorange DB","timestamp":"2024-09-10T14:40:28.108Z"}
{"level":"info","message":"Tables created successfully","timestamp":"2024-09-10T14:40:28.143Z"}
{"level":"info","message":"Server is running on port 4000","timestamp":"2024-09-10T14:40:59.617Z"}
{"level":"info","message":"Connected to the Caterorange DB","timestamp":"2024-09-10T14:40:59.951Z"}
{"level":"info","message":"Tables created successfully","timestamp":"2024-09-10T14:40:59.993Z"}
{"level":"error","message":"Error in creating category table","timestamp":"2024-09-10T14:45:30.919Z"}
{"level":"error","message":"Error in creating GROUPS table","timestamp":"2024-09-10T14:45:30.926Z"}
{"level":"error","message":"Error in creating Customer table","timestamp":"2024-09-10T14:45:30.928Z"}
{"level":"error","message":"Error in creating Deliveries table","timestamp":"2024-09-10T14:45:30.930Z"}
{"level":"error","message":"Error in creating ITEMS table","timestamp":"2024-09-10T14:45:30.932Z"}
{"level":"error","message":"Error in creating Addresses table","timestamp":"2024-09-10T14:45:30.933Z"}
{"level":"error","message":"Error in creating Logistics table","timestamp":"2024-09-10T14:45:30.934Z"}
{"level":"error","message":"Error in creating Drivers table","timestamp":"2024-09-10T14:45:30.936Z"}
{"level":"error","message":"Error in creating Vendors table","timestamp":"2024-09-10T14:45:30.937Z"}
{"level":"error","message":"Error in creating Payments table","timestamp":"2024-09-10T14:45:30.938Z"}
{"level":"error","message":"Error in creating Orders table","timestamp":"2024-09-10T14:45:30.940Z"}
{"level":"error","message":"Error in creating OrderDetails table","timestamp":"2024-09-10T14:45:30.941Z"}
{"level":"error","message":"Error in creating GROUPS table","timestamp":"2024-09-10T14:45:30.942Z"}
{"level":"info","message":"Server is running on port 4000","timestamp":"2024-09-10T14:45:30.957Z"}
{"level":"info","message":"Tables created successfully","timestamp":"2024-09-10T14:45:30.958Z"}
{"level":"error","message":"Database connection error:","timestamp":"2024-09-10T14:45:31.162Z"}
{"level":"error","message":"Error in creating category table","timestamp":"2024-09-10T14:47:01.156Z"}
{"level":"error","message":"Error in creating GROUPS table","timestamp":"2024-09-10T14:47:01.178Z"}
{"level":"error","message":"Error in creating Customer table","timestamp":"2024-09-10T14:47:01.183Z"}
{"level":"error","message":"Error in creating Deliveries table","timestamp":"2024-09-10T14:47:01.188Z"}
{"level":"error","message":"Error in creating ITEMS table","timestamp":"2024-09-10T14:47:01.191Z"}
{"level":"error","message":"Error in creating Addresses table","timestamp":"2024-09-10T14:47:01.193Z"}
{"level":"error","message":"Error in creating Logistics table","timestamp":"2024-09-10T14:47:01.196Z"}
{"level":"error","message":"Error in creating Drivers table","timestamp":"2024-09-10T14:47:01.199Z"}
{"level":"error","message":"Error in creating Vendors table","timestamp":"2024-09-10T14:47:01.202Z"}
{"level":"error","message":"Error in creating Payments table","timestamp":"2024-09-10T14:47:01.207Z"}
{"level":"error","message":"Error in creating Orders table","timestamp":"2024-09-10T14:47:01.209Z"}
{"level":"error","message":"Error in creating OrderDetails table","timestamp":"2024-09-10T14:47:01.213Z"}
{"level":"error","message":"Error in creating GROUPS table","timestamp":"2024-09-10T14:47:01.216Z"}
{"level":"info","message":"Server is running on port 4000","timestamp":"2024-09-10T14:47:01.251Z"}
{"level":"info","message":"Tables created successfully","timestamp":"2024-09-10T14:47:01.253Z"}
{"level":"info","message":"Connected to the Caterorange DB","timestamp":"2024-09-10T14:47:01.549Z"}
{"level":"error","message":"Error in creating category table","timestamp":"2024-09-10T14:47:46.104Z"}
{"level":"error","message":"Error in creating GROUPS table","timestamp":"2024-09-10T14:47:46.124Z"}
{"level":"error","message":"Error in creating Customer table","timestamp":"2024-09-10T14:47:46.128Z"}
{"level":"error","message":"Error in creating Deliveries table","timestamp":"2024-09-10T14:47:46.134Z"}
{"level":"error","message":"Error in creating ITEMS table","timestamp":"2024-09-10T14:47:46.137Z"}
{"level":"error","message":"Error in creating Addresses table","timestamp":"2024-09-10T14:47:46.139Z"}
{"level":"error","message":"Error in creating Logistics table","timestamp":"2024-09-10T14:47:46.142Z"}
{"level":"error","message":"Error in creating Drivers table","timestamp":"2024-09-10T14:47:46.145Z"}
{"level":"error","message":"Error in creating Vendors table","timestamp":"2024-09-10T14:47:46.148Z"}
{"level":"error","message":"Error in creating Payments table","timestamp":"2024-09-10T14:47:46.152Z"}
{"level":"error","message":"Error in creating Orders table","timestamp":"2024-09-10T14:47:46.155Z"}
{"level":"error","message":"Error in creating OrderDetails table","timestamp":"2024-09-10T14:47:46.159Z"}
{"level":"error","message":"Error in creating GROUPS table","timestamp":"2024-09-10T14:47:46.162Z"}
{"level":"info","message":"Server is running on port 4000","timestamp":"2024-09-10T14:47:46.196Z"}
{"level":"info","message":"Tables created successfully","timestamp":"2024-09-10T14:47:46.198Z"}
{"level":"info","message":"Connected to the Caterorange DB","timestamp":"2024-09-10T14:47:46.473Z"}
{"level":"error","message":"Error in creating category table","timestamp":"2024-09-10T14:48:35.884Z"}
{"level":"error","message":"Error in creating GROUPS table","timestamp":"2024-09-10T14:48:35.891Z"}
{"level":"error","message":"Error in creating Customer table","timestamp":"2024-09-10T14:48:35.893Z"}
{"level":"error","message":"Error in creating Deliveries table","timestamp":"2024-09-10T14:48:35.897Z"}
{"level":"error","message":"Error in creating ITEMS table","timestamp":"2024-09-10T14:48:35.898Z"}
{"level":"error","message":"Error in creating Addresses table","timestamp":"2024-09-10T14:48:35.899Z"}
{"level":"error","message":"Error in creating Logistics table","timestamp":"2024-09-10T14:48:35.900Z"}
{"level":"error","message":"Error in creating Drivers table","timestamp":"2024-09-10T14:48:35.902Z"}
{"level":"error","message":"Error in creating Vendors table","timestamp":"2024-09-10T14:48:35.903Z"}
{"level":"error","message":"Error in creating Payments table","timestamp":"2024-09-10T14:48:35.905Z"}
{"level":"error","message":"Error in creating Orders table","timestamp":"2024-09-10T14:48:35.906Z"}
{"level":"error","message":"Error in creating OrderDetails table","timestamp":"2024-09-10T14:48:35.907Z"}
{"level":"error","message":"Error in creating GROUPS table","timestamp":"2024-09-10T14:48:35.908Z"}
{"level":"info","message":"Server is running on port 4000","timestamp":"2024-09-10T14:48:35.923Z"}
{"level":"info","message":"Tables created successfully","timestamp":"2024-09-10T14:48:35.924Z"}
{"level":"info","message":"Connected to the Caterorange DB","timestamp":"2024-09-10T14:48:36.042Z"}
{"level":"error","message":"Error in creating category table","timestamp":"2024-09-10T14:49:01.001Z"}
{"level":"error","message":"Error in creating GROUPS table","timestamp":"2024-09-10T14:49:01.018Z"}
{"level":"error","message":"Error in creating Customer table","timestamp":"2024-09-10T14:49:01.021Z"}
{"level":"error","message":"Error in creating Deliveries table","timestamp":"2024-09-10T14:49:01.024Z"}
{"level":"error","message":"Error in creating ITEMS table","timestamp":"2024-09-10T14:49:01.025Z"}
{"level":"error","message":"Error in creating Addresses table","timestamp":"2024-09-10T14:49:01.026Z"}
{"level":"error","message":"Error in creating Logistics table","timestamp":"2024-09-10T14:49:01.028Z"}
{"level":"error","message":"Error in creating Drivers table","timestamp":"2024-09-10T14:49:01.029Z"}
{"level":"error","message":"Error in creating Vendors table","timestamp":"2024-09-10T14:49:01.030Z"}
{"level":"error","message":"Error in creating Payments table","timestamp":"2024-09-10T14:49:01.033Z"}
{"level":"error","message":"Error in creating Orders table","timestamp":"2024-09-10T14:49:01.035Z"}
{"level":"error","message":"Error in creating OrderDetails table","timestamp":"2024-09-10T14:49:01.036Z"}
{"level":"error","message":"Error in creating GROUPS table","timestamp":"2024-09-10T14:49:01.038Z"}
{"level":"info","message":"Server is running on port 4000","timestamp":"2024-09-10T14:49:01.060Z"}
{"level":"info","message":"Tables created successfully","timestamp":"2024-09-10T14:49:01.062Z"}
{"level":"info","message":"Connected to the Caterorange DB","timestamp":"2024-09-10T14:49:01.184Z"}
{"level":"info","message":"Server is running on port 4000","timestamp":"2024-09-10T14:49:25.843Z"}
{"level":"info","message":"Connected to the Caterorange DB","timestamp":"2024-09-10T14:49:25.948Z"}
{"level":"info","message":"Tables created successfully","timestamp":"2024-09-10T14:49:26.322Z"}
{"level":"info","message":"Server is running on port 4000","timestamp":"2024-09-10T14:49:39.637Z"}
{"level":"info","message":"Connected to the Caterorange DB","timestamp":"2024-09-10T14:49:39.737Z"}
{"level":"info","message":"Tables created successfully","timestamp":"2024-09-10T14:49:39.752Z"}
{"level":"info","message":"Server is running on port 4000","timestamp":"2024-09-10T14:51:51.089Z"}
{"level":"error","message":"Database connection error:","timestamp":"2024-09-10T14:51:51.188Z"}
{"level":"info","message":"Server is running on port 4000","timestamp":"2024-09-10T14:52:12.543Z"}
{"level":"error","message":"Database connection error:","timestamp":"2024-09-10T14:52:12.645Z"}
{"level":"info","message":"Server is running on port 4000","timestamp":"2024-09-10T14:52:50.296Z"}
{"level":"error","message":"Database connection error:","timestamp":"2024-09-10T14:52:50.408Z"}
{"level":"info","message":"Server is running on port 4000","timestamp":"2024-09-10T14:52:56.564Z"}
{"level":"error","message":"Database connection error:","timestamp":"2024-09-10T14:52:56.755Z"}
{"level":"info","message":"Server is running on port 4000","timestamp":"2024-09-10T14:53:09.544Z"}
{"level":"error","message":"Database connection error:","timestamp":"2024-09-10T14:53:09.696Z"}
{"level":"info","message":"Server is running on port 4000","timestamp":"2024-09-10T14:54:06.359Z"}
{"level":"error","message":"Database connection error:","timestamp":"2024-09-10T14:54:06.458Z"}
{"level":"info","message":"Server is running on port 4000","timestamp":"2024-09-10T14:55:23.831Z"}
{"level":"error","message":"Database connection error:","timestamp":"2024-09-10T14:55:23.946Z"}
{"level":"info","message":"Server is running on port 4000","timestamp":"2024-09-10T14:56:18.895Z"}
{"level":"error","message":"Database connection error:","timestamp":"2024-09-10T14:56:19.007Z"}
{"level":"info","message":"Server is running on port 4000","timestamp":"2024-09-10T14:58:49.982Z"}
{"level":"error","message":"Database connection error:","timestamp":"2024-09-10T14:58:50.105Z"}
{"level":"info","message":"Server is running on port 4000","timestamp":"2024-09-10T14:58:55.770Z"}
{"level":"error","message":"Database connection error:","timestamp":"2024-09-10T14:58:55.984Z"}
{"level":"info","message":"Server is running on port 4000","timestamp":"2024-09-10T14:59:02.620Z"}
{"level":"error","message":"Database connection error:","timestamp":"2024-09-10T14:59:02.797Z"}
{"level":"info","message":"Server is running on port 4000","timestamp":"2024-09-10T15:06:25.753Z"}
{"level":"error","message":"Database connection error:","timestamp":"2024-09-10T15:06:25.994Z"}
{"level":"info","message":"Server is running on port 4000","timestamp":"2024-09-10T15:07:57.106Z"}
{"level":"error","message":"Database connection error:","timestamp":"2024-09-10T15:07:57.218Z"}
{"level":"info","message":"Server is running on port 4000","timestamp":"2024-09-10T15:10:26.157Z"}
{"level":"error","message":"Database connection error:","timestamp":"2024-09-10T15:10:26.280Z"}
{"level":"info","message":"Server is running on port 4000","timestamp":"2024-09-10T15:11:49.174Z"}
{"level":"error","message":"Database connection error:","timestamp":"2024-09-10T15:11:49.289Z"}
{"level":"info","message":"Server is running on port 4000","timestamp":"2024-09-10T15:13:02.775Z"}
{"level":"error","message":"Database connection error:","timestamp":"2024-09-10T15:13:02.882Z"}
{"level":"info","message":"Server is running on port 4000","timestamp":"2024-09-10T15:14:06.072Z"}
{"level":"error","message":"Database connection error:","timestamp":"2024-09-10T15:14:06.177Z"}
{"level":"info","message":"Database created or already exists","timestamp":"2024-09-10T15:16:50.117Z"}
{"level":"info","message":"Connected to the Caterorange DB","timestamp":"2024-09-10T15:16:50.348Z"}
{"level":"info","message":"Tables created successfully","timestamp":"2024-09-10T15:16:50.927Z"}
{"level":"info","message":"Server is running on port 4000","timestamp":"2024-09-10T15:16:50.949Z"}
{"level":"info","message":"Database created or already exists","timestamp":"2024-09-10T15:17:33.397Z"}
{"level":"info","message":"Connected to the Caterorange DB","timestamp":"2024-09-10T15:17:33.633Z"}
{"level":"info","message":"Tables created successfully","timestamp":"2024-09-10T15:17:33.966Z"}
{"level":"info","message":"Server is running on port 4000","timestamp":"2024-09-10T15:17:33.977Z"}
{"level":"info","message":"Database created or already exists","timestamp":"2024-09-10T15:17:42.527Z"}
{"level":"info","message":"Connected to the Caterorange DB","timestamp":"2024-09-10T15:17:42.627Z"}
{"level":"info","message":"Tables created successfully","timestamp":"2024-09-10T15:17:42.643Z"}
{"level":"info","message":"Server is running on port 4000","timestamp":"2024-09-10T15:17:42.656Z"}
{"level":"info","message":"Database created or already exists","timestamp":"2024-09-10T15:18:29.189Z"}
{"level":"info","message":"Connected to the Caterorange DB","timestamp":"2024-09-10T15:18:29.290Z"}
{"level":"info","message":"Tables created successfully","timestamp":"2024-09-10T15:18:29.305Z"}
{"level":"info","message":"Server is running on port 4000","timestamp":"2024-09-10T15:18:29.317Z"}
{"level":"info","message":"Database created or already exists","timestamp":"2024-09-10T15:20:03.604Z"}
{"level":"info","message":"Connected to the Caterorange DB","timestamp":"2024-09-10T15:20:03.697Z"}
{"level":"info","message":"Tables created successfully","timestamp":"2024-09-10T15:20:03.713Z"}
{"level":"info","message":"Server is running on port 4000","timestamp":"2024-09-10T15:20:03.725Z"}
{"0":"E","1":"r","10":"L","100":"i","101":"o","102":"n","103":" ","104":"(","105":"/","106":"h","107":"o","108":"m","109":"e","11":":","110":"/","111":"s","112":"i","113":"r","114":"i","115":"s","116":"h","117":"a","118":"/","119":"D","12":" ","120":"e","121":"s","122":"k","123":"t","124":"o","125":"p","126":"/","127":"C","128":"a","129":"t","13":"S","130":"e","131":"r","132":"O","133":"r","134":"a","135":"n","136":"g","137":"e","138":"/","139":"C","14":"C","140":"a","141":"t","142":"e","143":"r","144":"O","145":"r","146":"a","147":"n","148":"g","149":"e","15":"R","150":"/","151":"B","152":"a","153":"c","154":"k","155":"e","156":"n","157":"d","158":"/","159":"s","16":"A","160":"r","161":"c","162":"/","163":"n","164":"o","165":"d","166":"e","167":"_","168":"m","169":"o","17":"M","170":"d","171":"u","172":"l","173":"e","174":"s","175":"/","176":"p","177":"g","178":"/","179":"l","18":"-","180":"i","181":"b","182":"/","183":"c","184":"r","185":"y","186":"p","187":"t","188":"o","189":"/","19":"S","190":"s","191":"a","192":"s","193":"l","194":".","195":"j","196":"s","197":":","198":"2","199":"4","2":"r","20":"E","200":":","201":"1","202":"1","203":")","204":"\n","205":" ","206":" ","207":" ","208":" ","209":"a","21":"R","210":"t","211":" ","212":"C","213":"l","214":"i","215":"e","216":"n","217":"t","218":".","219":"_","22":"V","220":"h","221":"a","222":"n","223":"d","224":"l","225":"e","226":"A","227":"u","228":"t","229":"h","23":"E","230":"S","231":"A","232":"S","233":"L","234":"C","235":"o","236":"n","237":"t","238":"i","239":"n","24":"R","240":"u","241":"e","242":" ","243":"(","244":"/","245":"h","246":"o","247":"m","248":"e","249":"/","25":"-","250":"s","251":"i","252":"r","253":"i","254":"s","255":"h","256":"a","257":"/","258":"D","259":"e","26":"F","260":"s","261":"k","262":"t","263":"o","264":"p","265":"/","266":"C","267":"a","268":"t","269":"e","27":"I","270":"r","271":"O","272":"r","273":"a","274":"n","275":"g","276":"e","277":"/","278":"C","279":"a","28":"R","280":"t","281":"e","282":"r","283":"O","284":"r","285":"a","286":"n","287":"g","288":"e","289":"/","29":"S","290":"B","291":"a","292":"c","293":"k","294":"e","295":"n","296":"d","297":"/","298":"s","299":"r","3":"o","30":"T","300":"c","301":"/","302":"n","303":"o","304":"d","305":"e","306":"_","307":"m","308":"o","309":"d","31":"-","310":"u","311":"l","312":"e","313":"s","314":"/","315":"p","316":"g","317":"/","318":"l","319":"i","32":"M","320":"b","321":"/","322":"c","323":"l","324":"i","325":"e","326":"n","327":"t","328":".","329":"j","33":"E","330":"s","331":":","332":"2","333":"7","334":"2","335":":","336":"1","337":"8","338":")","339":"\n","34":"S","340":" ","341":" ","342":" ","343":" ","344":"a","345":"t","346":" ","347":"C","348":"o","349":"n","35":"S","350":"n","351":"e","352":"c","353":"t","354":"i","355":"o","356":"n","357":".","358":"e","359":"m","36":"A","360":"i","361":"t","362":" ","363":"(","364":"n","365":"o","366":"d","367":"e","368":":","369":"e","37":"G","370":"v","371":"e","372":"n","373":"t","374":"s","375":":","376":"5","377":"1","378":"9","379":":","38":"E","380":"2","381":"8","382":")","383":"\n","384":" ","385":" ","386":" ","387":" ","388":"a","389":"t","39":":","390":" ","391":"/","392":"h","393":"o","394":"m","395":"e","396":"/","397":"s","398":"i","399":"r","4":"r","40":" ","400":"i","401":"s","402":"h","403":"a","404":"/","405":"D","406":"e","407":"s","408":"k","409":"t","41":"c","410":"o","411":"p","412":"/","413":"C","414":"a","415":"t","416":"e","417":"r","418":"O","419":"r","42":"l","420":"a","421":"n","422":"g","423":"e","424":"/","425":"C","426":"a","427":"t","428":"e","429":"r","43":"i","430":"O","431":"r","432":"a","433":"n","434":"g","435":"e","436":"/","437":"B","438":"a","439":"c","44":"e","440":"k","441":"e","442":"n","443":"d","444":"/","445":"s","446":"r","447":"c","448":"/","449":"n","45":"n","450":"o","451":"d","452":"e","453":"_","454":"m","455":"o","456":"d","457":"u","458":"l","459":"e","46":"t","460":"s","461":"/","462":"p","463":"g","464":"/","465":"l","466":"i","467":"b","468":"/","469":"c","47":" ","470":"o","471":"n","472":"n","473":"e","474":"c","475":"t","476":"i","477":"o","478":"n","479":".","48":"p","480":"j","481":"s","482":":","483":"1","484":"1","485":"7","486":":","487":"1","488":"2","489":"\n","49":"a","490":" ","491":" ","492":" ","493":" ","494":"a","495":"t","496":" ","497":"P","498":"a","499":"r","5":":","50":"s","500":"s","501":"e","502":"r","503":".","504":"p","505":"a","506":"r","507":"s","508":"e","509":" ","51":"s","510":"(","511":"/","512":"h","513":"o","514":"m","515":"e","516":"/","517":"s","518":"i","519":"r","52":"w","520":"i","521":"s","522":"h","523":"a","524":"/","525":"D","526":"e","527":"s","528":"k","529":"t","53":"o","530":"o","531":"p","532":"/","533":"C","534":"a","535":"t","536":"e","537":"r","538":"O","539":"r","54":"r","540":"a","541":"n","542":"g","543":"e","544":"/","545":"C","546":"a","547":"t","548":"e","549":"r","55":"d","550":"O","551":"r","552":"a","553":"n","554":"g","555":"e","556":"/","557":"B","558":"a","559":"c","56":" ","560":"k","561":"e","562":"n","563":"d","564":"/","565":"s","566":"r","567":"c","568":"/","569":"n","57":"m","570":"o","571":"d","572":"e","573":"_","574":"m","575":"o","576":"d","577":"u","578":"l","579":"e","58":"u","580":"s","581":"/","582":"p","583":"g","584":"-","585":"p","586":"r","587":"o","588":"t","589":"o","59":"s","590":"c","591":"o","592":"l","593":"/","594":"d","595":"i","596":"s","597":"t","598":"/","599":"p","6":" ","60":"t","600":"a","601":"r","602":"s","603":"e","604":"r","605":".","606":"j","607":"s","608":":","609":"3","61":" ","610":"6","611":":","612":"1","613":"7","614":")","615":"\n","616":" ","617":" ","618":" ","619":" ","62":"b","620":"a","621":"t","622":" ","623":"S","624":"o","625":"c","626":"k","627":"e","628":"t","629":".","63":"e","630":"<","631":"a","632":"n","633":"o","634":"n","635":"y","636":"m","637":"o","638":"u","639":"s","64":" ","640":">","641":" ","642":"(","643":"/","644":"h","645":"o","646":"m","647":"e","648":"/","649":"s","65":"a","650":"i","651":"r","652":"i","653":"s","654":"h","655":"a","656":"/","657":"D","658":"e","659":"s","66":" ","660":"k","661":"t","662":"o","663":"p","664":"/","665":"C","666":"a","667":"t","668":"e","669":"r","67":"s","670":"O","671":"r","672":"a","673":"n","674":"g","675":"e","676":"/","677":"C","678":"a","679":"t","68":"t","680":"e","681":"r","682":"O","683":"r","684":"a","685":"n","686":"g","687":"e","688":"/","689":"B","69":"r","690":"a","691":"c","692":"k","693":"e","694":"n","695":"d","696":"/","697":"s","698":"r","699":"c","7":"S","70":"i","700":"/","701":"n","702":"o","703":"d","704":"e","705":"_","706":"m","707":"o","708":"d","709":"u","71":"n","710":"l","711":"e","712":"s","713":"/","714":"p","715":"g","716":"-","717":"p","718":"r","719":"o","72":"g","720":"t","721":"o","722":"c","723":"o","724":"l","725":"/","726":"d","727":"i","728":"s","729":"t","73":"\n","730":"/","731":"i","732":"n","733":"d","734":"e","735":"x","736":".","737":"j","738":"s","739":":","74":" ","740":"1","741":"1","742":":","743":"4","744":"2","745":")","746":"\n","747":" ","748":" ","749":" ","75":" ","750":" ","751":"a","752":"t","753":" ","754":"S","755":"o","756":"c","757":"k","758":"e","759":"t","76":" ","760":".","761":"e","762":"m","763":"i","764":"t","765":" ","766":"(","767":"n","768":"o","769":"d","77":" ","770":"e","771":":","772":"e","773":"v","774":"e","775":"n","776":"t","777":"s","778":":","779":"5","78":"a","780":"1","781":"9","782":":","783":"2","784":"8","785":")","786":"\n","787":" ","788":" ","789":" ","79":"t","790":" ","791":"a","792":"t","793":" ","794":"a","795":"d","796":"d","797":"C","798":"h","799":"u","8":"A","80":" ","800":"n","801":"k","802":" ","803":"(","804":"n","805":"o","806":"d","807":"e","808":":","809":"i","81":"O","810":"n","811":"t","812":"e","813":"r","814":"n","815":"a","816":"l","817":"/","818":"s","819":"t","82":"b","820":"r","821":"e","822":"a","823":"m","824":"s","825":"/","826":"r","827":"e","828":"a","829":"d","83":"j","830":"a","831":"b","832":"l","833":"e","834":":","835":"5","836":"5","837":"9","838":":","839":"1","84":"e","840":"2","841":")","842":"\n","843":" ","844":" ","845":" ","846":" ","847":"a","848":"t","849":" ","85":"c","850":"r","851":"e","852":"a","853":"d","854":"a","855":"b","856":"l","857":"e","858":"A","859":"d","86":"t","860":"d","861":"C","862":"h","863":"u","864":"n","865":"k","866":"P","867":"u","868":"s","869":"h","87":".","870":"B","871":"y","872":"t","873":"e","874":"M","875":"o","876":"d","877":"e","878":" ","879":"(","88":"c","880":"n","881":"o","882":"d","883":"e","884":":","885":"i","886":"n","887":"t","888":"e","889":"r","89":"o","890":"n","891":"a","892":"l","893":"/","894":"s","895":"t","896":"r","897":"e","898":"a","899":"m","9":"S","90":"n","900":"s","901":"/","902":"r","903":"e","904":"a","905":"d","906":"a","907":"b","908":"l","909":"e","91":"t","910":":","911":"5","912":"1","913":"0","914":":","915":"3","916":")","917":"\n","918":" ","919":" ","92":"i","920":" ","921":" ","922":"a","923":"t","924":" ","925":"R","926":"e","927":"a","928":"d","929":"a","93":"n","930":"b","931":"l","932":"e","933":".","934":"p","935":"u","936":"s","937":"h","938":" ","939":"(","94":"u","940":"n","941":"o","942":"d","943":"e","944":":","945":"i","946":"n","947":"t","948":"e","949":"r","95":"e","950":"n","951":"a","952":"l","953":"/","954":"s","955":"t","956":"r","957":"e","958":"a","959":"m","96":"S","960":"s","961":"/","962":"r","963":"e","964":"a","965":"d","966":"a","967":"b","968":"l","969":"e","97":"e","970":":","971":"3","972":"9","973":"0","974":":","975":"5","976":")","98":"s","99":"s","level":"error","message":"Error creating database:","timestamp":"2024-09-11 10:37:45"}
{"0":"E","1":"r","10":"L","100":"i","101":"o","102":"n","103":" ","104":"(","105":"/","106":"h","107":"o","108":"m","109":"e","11":":","110":"/","111":"s","112":"i","113":"r","114":"i","115":"s","116":"h","117":"a","118":"/","119":"D","12":" ","120":"e","121":"s","122":"k","123":"t","124":"o","125":"p","126":"/","127":"C","128":"a","129":"t","13":"S","130":"e","131":"r","132":"O","133":"r","134":"a","135":"n","136":"g","137":"e","138":"/","139":"C","14":"C","140":"a","141":"t","142":"e","143":"r","144":"O","145":"r","146":"a","147":"n","148":"g","149":"e","15":"R","150":"/","151":"B","152":"a","153":"c","154":"k","155":"e","156":"n","157":"d","158":"/","159":"s","16":"A","160":"r","161":"c","162":"/","163":"n","164":"o","165":"d","166":"e","167":"_","168":"m","169":"o","17":"M","170":"d","171":"u","172":"l","173":"e","174":"s","175":"/","176":"p","177":"g","178":"/","179":"l","18":"-","180":"i","181":"b","182":"/","183":"c","184":"r","185":"y","186":"p","187":"t","188":"o","189":"/","19":"S","190":"s","191":"a","192":"s","193":"l","194":".","195":"j","196":"s","197":":","198":"2","199":"4","2":"r","20":"E","200":":","201":"1","202":"1","203":")","204":"\n","205":" ","206":" ","207":" ","208":" ","209":"a","21":"R","210":"t","211":" ","212":"C","213":"l","214":"i","215":"e","216":"n","217":"t","218":".","219":"_","22":"V","220":"h","221":"a","222":"n","223":"d","224":"l","225":"e","226":"A","227":"u","228":"t","229":"h","23":"E","230":"S","231":"A","232":"S","233":"L","234":"C","235":"o","236":"n","237":"t","238":"i","239":"n","24":"R","240":"u","241":"e","242":" ","243":"(","244":"/","245":"h","246":"o","247":"m","248":"e","249":"/","25":"-","250":"s","251":"i","252":"r","253":"i","254":"s","255":"h","256":"a","257":"/","258":"D","259":"e","26":"F","260":"s","261":"k","262":"t","263":"o","264":"p","265":"/","266":"C","267":"a","268":"t","269":"e","27":"I","270":"r","271":"O","272":"r","273":"a","274":"n","275":"g","276":"e","277":"/","278":"C","279":"a","28":"R","280":"t","281":"e","282":"r","283":"O","284":"r","285":"a","286":"n","287":"g","288":"e","289":"/","29":"S","290":"B","291":"a","292":"c","293":"k","294":"e","295":"n","296":"d","297":"/","298":"s","299":"r","3":"o","30":"T","300":"c","301":"/","302":"n","303":"o","304":"d","305":"e","306":"_","307":"m","308":"o","309":"d","31":"-","310":"u","311":"l","312":"e","313":"s","314":"/","315":"p","316":"g","317":"/","318":"l","319":"i","32":"M","320":"b","321":"/","322":"c","323":"l","324":"i","325":"e","326":"n","327":"t","328":".","329":"j","33":"E","330":"s","331":":","332":"2","333":"7","334":"2","335":":","336":"1","337":"8","338":")","339":"\n","34":"S","340":" ","341":" ","342":" ","343":" ","344":"a","345":"t","346":" ","347":"C","348":"o","349":"n","35":"S","350":"n","351":"e","352":"c","353":"t","354":"i","355":"o","356":"n","357":".","358":"e","359":"m","36":"A","360":"i","361":"t","362":" ","363":"(","364":"n","365":"o","366":"d","367":"e","368":":","369":"e","37":"G","370":"v","371":"e","372":"n","373":"t","374":"s","375":":","376":"5","377":"1","378":"9","379":":","38":"E","380":"2","381":"8","382":")","383":"\n","384":" ","385":" ","386":" ","387":" ","388":"a","389":"t","39":":","390":" ","391":"/","392":"h","393":"o","394":"m","395":"e","396":"/","397":"s","398":"i","399":"r","4":"r","40":" ","400":"i","401":"s","402":"h","403":"a","404":"/","405":"D","406":"e","407":"s","408":"k","409":"t","41":"c","410":"o","411":"p","412":"/","413":"C","414":"a","415":"t","416":"e","417":"r","418":"O","419":"r","42":"l","420":"a","421":"n","422":"g","423":"e","424":"/","425":"C","426":"a","427":"t","428":"e","429":"r","43":"i","430":"O","431":"r","432":"a","433":"n","434":"g","435":"e","436":"/","437":"B","438":"a","439":"c","44":"e","440":"k","441":"e","442":"n","443":"d","444":"/","445":"s","446":"r","447":"c","448":"/","449":"n","45":"n","450":"o","451":"d","452":"e","453":"_","454":"m","455":"o","456":"d","457":"u","458":"l","459":"e","46":"t","460":"s","461":"/","462":"p","463":"g","464":"/","465":"l","466":"i","467":"b","468":"/","469":"c","47":" ","470":"o","471":"n","472":"n","473":"e","474":"c","475":"t","476":"i","477":"o","478":"n","479":".","48":"p","480":"j","481":"s","482":":","483":"1","484":"1","485":"7","486":":","487":"1","488":"2","489":"\n","49":"a","490":" ","491":" ","492":" ","493":" ","494":"a","495":"t","496":" ","497":"P","498":"a","499":"r","5":":","50":"s","500":"s","501":"e","502":"r","503":".","504":"p","505":"a","506":"r","507":"s","508":"e","509":" ","51":"s","510":"(","511":"/","512":"h","513":"o","514":"m","515":"e","516":"/","517":"s","518":"i","519":"r","52":"w","520":"i","521":"s","522":"h","523":"a","524":"/","525":"D","526":"e","527":"s","528":"k","529":"t","53":"o","530":"o","531":"p","532":"/","533":"C","534":"a","535":"t","536":"e","537":"r","538":"O","539":"r","54":"r","540":"a","541":"n","542":"g","543":"e","544":"/","545":"C","546":"a","547":"t","548":"e","549":"r","55":"d","550":"O","551":"r","552":"a","553":"n","554":"g","555":"e","556":"/","557":"B","558":"a","559":"c","56":" ","560":"k","561":"e","562":"n","563":"d","564":"/","565":"s","566":"r","567":"c","568":"/","569":"n","57":"m","570":"o","571":"d","572":"e","573":"_","574":"m","575":"o","576":"d","577":"u","578":"l","579":"e","58":"u","580":"s","581":"/","582":"p","583":"g","584":"-","585":"p","586":"r","587":"o","588":"t","589":"o","59":"s","590":"c","591":"o","592":"l","593":"/","594":"d","595":"i","596":"s","597":"t","598":"/","599":"p","6":" ","60":"t","600":"a","601":"r","602":"s","603":"e","604":"r","605":".","606":"j","607":"s","608":":","609":"3","61":" ","610":"6","611":":","612":"1","613":"7","614":")","615":"\n","616":" ","617":" ","618":" ","619":" ","62":"b","620":"a","621":"t","622":" ","623":"S","624":"o","625":"c","626":"k","627":"e","628":"t","629":".","63":"e","630":"<","631":"a","632":"n","633":"o","634":"n","635":"y","636":"m","637":"o","638":"u","639":"s","64":" ","640":">","641":" ","642":"(","643":"/","644":"h","645":"o","646":"m","647":"e","648":"/","649":"s","65":"a","650":"i","651":"r","652":"i","653":"s","654":"h","655":"a","656":"/","657":"D","658":"e","659":"s","66":" ","660":"k","661":"t","662":"o","663":"p","664":"/","665":"C","666":"a","667":"t","668":"e","669":"r","67":"s","670":"O","671":"r","672":"a","673":"n","674":"g","675":"e","676":"/","677":"C","678":"a","679":"t","68":"t","680":"e","681":"r","682":"O","683":"r","684":"a","685":"n","686":"g","687":"e","688":"/","689":"B","69":"r","690":"a","691":"c","692":"k","693":"e","694":"n","695":"d","696":"/","697":"s","698":"r","699":"c","7":"S","70":"i","700":"/","701":"n","702":"o","703":"d","704":"e","705":"_","706":"m","707":"o","708":"d","709":"u","71":"n","710":"l","711":"e","712":"s","713":"/","714":"p","715":"g","716":"-","717":"p","718":"r","719":"o","72":"g","720":"t","721":"o","722":"c","723":"o","724":"l","725":"/","726":"d","727":"i","728":"s","729":"t","73":"\n","730":"/","731":"i","732":"n","733":"d","734":"e","735":"x","736":".","737":"j","738":"s","739":":","74":" ","740":"1","741":"1","742":":","743":"4","744":"2","745":")","746":"\n","747":" ","748":" ","749":" ","75":" ","750":" ","751":"a","752":"t","753":" ","754":"S","755":"o","756":"c","757":"k","758":"e","759":"t","76":" ","760":".","761":"e","762":"m","763":"i","764":"t","765":" ","766":"(","767":"n","768":"o","769":"d","77":" ","770":"e","771":":","772":"e","773":"v","774":"e","775":"n","776":"t","777":"s","778":":","779":"5","78":"a","780":"1","781":"9","782":":","783":"2","784":"8","785":")","786":"\n","787":" ","788":" ","789":" ","79":"t","790":" ","791":"a","792":"t","793":" ","794":"a","795":"d","796":"d","797":"C","798":"h","799":"u","8":"A","80":" ","800":"n","801":"k","802":" ","803":"(","804":"n","805":"o","806":"d","807":"e","808":":","809":"i","81":"O","810":"n","811":"t","812":"e","813":"r","814":"n","815":"a","816":"l","817":"/","818":"s","819":"t","82":"b","820":"r","821":"e","822":"a","823":"m","824":"s","825":"/","826":"r","827":"e","828":"a","829":"d","83":"j","830":"a","831":"b","832":"l","833":"e","834":":","835":"5","836":"5","837":"9","838":":","839":"1","84":"e","840":"2","841":")","842":"\n","843":" ","844":" ","845":" ","846":" ","847":"a","848":"t","849":" ","85":"c","850":"r","851":"e","852":"a","853":"d","854":"a","855":"b","856":"l","857":"e","858":"A","859":"d","86":"t","860":"d","861":"C","862":"h","863":"u","864":"n","865":"k","866":"P","867":"u","868":"s","869":"h","87":".","870":"B","871":"y","872":"t","873":"e","874":"M","875":"o","876":"d","877":"e","878":" ","879":"(","88":"c","880":"n","881":"o","882":"d","883":"e","884":":","885":"i","886":"n","887":"t","888":"e","889":"r","89":"o","890":"n","891":"a","892":"l","893":"/","894":"s","895":"t","896":"r","897":"e","898":"a","899":"m","9":"S","90":"n","900":"s","901":"/","902":"r","903":"e","904":"a","905":"d","906":"a","907":"b","908":"l","909":"e","91":"t","910":":","911":"5","912":"1","913":"0","914":":","915":"3","916":")","917":"\n","918":" ","919":" ","92":"i","920":" ","921":" ","922":"a","923":"t","924":" ","925":"R","926":"e","927":"a","928":"d","929":"a","93":"n","930":"b","931":"l","932":"e","933":".","934":"p","935":"u","936":"s","937":"h","938":" ","939":"(","94":"u","940":"n","941":"o","942":"d","943":"e","944":":","945":"i","946":"n","947":"t","948":"e","949":"r","95":"e","950":"n","951":"a","952":"l","953":"/","954":"s","955":"t","956":"r","957":"e","958":"a","959":"m","96":"S","960":"s","961":"/","962":"r","963":"e","964":"a","965":"d","966":"a","967":"b","968":"l","969":"e","97":"e","970":":","971":"3","972":"9","973":"0","974":":","975":"5","976":")","98":"s","99":"s","level":"error","message":"Error creating database:","timestamp":"2024-09-11 10:40:52"}
{"level":"info","message":"Database created or already exists","timestamp":"2024-09-11 10:40:52"}
{"0":"S","1":"A","10":"M","11":"-","12":"S","13":"E","14":"R","15":"V","16":"E","17":"R","18":"-","19":"F","2":"S","20":"I","21":"R","22":"S","23":"T","24":"-","25":"M","26":"E","27":"S","28":"S","29":"A","3":"L","30":"G","31":"E","32":":","33":" ","34":"c","35":"l","36":"i","37":"e","38":"n","39":"t","4":":","40":" ","41":"p","42":"a","43":"s","44":"s","45":"w","46":"o","47":"r","48":"d","49":" ","5":" ","50":"m","51":"u","52":"s","53":"t","54":" ","55":"b","56":"e","57":" ","58":"a","59":" ","6":"S","60":"s","61":"t","62":"r","63":"i","64":"n","65":"g","7":"C","8":"R","9":"A","level":"error","message":"Initialization error:","timestamp":"2024-09-11 10:40:52"}
{"level":"info","message":"Database created or already exists","timestamp":"2024-09-11 10:42:56"}
{"level":"info","message":"Connected to the Caterorange DB","timestamp":"2024-09-11 10:42:56"}
{"level":"info","message":"Tables created successfully","timestamp":"2024-09-11 10:43:01"}
{"level":"info","message":"Server is running on port 4000","timestamp":"2024-09-11 10:43:01"}
{"level":"info","message":"Database created or already exists","timestamp":"2024-09-11 11:20:32"}
{"level":"info","message":"Connected to the Caterorange DB","timestamp":"2024-09-11 11:20:33"}
{"level":"info","message":"Tables created successfully","timestamp":"2024-09-11 11:20:33"}
{"level":"info","message":"Server is running on port 4000","timestamp":"2024-09-11 11:20:33"}
{"level":"info","message":"Database created or already exists","timestamp":"2024-09-11 11:27:38"}
{"level":"info","message":"Connected to the Caterorange DB","timestamp":"2024-09-11 11:27:38"}
{"level":"info","message":"Tables created successfully","timestamp":"2024-09-11 11:27:38"}
{"level":"info","message":"Server is running on port 4000","timestamp":"2024-09-11 11:27:38"}
{"level":"info","message":"Database created or already exists","timestamp":"2024-09-11 11:32:28"}
{"level":"info","message":"Connected to the Caterorange DB","timestamp":"2024-09-11 11:32:28"}
{"level":"info","message":"Tables created successfully","timestamp":"2024-09-11 11:32:28"}
{"level":"info","message":"Server is running on port 4000","timestamp":"2024-09-11 11:32:28"}
{"error":"Cannot destructure property 'customer_name' of 'req.body' as it is undefined.","level":"error","message":"Error during customer registration","timestamp":"2024-09-11 11:33:11"}
{"error":"Cannot destructure property 'customer_name' of 'req.body' as it is undefined.","level":"error","message":"Error during customer registration","timestamp":"2024-09-11 11:33:23"}
{"error":"Cannot destructure property 'customer_name' of 'req.body' as it is undefined.","level":"error","message":"Error during customer registration","timestamp":"2024-09-11 11:33:47"}
{"level":"info","message":"Database created or already exists","timestamp":"2024-09-11 11:35:01"}
{"level":"info","message":"Connected to the Caterorange DB","timestamp":"2024-09-11 11:35:01"}
{"level":"info","message":"Tables created successfully","timestamp":"2024-09-11 11:35:01"}
{"level":"info","message":"Server is running on port 4000","timestamp":"2024-09-11 11:35:01"}
{"customer_email":"sirisha@gmail.com","level":"info","message":"User data added successfully","timestamp":"2024-09-11 11:35:13"}
{"customer_email":"sirisha@gmail.com","level":"info","message":"Customer registered successfully","timestamp":"2024-09-11 11:35:13"}
{"customer_email":"om@gmail.com","level":"warn","message":"No user data found for email","timestamp":"2024-09-11 11:36:40"}
{"customer_email":"om@gmail.com","level":"warn","message":"Invalid login attempt","timestamp":"2024-09-11 11:36:40"}
{"customer_email":"sirisha@gmail.com","level":"info","message":"User data retrieved successfully","timestamp":"2024-09-11 11:37:11"}
{"customer_email":"sirisha@gmail.com","level":"warn","message":"Invalid login attempt","timestamp":"2024-09-11 11:37:11"}
{"customer_email":"sirisha@gmail.com","level":"info","message":"User data retrieved successfully","timestamp":"2024-09-11 11:37:24"}
{"level":"info","message":"Token verified successfully","timestamp":"2024-09-11 11:37:24","token":{"email":"sirisha@gmail.com","exp":1726121113,"iat":1726034713}}
{"level":"info","message":"New token generated","timestamp":"2024-09-11 11:39:42","token":"eyJhbGciOiJIUzI1NiIsInR5cCI6IkpXVCJ9.eyJlbWFpbCI6InNpcmlzaGFAZ21haWwuY29tIiwiaWF0IjoxNzI2MDM0OTgyLCJleHAiOjE3MjYxMjEzODJ9.HKScfBpdXTt5d8RWt2hiOlYOXck1reLoGBsLHGNQjRI"}
{"customer_email":"sirisha@gmail.com","level":"info","message":"Customer password updated successfully","timestamp":"2024-09-11 11:39:42"}
