{"level":"info","message":"Server is running on port undefined","timestamp":"2024-09-10T14:10:29.041Z"}
{"level":"error","message":"Database connection error:","timestamp":"2024-09-10T14:10:29.391Z"}
{"level":"info","message":"Server is running on port undefined","timestamp":"2024-09-10T14:11:03.718Z"}
{"level":"error","message":"Database connection error:","timestamp":"2024-09-10T14:11:03.834Z"}
{"level":"info","message":"Server is running on port undefined","timestamp":"2024-09-10T14:11:14.990Z"}
{"level":"error","message":"Database connection error:","timestamp":"2024-09-10T14:11:15.092Z"}
{"level":"info","message":"Server is running on port undefined","timestamp":"2024-09-10T14:12:47.459Z"}
{"level":"error","message":"Database connection error:","timestamp":"2024-09-10T14:12:47.614Z"}
{"level":"info","message":"Server is running on port undefined","timestamp":"2024-09-10T14:14:56.950Z"}
{"level":"error","message":"Database connection error:","timestamp":"2024-09-10T14:14:57.094Z"}
{"level":"info","message":"Server is running on port undefined","timestamp":"2024-09-10T14:15:04.601Z"}
{"level":"error","message":"Database connection error:","timestamp":"2024-09-10T14:15:04.860Z"}
{"level":"info","message":"Server is running on port 4000","timestamp":"2024-09-10T14:19:48.788Z"}
{"level":"error","message":"Database connection error:","timestamp":"2024-09-10T14:19:48.927Z"}
{"level":"info","message":"Server is running on port 4000","timestamp":"2024-09-10T14:20:09.694Z"}
{"level":"error","message":"Database connection error:","timestamp":"2024-09-10T14:20:09.814Z"}
{"level":"info","message":"Server is running on port 4000","timestamp":"2024-09-10T14:21:05.128Z"}
{"level":"error","message":"Database connection error:","timestamp":"2024-09-10T14:21:05.237Z"}
{"level":"info","message":"Server is running on port 4000","timestamp":"2024-09-10T14:22:28.462Z"}
{"level":"error","message":"Database connection error:","timestamp":"2024-09-10T14:22:28.604Z"}
{"level":"info","message":"Server is running on port 4000","timestamp":"2024-09-10T14:24:11.979Z"}
{"level":"info","message":"Connected to the Caterorange DB","timestamp":"2024-09-10T14:24:12.078Z"}
{"level":"error","message":"Error in creating Orders table","timestamp":"2024-09-10T14:24:12.383Z"}
{"level":"error","message":"Error in creating OrderDetails table","timestamp":"2024-09-10T14:24:12.407Z"}
{"level":"error","message":"Error in creating GROUPS table","timestamp":"2024-09-10T14:24:12.422Z"}
{"level":"error","message":"Error in creating Payments table","timestamp":"2024-09-10T14:24:12.456Z"}
{"level":"info","message":"Tables created successfully","timestamp":"2024-09-10T14:24:12.457Z"}
{"level":"info","message":"Server is running on port 4000","timestamp":"2024-09-10T14:26:51.537Z"}
{"level":"info","message":"Connected to the Caterorange DB","timestamp":"2024-09-10T14:26:51.774Z"}
{"level":"error","message":"Error in creating Orders table","timestamp":"2024-09-10T14:26:51.906Z"}
{"level":"error","message":"Error in creating OrderDetails table","timestamp":"2024-09-10T14:26:51.956Z"}
{"level":"error","message":"Error in creating GROUPS table","timestamp":"2024-09-10T14:26:51.994Z"}
{"level":"info","message":"Tables created successfully","timestamp":"2024-09-10T14:26:52.053Z"}
{"level":"info","message":"Server is running on port 4000","timestamp":"2024-09-10T14:27:03.879Z"}
{"level":"info","message":"Server is running on port 4000","timestamp":"2024-09-10T14:27:06.546Z"}
{"level":"info","message":"Connected to the Caterorange DB","timestamp":"2024-09-10T14:27:06.807Z"}
{"level":"info","message":"Tables created successfully","timestamp":"2024-09-10T14:27:06.978Z"}
{"level":"info","message":"Server is running on port 4000","timestamp":"2024-09-10T14:29:00.957Z"}
{"level":"info","message":"Connected to the Caterorange DB","timestamp":"2024-09-10T14:29:01.190Z"}
{"level":"info","message":"Tables created successfully","timestamp":"2024-09-10T14:29:01.225Z"}
{"level":"info","message":"Server is running on port 4000","timestamp":"2024-09-10T14:29:20.936Z"}
{"level":"info","message":"Connected to the Caterorange DB","timestamp":"2024-09-10T14:29:21.089Z"}
{"level":"info","message":"Tables created successfully","timestamp":"2024-09-10T14:29:21.107Z"}
{"level":"info","message":"Server is running on port 4000","timestamp":"2024-09-10T14:29:32.925Z"}
{"level":"info","message":"Connected to the Caterorange DB","timestamp":"2024-09-10T14:29:33.037Z"}
{"level":"info","message":"Tables created successfully","timestamp":"2024-09-10T14:29:33.056Z"}
{"level":"info","message":"Server is running on port 4000","timestamp":"2024-09-10T14:40:27.878Z"}
{"level":"info","message":"Connected to the Caterorange DB","timestamp":"2024-09-10T14:40:28.108Z"}
{"level":"info","message":"Tables created successfully","timestamp":"2024-09-10T14:40:28.143Z"}
{"level":"info","message":"Server is running on port 4000","timestamp":"2024-09-10T14:40:59.617Z"}
{"level":"info","message":"Connected to the Caterorange DB","timestamp":"2024-09-10T14:40:59.951Z"}
{"level":"info","message":"Tables created successfully","timestamp":"2024-09-10T14:40:59.993Z"}
{"level":"error","message":"Error in creating category table","timestamp":"2024-09-10T14:45:30.919Z"}
{"level":"error","message":"Error in creating GROUPS table","timestamp":"2024-09-10T14:45:30.926Z"}
{"level":"error","message":"Error in creating Customer table","timestamp":"2024-09-10T14:45:30.928Z"}
{"level":"error","message":"Error in creating Deliveries table","timestamp":"2024-09-10T14:45:30.930Z"}
{"level":"error","message":"Error in creating ITEMS table","timestamp":"2024-09-10T14:45:30.932Z"}
{"level":"error","message":"Error in creating Addresses table","timestamp":"2024-09-10T14:45:30.933Z"}
{"level":"error","message":"Error in creating Logistics table","timestamp":"2024-09-10T14:45:30.934Z"}
{"level":"error","message":"Error in creating Drivers table","timestamp":"2024-09-10T14:45:30.936Z"}
{"level":"error","message":"Error in creating Vendors table","timestamp":"2024-09-10T14:45:30.937Z"}
{"level":"error","message":"Error in creating Payments table","timestamp":"2024-09-10T14:45:30.938Z"}
{"level":"error","message":"Error in creating Orders table","timestamp":"2024-09-10T14:45:30.940Z"}
{"level":"error","message":"Error in creating OrderDetails table","timestamp":"2024-09-10T14:45:30.941Z"}
{"level":"error","message":"Error in creating GROUPS table","timestamp":"2024-09-10T14:45:30.942Z"}
{"level":"info","message":"Server is running on port 4000","timestamp":"2024-09-10T14:45:30.957Z"}
{"level":"info","message":"Tables created successfully","timestamp":"2024-09-10T14:45:30.958Z"}
{"level":"error","message":"Database connection error:","timestamp":"2024-09-10T14:45:31.162Z"}
{"level":"error","message":"Error in creating category table","timestamp":"2024-09-10T14:47:01.156Z"}
{"level":"error","message":"Error in creating GROUPS table","timestamp":"2024-09-10T14:47:01.178Z"}
{"level":"error","message":"Error in creating Customer table","timestamp":"2024-09-10T14:47:01.183Z"}
{"level":"error","message":"Error in creating Deliveries table","timestamp":"2024-09-10T14:47:01.188Z"}
{"level":"error","message":"Error in creating ITEMS table","timestamp":"2024-09-10T14:47:01.191Z"}
{"level":"error","message":"Error in creating Addresses table","timestamp":"2024-09-10T14:47:01.193Z"}
{"level":"error","message":"Error in creating Logistics table","timestamp":"2024-09-10T14:47:01.196Z"}
{"level":"error","message":"Error in creating Drivers table","timestamp":"2024-09-10T14:47:01.199Z"}
{"level":"error","message":"Error in creating Vendors table","timestamp":"2024-09-10T14:47:01.202Z"}
{"level":"error","message":"Error in creating Payments table","timestamp":"2024-09-10T14:47:01.207Z"}
{"level":"error","message":"Error in creating Orders table","timestamp":"2024-09-10T14:47:01.209Z"}
{"level":"error","message":"Error in creating OrderDetails table","timestamp":"2024-09-10T14:47:01.213Z"}
{"level":"error","message":"Error in creating GROUPS table","timestamp":"2024-09-10T14:47:01.216Z"}
{"level":"info","message":"Server is running on port 4000","timestamp":"2024-09-10T14:47:01.251Z"}
{"level":"info","message":"Tables created successfully","timestamp":"2024-09-10T14:47:01.253Z"}
{"level":"info","message":"Connected to the Caterorange DB","timestamp":"2024-09-10T14:47:01.549Z"}
{"level":"error","message":"Error in creating category table","timestamp":"2024-09-10T14:47:46.104Z"}
{"level":"error","message":"Error in creating GROUPS table","timestamp":"2024-09-10T14:47:46.124Z"}
{"level":"error","message":"Error in creating Customer table","timestamp":"2024-09-10T14:47:46.128Z"}
{"level":"error","message":"Error in creating Deliveries table","timestamp":"2024-09-10T14:47:46.134Z"}
{"level":"error","message":"Error in creating ITEMS table","timestamp":"2024-09-10T14:47:46.137Z"}
{"level":"error","message":"Error in creating Addresses table","timestamp":"2024-09-10T14:47:46.139Z"}
{"level":"error","message":"Error in creating Logistics table","timestamp":"2024-09-10T14:47:46.142Z"}
{"level":"error","message":"Error in creating Drivers table","timestamp":"2024-09-10T14:47:46.145Z"}
{"level":"error","message":"Error in creating Vendors table","timestamp":"2024-09-10T14:47:46.148Z"}
{"level":"error","message":"Error in creating Payments table","timestamp":"2024-09-10T14:47:46.152Z"}
{"level":"error","message":"Error in creating Orders table","timestamp":"2024-09-10T14:47:46.155Z"}
{"level":"error","message":"Error in creating OrderDetails table","timestamp":"2024-09-10T14:47:46.159Z"}
{"level":"error","message":"Error in creating GROUPS table","timestamp":"2024-09-10T14:47:46.162Z"}
{"level":"info","message":"Server is running on port 4000","timestamp":"2024-09-10T14:47:46.196Z"}
{"level":"info","message":"Tables created successfully","timestamp":"2024-09-10T14:47:46.198Z"}
{"level":"info","message":"Connected to the Caterorange DB","timestamp":"2024-09-10T14:47:46.473Z"}
{"level":"error","message":"Error in creating category table","timestamp":"2024-09-10T14:48:35.884Z"}
{"level":"error","message":"Error in creating GROUPS table","timestamp":"2024-09-10T14:48:35.891Z"}
{"level":"error","message":"Error in creating Customer table","timestamp":"2024-09-10T14:48:35.893Z"}
{"level":"error","message":"Error in creating Deliveries table","timestamp":"2024-09-10T14:48:35.897Z"}
{"level":"error","message":"Error in creating ITEMS table","timestamp":"2024-09-10T14:48:35.898Z"}
{"level":"error","message":"Error in creating Addresses table","timestamp":"2024-09-10T14:48:35.899Z"}
{"level":"error","message":"Error in creating Logistics table","timestamp":"2024-09-10T14:48:35.900Z"}
{"level":"error","message":"Error in creating Drivers table","timestamp":"2024-09-10T14:48:35.902Z"}
{"level":"error","message":"Error in creating Vendors table","timestamp":"2024-09-10T14:48:35.903Z"}
{"level":"error","message":"Error in creating Payments table","timestamp":"2024-09-10T14:48:35.905Z"}
{"level":"error","message":"Error in creating Orders table","timestamp":"2024-09-10T14:48:35.906Z"}
{"level":"error","message":"Error in creating OrderDetails table","timestamp":"2024-09-10T14:48:35.907Z"}
{"level":"error","message":"Error in creating GROUPS table","timestamp":"2024-09-10T14:48:35.908Z"}
{"level":"info","message":"Server is running on port 4000","timestamp":"2024-09-10T14:48:35.923Z"}
{"level":"info","message":"Tables created successfully","timestamp":"2024-09-10T14:48:35.924Z"}
{"level":"info","message":"Connected to the Caterorange DB","timestamp":"2024-09-10T14:48:36.042Z"}
{"level":"error","message":"Error in creating category table","timestamp":"2024-09-10T14:49:01.001Z"}
{"level":"error","message":"Error in creating GROUPS table","timestamp":"2024-09-10T14:49:01.018Z"}
{"level":"error","message":"Error in creating Customer table","timestamp":"2024-09-10T14:49:01.021Z"}
{"level":"error","message":"Error in creating Deliveries table","timestamp":"2024-09-10T14:49:01.024Z"}
{"level":"error","message":"Error in creating ITEMS table","timestamp":"2024-09-10T14:49:01.025Z"}
{"level":"error","message":"Error in creating Addresses table","timestamp":"2024-09-10T14:49:01.026Z"}
{"level":"error","message":"Error in creating Logistics table","timestamp":"2024-09-10T14:49:01.028Z"}
{"level":"error","message":"Error in creating Drivers table","timestamp":"2024-09-10T14:49:01.029Z"}
{"level":"error","message":"Error in creating Vendors table","timestamp":"2024-09-10T14:49:01.030Z"}
{"level":"error","message":"Error in creating Payments table","timestamp":"2024-09-10T14:49:01.033Z"}
{"level":"error","message":"Error in creating Orders table","timestamp":"2024-09-10T14:49:01.035Z"}
{"level":"error","message":"Error in creating OrderDetails table","timestamp":"2024-09-10T14:49:01.036Z"}
{"level":"error","message":"Error in creating GROUPS table","timestamp":"2024-09-10T14:49:01.038Z"}
{"level":"info","message":"Server is running on port 4000","timestamp":"2024-09-10T14:49:01.060Z"}
{"level":"info","message":"Tables created successfully","timestamp":"2024-09-10T14:49:01.062Z"}
{"level":"info","message":"Connected to the Caterorange DB","timestamp":"2024-09-10T14:49:01.184Z"}
{"level":"info","message":"Server is running on port 4000","timestamp":"2024-09-10T14:49:25.843Z"}
{"level":"info","message":"Connected to the Caterorange DB","timestamp":"2024-09-10T14:49:25.948Z"}
{"level":"info","message":"Tables created successfully","timestamp":"2024-09-10T14:49:26.322Z"}
{"level":"info","message":"Server is running on port 4000","timestamp":"2024-09-10T14:49:39.637Z"}
{"level":"info","message":"Connected to the Caterorange DB","timestamp":"2024-09-10T14:49:39.737Z"}
{"level":"info","message":"Tables created successfully","timestamp":"2024-09-10T14:49:39.752Z"}
{"level":"info","message":"Server is running on port 4000","timestamp":"2024-09-10T14:51:51.089Z"}
{"level":"error","message":"Database connection error:","timestamp":"2024-09-10T14:51:51.188Z"}
{"level":"info","message":"Server is running on port 4000","timestamp":"2024-09-10T14:52:12.543Z"}
{"level":"error","message":"Database connection error:","timestamp":"2024-09-10T14:52:12.645Z"}
{"level":"info","message":"Server is running on port 4000","timestamp":"2024-09-10T14:52:50.296Z"}
{"level":"error","message":"Database connection error:","timestamp":"2024-09-10T14:52:50.408Z"}
{"level":"info","message":"Server is running on port 4000","timestamp":"2024-09-10T14:52:56.564Z"}
{"level":"error","message":"Database connection error:","timestamp":"2024-09-10T14:52:56.755Z"}
{"level":"info","message":"Server is running on port 4000","timestamp":"2024-09-10T14:53:09.544Z"}
{"level":"error","message":"Database connection error:","timestamp":"2024-09-10T14:53:09.696Z"}
{"level":"info","message":"Server is running on port 4000","timestamp":"2024-09-10T14:54:06.359Z"}
{"level":"error","message":"Database connection error:","timestamp":"2024-09-10T14:54:06.458Z"}
{"level":"info","message":"Server is running on port 4000","timestamp":"2024-09-10T14:55:23.831Z"}
{"level":"error","message":"Database connection error:","timestamp":"2024-09-10T14:55:23.946Z"}
{"level":"info","message":"Server is running on port 4000","timestamp":"2024-09-10T14:56:18.895Z"}
{"level":"error","message":"Database connection error:","timestamp":"2024-09-10T14:56:19.007Z"}
{"level":"info","message":"Server is running on port 4000","timestamp":"2024-09-10T14:58:49.982Z"}
{"level":"error","message":"Database connection error:","timestamp":"2024-09-10T14:58:50.105Z"}
{"level":"info","message":"Server is running on port 4000","timestamp":"2024-09-10T14:58:55.770Z"}
{"level":"error","message":"Database connection error:","timestamp":"2024-09-10T14:58:55.984Z"}
{"level":"info","message":"Server is running on port 4000","timestamp":"2024-09-10T14:59:02.620Z"}
{"level":"error","message":"Database connection error:","timestamp":"2024-09-10T14:59:02.797Z"}
{"level":"info","message":"Server is running on port 4000","timestamp":"2024-09-10T15:06:25.753Z"}
{"level":"error","message":"Database connection error:","timestamp":"2024-09-10T15:06:25.994Z"}
{"level":"info","message":"Server is running on port 4000","timestamp":"2024-09-10T15:07:57.106Z"}
{"level":"error","message":"Database connection error:","timestamp":"2024-09-10T15:07:57.218Z"}
{"level":"info","message":"Server is running on port 4000","timestamp":"2024-09-10T15:10:26.157Z"}
{"level":"error","message":"Database connection error:","timestamp":"2024-09-10T15:10:26.280Z"}
{"level":"info","message":"Server is running on port 4000","timestamp":"2024-09-10T15:11:49.174Z"}
{"level":"error","message":"Database connection error:","timestamp":"2024-09-10T15:11:49.289Z"}
{"level":"info","message":"Server is running on port 4000","timestamp":"2024-09-10T15:13:02.775Z"}
{"level":"error","message":"Database connection error:","timestamp":"2024-09-10T15:13:02.882Z"}
{"level":"info","message":"Server is running on port 4000","timestamp":"2024-09-10T15:14:06.072Z"}
{"level":"error","message":"Database connection error:","timestamp":"2024-09-10T15:14:06.177Z"}
{"level":"info","message":"Database created or already exists","timestamp":"2024-09-10T15:16:50.117Z"}
{"level":"info","message":"Connected to the Caterorange DB","timestamp":"2024-09-10T15:16:50.348Z"}
{"level":"info","message":"Tables created successfully","timestamp":"2024-09-10T15:16:50.927Z"}
{"level":"info","message":"Server is running on port 4000","timestamp":"2024-09-10T15:16:50.949Z"}
{"level":"info","message":"Database created or already exists","timestamp":"2024-09-10T15:17:33.397Z"}
{"level":"info","message":"Connected to the Caterorange DB","timestamp":"2024-09-10T15:17:33.633Z"}
{"level":"info","message":"Tables created successfully","timestamp":"2024-09-10T15:17:33.966Z"}
{"level":"info","message":"Server is running on port 4000","timestamp":"2024-09-10T15:17:33.977Z"}
{"level":"info","message":"Database created or already exists","timestamp":"2024-09-10T15:17:42.527Z"}
{"level":"info","message":"Connected to the Caterorange DB","timestamp":"2024-09-10T15:17:42.627Z"}
{"level":"info","message":"Tables created successfully","timestamp":"2024-09-10T15:17:42.643Z"}
{"level":"info","message":"Server is running on port 4000","timestamp":"2024-09-10T15:17:42.656Z"}
{"level":"info","message":"Database created or already exists","timestamp":"2024-09-10T15:18:29.189Z"}
{"level":"info","message":"Connected to the Caterorange DB","timestamp":"2024-09-10T15:18:29.290Z"}
{"level":"info","message":"Tables created successfully","timestamp":"2024-09-10T15:18:29.305Z"}
{"level":"info","message":"Server is running on port 4000","timestamp":"2024-09-10T15:18:29.317Z"}
{"level":"info","message":"Database created or already exists","timestamp":"2024-09-10T15:20:03.604Z"}
{"level":"info","message":"Connected to the Caterorange DB","timestamp":"2024-09-10T15:20:03.697Z"}
{"level":"info","message":"Tables created successfully","timestamp":"2024-09-10T15:20:03.713Z"}
{"level":"info","message":"Server is running on port 4000","timestamp":"2024-09-10T15:20:03.725Z"}
{"level":"error","message":"Error creating database:","timestamp":"2024-09-13T07:42:44.565Z"}
{"level":"info","message":"Database created or already exists","timestamp":"2024-09-13T07:42:44.584Z"}
{"level":"error","message":"Initialization error:","timestamp":"2024-09-13T07:42:44.593Z"}
{"level":"error","message":"Error creating database:","timestamp":"2024-09-13T07:42:50.913Z"}
{"level":"info","message":"Database created or already exists","timestamp":"2024-09-13T07:42:50.924Z"}
{"level":"error","message":"Initialization error:","timestamp":"2024-09-13T07:42:50.934Z"}
{"level":"error","message":"Error creating database:","timestamp":"2024-09-13T07:43:20.090Z"}
{"level":"info","message":"Database created or already exists","timestamp":"2024-09-13T07:43:20.100Z"}
{"level":"error","message":"Initialization error:","timestamp":"2024-09-13T07:43:20.112Z"}
{"level":"error","message":"Error creating database:","timestamp":"2024-09-13T07:43:28.864Z"}
{"level":"info","message":"Database created or already exists","timestamp":"2024-09-13T07:43:28.872Z"}
{"level":"error","message":"Initialization error:","timestamp":"2024-09-13T07:43:28.880Z"}
{"level":"error","message":"Error creating database:","timestamp":"2024-09-13T07:43:59.901Z"}
{"level":"info","message":"Database created or already exists","timestamp":"2024-09-13T07:43:59.912Z"}
{"level":"error","message":"Initialization error:","timestamp":"2024-09-13T07:43:59.919Z"}
{"level":"error","message":"Error creating database:","timestamp":"2024-09-13T07:44:05.582Z"}
{"level":"info","message":"Database created or already exists","timestamp":"2024-09-13T07:44:05.590Z"}
{"level":"error","message":"Initialization error:","timestamp":"2024-09-13T07:44:05.597Z"}
{"level":"error","message":"Error creating database:","timestamp":"2024-09-13T07:53:23.347Z"}
{"level":"info","message":"Database created or already exists","timestamp":"2024-09-13T07:53:23.365Z"}
{"level":"error","message":"Initialization error:","timestamp":"2024-09-13T07:53:23.377Z"}
{"level":"error","message":"Error creating database:","timestamp":"2024-09-13T07:58:04.885Z"}
{"level":"info","message":"Database created or already exists","timestamp":"2024-09-13T07:58:04.899Z"}
{"level":"error","message":"Initialization error:","timestamp":"2024-09-13T07:58:04.914Z"}
{"level":"error","message":"Error creating database:","timestamp":"2024-09-13T08:01:55.894Z"}
{"level":"info","message":"Database created or already exists","timestamp":"2024-09-13T08:01:55.905Z"}
{"level":"info","message":"Connected to the Caterorange DB","timestamp":"2024-09-13T08:01:55.915Z"}
{"level":"info","message":"Tables created successfully","timestamp":"2024-09-13T08:02:34.019Z"}
{"level":"error","message":"Error creating database:","timestamp":"2024-09-13T08:02:42.796Z"}
{"level":"info","message":"Database created or already exists","timestamp":"2024-09-13T08:02:42.819Z"}
{"level":"info","message":"Connected to the Caterorange DB","timestamp":"2024-09-13T08:02:42.835Z"}
{"level":"info","message":"Tables created successfully","timestamp":"2024-09-13T08:02:42.899Z"}
{"level":"error","message":"Error creating database:","timestamp":"2024-09-13T08:09:30.788Z"}
{"level":"info","message":"Database created or already exists","timestamp":"2024-09-13T08:09:30.801Z"}
{"level":"error","message":"Initialization error:","timestamp":"2024-09-13T08:09:30.890Z"}
{"level":"error","message":"Error creating database:","timestamp":"2024-09-13T08:13:22.411Z"}
{"level":"info","message":"Database created or already exists","timestamp":"2024-09-13T08:13:22.422Z"}
{"level":"error","message":"Initialization error:","timestamp":"2024-09-13T08:13:22.529Z"}
{"level":"error","message":"Error creating database:","timestamp":"2024-09-13T08:14:51.679Z"}
{"level":"info","message":"Database created or already exists","timestamp":"2024-09-13T08:14:51.696Z"}
{"level":"error","message":"Initialization error:","timestamp":"2024-09-13T08:14:51.773Z"}
{"level":"error","message":"Error creating database:","timestamp":"2024-09-13T08:16:14.027Z"}
{"level":"info","message":"Database created or already exists","timestamp":"2024-09-13T08:16:14.044Z"}
{"level":"error","message":"Initialization error:","timestamp":"2024-09-13T08:16:14.116Z"}
{"level":"error","message":"Error creating database:","timestamp":"2024-09-13T08:17:17.755Z"}
{"level":"info","message":"Database created or already exists","timestamp":"2024-09-13T08:17:17.771Z"}
{"level":"error","message":"Initialization error:","timestamp":"2024-09-13T08:17:17.855Z"}
{"level":"info","message":"Database created or already exists","timestamp":"2024-09-13T08:18:30.654Z"}
{"level":"info","message":"Connected to the Caterorange DB","timestamp":"2024-09-13T08:18:30.759Z"}
{"level":"info","message":"Tables created successfully","timestamp":"2024-09-13T08:18:30.795Z"}
{"level":"info","message":"Server is running on port 4000","timestamp":"2024-09-13T08:18:30.804Z"}
{"level":"info","message":"Database created or already exists","timestamp":"2024-09-13T08:18:39.998Z"}
{"level":"info","message":"Connected to the Caterorange DB","timestamp":"2024-09-13T08:18:40.111Z"}
{"level":"info","message":"Tables created successfully","timestamp":"2024-09-13T08:18:40.151Z"}
{"level":"info","message":"Server is running on port 4000","timestamp":"2024-09-13T08:18:40.158Z"}
{"level":"info","message":"Database created or already exists","timestamp":"2024-09-13T08:19:25.112Z"}
{"level":"info","message":"Connected to the Caterorange DB","timestamp":"2024-09-13T08:19:25.213Z"}
{"level":"info","message":"Tables created successfully","timestamp":"2024-09-13T08:19:25.272Z"}
{"level":"info","message":"Server is running on port 4000","timestamp":"2024-09-13T08:19:25.287Z"}
{"level":"info","message":"Database created or already exists","timestamp":"2024-09-13T08:35:46.271Z"}
{"level":"info","message":"Connected to the Caterorange DB","timestamp":"2024-09-13T08:35:46.361Z"}
{"level":"info","message":"Tables created successfully","timestamp":"2024-09-13T08:35:46.403Z"}
{"level":"info","message":"Server is running on port 4000","timestamp":"2024-09-13T08:35:46.414Z"}
{"level":"info","message":"Database created or already exists","timestamp":"2024-09-13T08:36:29.737Z"}
{"level":"info","message":"Connected to the Caterorange DB","timestamp":"2024-09-13T08:36:29.838Z"}
{"level":"info","message":"Tables created successfully","timestamp":"2024-09-13T08:36:30.632Z"}
{"level":"info","message":"Server is running on port 4000","timestamp":"2024-09-13T08:36:30.643Z"}
{"level":"error","message":"Error creating database:","timestamp":"2024-09-17T09:19:59.208Z"}
{"level":"info","message":"Database created or already exists","timestamp":"2024-09-17T09:19:59.212Z"}
{"level":"error","message":"Initialization error:","timestamp":"2024-09-17T09:19:59.213Z"}
