{"filename":"task_queues","level":"info","message":"Successfully connected to Redis","timestamp":"2024-11-24T15:48:33.702Z","userId":"No userId"}
{"filename":"app.js","level":"info","message":"Database created or already exists","timestamp":"2024-11-24T15:48:33.722Z","userId":"No userId"}
{"filename":"app.js","level":"info","message":"Connected to the Caterorange DB","timestamp":"2024-11-24T15:48:33.733Z","userId":"No userId"}
{"filename":"tableController.js","level":"info","message":"Groups table created successfully","timestamp":"2024-11-24T15:48:33.736Z","userId":"No userId"}
{"filename":"tableController.js","level":"info","message":"Customer table created successfully","timestamp":"2024-11-24T15:48:33.738Z","userId":"No userId"}
{"filename":"tableController.js","level":"info","message":"Admin table created successfully","timestamp":"2024-11-24T15:48:33.741Z","userId":"No userId"}
{"filename":"tableController.js","level":"info","message":"Addresses table created successfully","timestamp":"2024-11-24T15:48:33.742Z","userId":"No userId"}
{"filename":"tableController.js","level":"info","message":"Payment table created successfully","timestamp":"2024-11-24T15:48:33.747Z","userId":"No userId"}
{"filename":"tableController.js","level":"info","message":"Corporate Orders table created successfully","timestamp":"2024-11-24T15:48:33.760Z","userId":"No userId"}
{"filename":"tableController.js","level":"info","message":"Corporate Category table created successfully","timestamp":"2024-11-24T15:48:33.766Z","userId":"No userId"}
{"filename":"tableController.js","level":"info","message":"Corporate Order Details table created successfully","timestamp":"2024-11-24T15:48:33.769Z","userId":"No userId"}
{"filename":"tableController.js","level":"info","message":"Event Orders table created successfully","timestamp":"2024-11-24T15:48:33.776Z","userId":"No userId"}
{"filename":"tableController.js","level":"info","message":"Event Category table created successfully","timestamp":"2024-11-24T15:48:33.777Z","userId":"No userId"}
{"filename":"tableController.js","level":"info","message":"Event Cart table created successfully","timestamp":"2024-11-24T15:48:33.779Z","userId":"No userId"}
{"filename":"tableController.js","level":"info","message":"Corporate Cart table created successfully","timestamp":"2024-11-24T15:48:33.784Z","userId":"No userId"}
{"filename":"tableController.js","level":"info","message":"Event Products table created successfully","timestamp":"2024-11-24T15:48:33.789Z","userId":"No userId"}
{"filename":"app.js","level":"info","message":"Tables created successfully","timestamp":"2024-11-24T15:48:33.790Z","userId":"No userId"}
{"filename":"app.js","level":"info","message":"Apollo Server started","timestamp":"2024-11-24T15:48:33.872Z","userId":"No userId"}
{"filename":"app.js","level":"info","message":"Server is running on port 4000","timestamp":"2024-11-24T15:48:33.920Z","userId":"No userId"}
{"filename":"app.js","level":"info","message":"GraphQL endpoint: http://localhost:4000/graphql","timestamp":"2024-11-24T15:48:33.920Z","userId":"No userId"}
{"filename":"task_queues","level":"info","message":"Successfully connected to Redis","timestamp":"2024-11-24T15:54:59.313Z","userId":"No userId"}
{"filename":"app.js","level":"info","message":"Database created or already exists","timestamp":"2024-11-24T15:54:59.332Z","userId":"No userId"}
{"filename":"app.js","level":"info","message":"Connected to the Caterorange DB","timestamp":"2024-11-24T15:54:59.345Z","userId":"No userId"}
{"filename":"tableController.js","level":"info","message":"Groups table created successfully","timestamp":"2024-11-24T15:54:59.348Z","userId":"No userId"}
{"filename":"tableController.js","level":"info","message":"Customer table created successfully","timestamp":"2024-11-24T15:54:59.349Z","userId":"No userId"}
{"filename":"tableController.js","level":"info","message":"Admin table created successfully","timestamp":"2024-11-24T15:54:59.351Z","userId":"No userId"}
{"filename":"tableController.js","level":"info","message":"Addresses table created successfully","timestamp":"2024-11-24T15:54:59.353Z","userId":"No userId"}
{"filename":"tableController.js","level":"info","message":"Payment table created successfully","timestamp":"2024-11-24T15:54:59.355Z","userId":"No userId"}
{"filename":"tableController.js","level":"info","message":"Corporate Orders table created successfully","timestamp":"2024-11-24T15:54:59.365Z","userId":"No userId"}
{"filename":"tableController.js","level":"info","message":"Corporate Category table created successfully","timestamp":"2024-11-24T15:54:59.369Z","userId":"No userId"}
{"filename":"tableController.js","level":"info","message":"Corporate Order Details table created successfully","timestamp":"2024-11-24T15:54:59.371Z","userId":"No userId"}
{"filename":"tableController.js","level":"info","message":"Event Orders table created successfully","timestamp":"2024-11-24T15:54:59.376Z","userId":"No userId"}
{"filename":"tableController.js","level":"info","message":"Event Category table created successfully","timestamp":"2024-11-24T15:54:59.377Z","userId":"No userId"}
{"filename":"tableController.js","level":"info","message":"Event Cart table created successfully","timestamp":"2024-11-24T15:54:59.378Z","userId":"No userId"}
{"filename":"tableController.js","level":"info","message":"Corporate Cart table created successfully","timestamp":"2024-11-24T15:54:59.380Z","userId":"No userId"}
{"filename":"tableController.js","level":"info","message":"Event Products table created successfully","timestamp":"2024-11-24T15:54:59.382Z","userId":"No userId"}
{"filename":"app.js","level":"info","message":"Tables created successfully","timestamp":"2024-11-24T15:54:59.383Z","userId":"No userId"}
{"filename":"app.js","level":"info","message":"Apollo Server started","timestamp":"2024-11-24T15:54:59.435Z","userId":"No userId"}
{"filename":"app.js","level":"info","message":"Server is running on port 4000","timestamp":"2024-11-24T15:54:59.482Z","userId":"No userId"}
{"filename":"app.js","level":"info","message":"GraphQL endpoint: http://localhost:4000/graphql","timestamp":"2024-11-24T15:54:59.482Z","userId":"No userId"}
{"filename":"task_queues","level":"info","message":"Successfully connected to Redis","timestamp":"2024-11-24T15:58:00.314Z","userId":"No userId"}
{"filename":"app.js","level":"info","message":"Database created or already exists","timestamp":"2024-11-24T15:58:00.333Z","userId":"No userId"}
{"filename":"app.js","level":"info","message":"Connected to the Caterorange DB","timestamp":"2024-11-24T15:58:00.347Z","userId":"No userId"}
{"filename":"tableController.js","level":"info","message":"Groups table created successfully","timestamp":"2024-11-24T15:58:00.350Z","userId":"No userId"}
{"filename":"tableController.js","level":"info","message":"Customer table created successfully","timestamp":"2024-11-24T15:58:00.353Z","userId":"No userId"}
{"filename":"tableController.js","level":"info","message":"Admin table created successfully","timestamp":"2024-11-24T15:58:00.354Z","userId":"No userId"}
{"filename":"tableController.js","level":"info","message":"Addresses table created successfully","timestamp":"2024-11-24T15:58:00.357Z","userId":"No userId"}
{"filename":"tableController.js","level":"info","message":"Payment table created successfully","timestamp":"2024-11-24T15:58:00.359Z","userId":"No userId"}
{"filename":"tableController.js","level":"info","message":"Corporate Orders table created successfully","timestamp":"2024-11-24T15:58:00.370Z","userId":"No userId"}
{"filename":"tableController.js","level":"info","message":"Corporate Category table created successfully","timestamp":"2024-11-24T15:58:00.374Z","userId":"No userId"}
{"filename":"tableController.js","level":"info","message":"Corporate Order Details table created successfully","timestamp":"2024-11-24T15:58:00.375Z","userId":"No userId"}
{"filename":"tableController.js","level":"info","message":"Event Orders table created successfully","timestamp":"2024-11-24T15:58:00.380Z","userId":"No userId"}
{"filename":"tableController.js","level":"info","message":"Event Category table created successfully","timestamp":"2024-11-24T15:58:00.381Z","userId":"No userId"}
{"filename":"tableController.js","level":"info","message":"Event Cart table created successfully","timestamp":"2024-11-24T15:58:00.383Z","userId":"No userId"}
{"filename":"tableController.js","level":"info","message":"Corporate Cart table created successfully","timestamp":"2024-11-24T15:58:00.386Z","userId":"No userId"}
{"filename":"tableController.js","level":"info","message":"Event Products table created successfully","timestamp":"2024-11-24T15:58:00.387Z","userId":"No userId"}
{"filename":"app.js","level":"info","message":"Tables created successfully","timestamp":"2024-11-24T15:58:00.388Z","userId":"No userId"}
{"filename":"app.js","level":"info","message":"Apollo Server started","timestamp":"2024-11-24T15:58:00.442Z","userId":"No userId"}
{"filename":"app.js","level":"info","message":"Server is running on port 4000","timestamp":"2024-11-24T15:58:00.493Z","userId":"No userId"}
{"filename":"app.js","level":"info","message":"GraphQL endpoint: http://localhost:4000/graphql","timestamp":"2024-11-24T15:58:00.493Z","userId":"No userId"}
{"filename":"categoryModels.js","level":"info","message":"Corporate categories fetched successfully","timestamp":"2024-11-24T15:58:16.311Z","userId":"No userId"}
{"filename":"customerController.js","level":"error","message":"Token verification failed:","timestamp":"2024-11-24T15:58:16.326Z","userId":"No userId"}
{"filename":"customerController.js","level":"error","message":"Token verification failed:","timestamp":"2024-11-24T15:58:16.332Z","userId":"No userId"}
{"filename":"corporateorderController.js","level":"info","message":"Token verified successfully for fetching cart count","timestamp":"2024-11-24T15:58:16.338Z","userId":"No userId"}
{"filename":"categoryModels.js","level":"info","message":"Corporate categories fetched successfully","timestamp":"2024-11-24T15:58:16.340Z","userId":"No userId"}
{"0":"C","1":"0","2":"0","3":"0","4":"0","5":"9","6":"3","filename":"customerModels.js","level":"error","message":"Customer not found for ID:","timestamp":"2024-11-24T15:58:16.342Z","userId":"No userId"}
{"customerId":"C000093","filename":"corporateorderController.js","level":"warn","message":"Customer not found","timestamp":"2024-11-24T15:58:16.344Z","userId":"No userId"}
{"filename":"addressController.js","level":"info","message":"Token verified successfully for default address retrieval","timestamp":"2024-11-24T15:58:21.868Z","userEmail":"sneha123@gmail.com","userId":"No userId"}
{"0":"s","1":"n","10":"m","11":"a","12":"i","13":"l","14":".","15":"c","16":"o","17":"m","2":"e","3":"h","4":"a","5":"1","6":"2","7":"3","8":"@","9":"g","filename":"addressModel.js","level":"info","message":"Fetched default address for customer email:","timestamp":"2024-11-24T15:58:21.870Z","userId":"No userId"}
{"filename":"addressController.js","level":"info","message":"Default address retrieved successfully for user","timestamp":"2024-11-24T15:58:21.870Z","userEmail":"sneha123@gmail.com","userId":"No userId"}
{"filename":"addressController.js","level":"info","message":"Token verified successfully for default address retrieval","timestamp":"2024-11-24T15:58:21.877Z","userEmail":"sneha123@gmail.com","userId":"No userId"}
{"0":"s","1":"n","10":"m","11":"a","12":"i","13":"l","14":".","15":"c","16":"o","17":"m","2":"e","3":"h","4":"a","5":"1","6":"2","7":"3","8":"@","9":"g","filename":"addressModel.js","level":"info","message":"Fetched default address for customer email:","timestamp":"2024-11-24T15:58:21.879Z","userId":"No userId"}
{"filename":"addressController.js","level":"info","message":"Default address retrieved successfully for user","timestamp":"2024-11-24T15:58:21.880Z","userEmail":"sneha123@gmail.com","userId":"No userId"}
{"customer_name":"test","filename":"customerModels.js","level":"info","message":"Customer activation check result:","timestamp":"2024-11-24T15:59:02.434Z","userId":"No userId"}
{"customer_generated_id":"C000004","filename":"customerModels.js","level":"info","message":"Admin details found for customer ID:","timestamp":"2024-11-24T15:59:02.437Z","userId":"No userId"}
{"0":"e","1":"y","10":"J","100":"i","101":"Q","102":"z","103":"A","104":"w","105":"M","106":"D","107":"A","108":"w","109":"N","11":"I","110":"C","111":"I","112":"s","113":"I","114":"m","115":"l","116":"h","117":"d","118":"C","119":"I","12":"U","120":"6","121":"M","122":"T","123":"c","124":"z","125":"M","126":"j","127":"M","128":"2","129":"O","13":"z","130":"D","131":"c","132":"2","133":"N","134":"C","135":"w","136":"i","137":"Z","138":"X","139":"h","14":"I","140":"w","141":"I","142":"j","143":"o","144":"x","145":"N","146":"z","147":"Y","148":"z","149":"O","15":"1","150":"T","151":"A","152":"0","153":"N","154":"z","155":"Y","156":"0","157":"f","158":"Q","159":".","16":"N","160":"y","161":"z","162":"M","163":"E","164":"K","165":"n","166":"I","167":"V","168":"0","169":"l","17":"i","170":"k","171":"q","172":"u","173":"j","174":"n","175":"V","176":"C","177":"d","178":"U","179":"O","18":"I","180":"Q","181":"d","182":"g","183":"K","184":"C","185":"8","186":"H","187":"0","188":"0","189":"9","19":"s","190":"5","191":"p","192":"f","193":"d","194":"k","195":"j","196":"w","197":"1","198":"L","199":"c","2":"J","20":"I","200":"4","201":"z","202":"0","21":"n","22":"R","23":"5","24":"c","25":"C","26":"I","27":"6","28":"I","29":"k","3":"h","30":"p","31":"X","32":"V","33":"C","34":"J","35":"9","36":".","37":"e","38":"y","39":"J","4":"b","40":"l","41":"b","42":"W","43":"F","44":"p","45":"b","46":"C","47":"I","48":"6","49":"I","5":"G","50":"n","51":"R","52":"l","53":"c","54":"3","55":"R","56":"A","57":"Z","58":"2","59":"1","6":"c","60":"h","61":"a","62":"W","63":"w","64":"u","65":"Y","66":"2","67":"9","68":"t","69":"I","7":"i","70":"i","71":"w","72":"i","73":"a","74":"X","75":"N","76":"B","77":"Z","78":"G","79":"1","8":"O","80":"p","81":"b","82":"i","83":"I","84":"6","85":"Z","86":"m","87":"F","88":"s","89":"c","9":"i","90":"2","91":"U","92":"s","93":"I","94":"m","95":"l","96":"k","97":"I","98":"j","99":"o","filename":"customerController.js","level":"info","message":"Token verified successfully","timestamp":"2024-11-24T15:59:02.439Z","userId":"C000004"}
{"filename":"categoryModels.js","level":"info","message":"Corporate categories fetched successfully","timestamp":"2024-11-24T15:59:02.489Z","userId":"C000004"}
{"filename":"customerController.js","level":"error","message":"Token verification failed:","timestamp":"2024-11-24T15:59:02.499Z","userId":"C000004"}
{"filename":"customerController.js","level":"error","message":"Token verification failed:","timestamp":"2024-11-24T15:59:02.511Z","userId":"C000004"}
{"filename":"categoryModels.js","level":"info","message":"Corporate categories fetched successfully","timestamp":"2024-11-24T15:59:02.520Z","userId":"C000004"}
{"filename":"corporateorderController.js","level":"info","message":"Token verified successfully for fetching cart count","timestamp":"2024-11-24T15:59:02.532Z","userId":"C000004"}
{"customer":{"access_token":"eyJhbGciOiJIUzI1NiIsInR5cCI6IkpXVCJ9.eyJlbWFpbCI6InRlc3RAZ21haWwuY29tIiwiaXNBZG1pbiI6ZmFsc2UsImlkIjoiQzAwMDAwNCIsImlhdCI6MTczMjM2ODc2NCwiZXhwIjoxNzYzOTA0NzY0fQ.yzMEKnIV0lkqujnVCdUOQdgKC8H0095pfdkjw1Lc4z0","createdat":"2024-11-23T05:49:10.278Z","customer_email":"test@gmail.com","customer_generated_id":"C000004","customer_id":4,"customer_name":"test","customer_password":"$2a$10$pmrol2td8tzSew86qaLnI./omlmXNvdOh/LYKuDSwkI.rVuoS67zy","customer_phonenumber":"9867543210","group_id":null,"isdeactivated":false,"lastloginat":null,"wallet_amount":null},"customer_id":"C000004","filename":"customerModels.js","level":"info","message":"Customer details retrieved:","timestamp":"2024-11-24T15:59:02.535Z","userId":"C000004"}
{"customer_id":"C000004","filename":"corporateorderModels.js","level":"info","message":"Retrieved cart count :","result":{"total_quantity":"3"},"timestamp":"2024-11-24T15:59:02.539Z","userId":"C000004"}
{"filename":"addressController.js","level":"info","message":"Token verified successfully for default address retrieval","timestamp":"2024-11-24T15:59:05.528Z","userEmail":"test@gmail.com","userId":"C000004"}
{"0":"t","1":"e","10":".","11":"c","12":"o","13":"m","2":"s","3":"t","4":"@","5":"g","6":"m","7":"a","8":"i","9":"l","filename":"addressModel.js","level":"info","message":"Fetched default address for customer email:","timestamp":"2024-11-24T15:59:05.530Z","userId":"C000004"}
{"filename":"addressController.js","level":"info","message":"Default address retrieved successfully for user","timestamp":"2024-11-24T15:59:05.531Z","userEmail":"test@gmail.com","userId":"C000004"}
{"filename":"addressController.js","level":"info","message":"Token verified successfully for default address retrieval","timestamp":"2024-11-24T15:59:05.536Z","userEmail":"test@gmail.com","userId":"C000004"}
{"0":"t","1":"e","10":".","11":"c","12":"o","13":"m","2":"s","3":"t","4":"@","5":"g","6":"m","7":"a","8":"i","9":"l","filename":"addressModel.js","level":"info","message":"Fetched default address for customer email:","timestamp":"2024-11-24T15:59:05.541Z","userId":"C000004"}
{"filename":"addressController.js","level":"info","message":"Default address retrieved successfully for user","timestamp":"2024-11-24T15:59:05.543Z","userEmail":"test@gmail.com","userId":"C000004"}
{"filename":"addressController.js","level":"info","message":"Received token for address creation: ","timestamp":"2024-11-24T15:59:28.798Z","token":"eyJhbGciOiJIUzI1NiIsInR5cCI6IkpXVCJ9.eyJlbWFpbCI6InRlc3RAZ21haWwuY29tIiwiaXNBZG1pbiI6ZmFsc2UsImlkIjoiQzAwMDAwNCIsImlhdCI6MTczMjM2ODc2NCwiZXhwIjoxNzYzOTA0NzY0fQ.yzMEKnIV0lkqujnVCdUOQdgKC8H0095pfdkjw1Lc4z0","userId":"C000004"}
{"filename":"addressController.js","level":"info","message":"Token verified successfully","timestamp":"2024-11-24T15:59:28.802Z","userId":"C000004"}
{"0":"C","1":"0","2":"0","3":"0","4":"0","5":"0","6":"4","filename":"addressModel.js","level":"info","message":"Creating address for customer ID:","timestamp":"2024-11-24T15:59:28.803Z","userId":"C000004"}
{"filename":"addressModel.js","level":"info","message":"Address added successfully","timestamp":"2024-11-24T15:59:28.813Z","userId":"C000004"}
{"filename":"addressController.js","level":"info","message":"Address stored successfully for user","timestamp":"2024-11-24T15:59:28.814Z","userId":"C000004"}
{"filename":"customerController.js","level":"error","message":"Token verification failed:","timestamp":"2024-11-24T15:59:28.838Z","userId":"C000004"}
{"filename":"customerController.js","level":"error","message":"Token verification failed:","timestamp":"2024-11-24T16:00:01.771Z","userId":"C000004"}
{"filename":"corporateorderController.js","level":"info","message":"Token verified successfully","timestamp":"2024-11-24T16:00:01.775Z","userId":"C000004"}
{"0":"C","1":"0","2":"0","3":"0","4":"0","5":"0","6":"4","filename":"corporateorderModels.js","level":"info","message":"Fetching corporate carts for customer ID:","timestamp":"2024-11-24T16:00:01.776Z","userId":"C000004"}
{"filename":"customerController.js","level":"error","message":"Token verification failed:","timestamp":"2024-11-24T16:00:01.778Z","userId":"C000004"}
{"0":"C","1":"0","2":"0","3":"0","4":"0","5":"0","6":"4","filename":"corporateorderModels.js","level":"info","message":"Corporate carts fetched successfully: 2 carts for customer ID:","timestamp":"2024-11-24T16:00:01.780Z","userId":"C000004"}
{"filename":"corporateorderController.js","level":"info","message":"Token verified successfully","timestamp":"2024-11-24T16:00:01.789Z","userId":"C000004"}
{"0":"C","1":"0","2":"0","3":"0","4":"0","5":"0","6":"4","filename":"corporateorderModels.js","level":"info","message":"Fetching corporate carts for customer ID:","timestamp":"2024-11-24T16:00:01.789Z","userId":"C000004"}
{"0":"C","1":"0","2":"0","3":"0","4":"0","5":"0","6":"4","filename":"corporateorderModels.js","level":"info","message":"Corporate carts fetched successfully: 2 carts for customer ID:","timestamp":"2024-11-24T16:00:01.792Z","userId":"C000004"}
{"filename":"categoryModels.js","level":"info","message":"Corporate categories fetched successfully","timestamp":"2024-11-24T16:00:05.218Z","userId":"C000004"}
{"filename":"customerController.js","level":"error","message":"Token verification failed:","timestamp":"2024-11-24T16:00:05.236Z","userId":"C000004"}
{"filename":"corporateorderController.js","level":"info","message":"Token verified successfully for fetching cart count","timestamp":"2024-11-24T16:00:05.242Z","userId":"C000004"}
{"filename":"categoryModels.js","level":"info","message":"Corporate categories fetched successfully","timestamp":"2024-11-24T16:00:05.250Z","userId":"C000004"}
{"filename":"customerController.js","level":"error","message":"Token verification failed:","timestamp":"2024-11-24T16:00:05.252Z","userId":"C000004"}
{"customer":{"access_token":"eyJhbGciOiJIUzI1NiIsInR5cCI6IkpXVCJ9.eyJlbWFpbCI6InRlc3RAZ21haWwuY29tIiwiaXNBZG1pbiI6ZmFsc2UsImlkIjoiQzAwMDAwNCIsImlhdCI6MTczMjM2ODc2NCwiZXhwIjoxNzYzOTA0NzY0fQ.yzMEKnIV0lkqujnVCdUOQdgKC8H0095pfdkjw1Lc4z0","createdat":"2024-11-23T05:49:10.278Z","customer_email":"test@gmail.com","customer_generated_id":"C000004","customer_id":4,"customer_name":"test","customer_password":"$2a$10$pmrol2td8tzSew86qaLnI./omlmXNvdOh/LYKuDSwkI.rVuoS67zy","customer_phonenumber":"9867543210","group_id":null,"isdeactivated":false,"lastloginat":null,"wallet_amount":null},"customer_id":"C000004","filename":"customerModels.js","level":"info","message":"Customer details retrieved:","timestamp":"2024-11-24T16:00:05.256Z","userId":"C000004"}
{"customer_id":"C000004","filename":"corporateorderModels.js","level":"info","message":"Retrieved cart count :","result":{"total_quantity":"3"},"timestamp":"2024-11-24T16:00:05.259Z","userId":"C000004"}
{"filename":"categoryModels.js","level":"info","message":"Corporate categories fetched successfully","timestamp":"2024-11-24T16:05:10.399Z","userId":"C000004"}
{"filename":"customerController.js","level":"error","message":"Token verification failed:","timestamp":"2024-11-24T16:05:10.409Z","userId":"C000004"}
{"filename":"categoryModels.js","level":"info","message":"Corporate categories fetched successfully","timestamp":"2024-11-24T16:05:11.005Z","userId":"C000004"}
{"filename":"customerController.js","level":"error","message":"Token verification failed:","timestamp":"2024-11-24T16:05:11.010Z","userId":"C000004"}
{"filename":"categoryModels.js","level":"info","message":"Corporate categories fetched successfully","timestamp":"2024-11-24T16:05:57.271Z","userId":"C000004"}
{"filename":"customerController.js","level":"error","message":"Token verification failed:","timestamp":"2024-11-24T16:05:57.281Z","userId":"C000004"}
{"filename":"categoryModels.js","level":"info","message":"Corporate categories fetched successfully","timestamp":"2024-11-24T16:05:57.763Z","userId":"C000004"}
{"filename":"customerController.js","level":"error","message":"Token verification failed:","timestamp":"2024-11-24T16:05:57.770Z","userId":"C000004"}
{"filename":"customerController.js","level":"error","message":"Token verification failed:","timestamp":"2024-11-24T16:06:03.312Z","userId":"C000004"}
{"filename":"categoryModels.js","level":"info","message":"Corporate categories fetched successfully","timestamp":"2024-11-24T16:06:03.322Z","userId":"C000004"}
{"filename":"categoryModels.js","level":"info","message":"Corporate categories fetched successfully","timestamp":"2024-11-24T16:06:05.839Z","userId":"C000004"}
{"filename":"customerController.js","level":"error","message":"Token verification failed:","timestamp":"2024-11-24T16:06:05.846Z","userId":"C000004"}
{"filename":"customerController.js","level":"error","message":"Token verification failed:","timestamp":"2024-11-24T16:06:08.252Z","userId":"C000004"}
{"filename":"categoryModels.js","level":"info","message":"Corporate categories fetched successfully","timestamp":"2024-11-24T16:06:08.256Z","userId":"C000004"}
{"filename":"categoryModels.js","level":"info","message":"Corporate categories fetched successfully","timestamp":"2024-11-24T16:06:10.450Z","userId":"C000004"}
{"filename":"customerController.js","level":"error","message":"Token verification failed:","timestamp":"2024-11-24T16:06:10.460Z","userId":"C000004"}
{"filename":"categoryModels.js","level":"info","message":"Corporate categories fetched successfully","timestamp":"2024-11-24T16:06:10.934Z","userId":"C000004"}
{"filename":"customerController.js","level":"error","message":"Token verification failed:","timestamp":"2024-11-24T16:06:10.936Z","userId":"C000004"}
{"filename":"categoryModels.js","level":"info","message":"Corporate categories fetched successfully","timestamp":"2024-11-24T16:06:11.331Z","userId":"C000004"}
{"filename":"customerController.js","level":"error","message":"Token verification failed:","timestamp":"2024-11-24T16:06:11.335Z","userId":"C000004"}
{"filename":"categoryModels.js","level":"info","message":"Corporate categories fetched successfully","timestamp":"2024-11-24T16:06:11.917Z","userId":"C000004"}
{"filename":"customerController.js","level":"error","message":"Token verification failed:","timestamp":"2024-11-24T16:06:11.918Z","userId":"C000004"}
{"filename":"addressController.js","level":"info","message":"Token verified successfully for default address retrieval","timestamp":"2024-11-24T16:06:20.737Z","userEmail":"test@gmail.com","userId":"C000004"}
{"0":"t","1":"e","10":".","11":"c","12":"o","13":"m","2":"s","3":"t","4":"@","5":"g","6":"m","7":"a","8":"i","9":"l","filename":"addressModel.js","level":"info","message":"Fetched default address for customer email:","timestamp":"2024-11-24T16:06:20.741Z","userId":"C000004"}
{"filename":"addressController.js","level":"info","message":"Default address retrieved successfully for user","timestamp":"2024-11-24T16:06:20.742Z","userEmail":"test@gmail.com","userId":"C000004"}
{"filename":"addressController.js","level":"info","message":"Token verified successfully for default address retrieval","timestamp":"2024-11-24T16:06:20.747Z","userEmail":"test@gmail.com","userId":"C000004"}
{"0":"t","1":"e","10":".","11":"c","12":"o","13":"m","2":"s","3":"t","4":"@","5":"g","6":"m","7":"a","8":"i","9":"l","filename":"addressModel.js","level":"info","message":"Fetched default address for customer email:","timestamp":"2024-11-24T16:06:20.750Z","userId":"C000004"}
{"filename":"addressController.js","level":"info","message":"Default address retrieved successfully for user","timestamp":"2024-11-24T16:06:20.750Z","userEmail":"test@gmail.com","userId":"C000004"}
{"filename":"addressController.js","level":"info","message":"Received token for address creation: ","timestamp":"2024-11-24T16:06:47.303Z","token":"eyJhbGciOiJIUzI1NiIsInR5cCI6IkpXVCJ9.eyJlbWFpbCI6InRlc3RAZ21haWwuY29tIiwiaXNBZG1pbiI6ZmFsc2UsImlkIjoiQzAwMDAwNCIsImlhdCI6MTczMjM2ODc2NCwiZXhwIjoxNzYzOTA0NzY0fQ.yzMEKnIV0lkqujnVCdUOQdgKC8H0095pfdkjw1Lc4z0","userId":"C000004"}
{"filename":"addressController.js","level":"info","message":"Token verified successfully","timestamp":"2024-11-24T16:06:47.307Z","userId":"C000004"}
{"0":"C","1":"0","2":"0","3":"0","4":"0","5":"0","6":"4","filename":"addressModel.js","level":"info","message":"Creating address for customer ID:","timestamp":"2024-11-24T16:06:47.307Z","userId":"C000004"}
{"filename":"addressModel.js","level":"info","message":"Address added successfully","timestamp":"2024-11-24T16:06:47.315Z","userId":"C000004"}
{"filename":"addressController.js","level":"info","message":"Address stored successfully for user","timestamp":"2024-11-24T16:06:47.316Z","userId":"C000004"}
{"filename":"customerController.js","level":"error","message":"Token verification failed:","timestamp":"2024-11-24T16:06:47.337Z","userId":"C000004"}
{"filename":"task_queues","level":"info","message":"Successfully connected to Redis","timestamp":"2024-11-24T16:11:30.070Z","userId":"No userId"}
{"filename":"app.js","level":"info","message":"Database created or already exists","timestamp":"2024-11-24T16:11:30.094Z","userId":"No userId"}
{"filename":"app.js","level":"info","message":"Connected to the Caterorange DB","timestamp":"2024-11-24T16:11:30.110Z","userId":"No userId"}
{"filename":"tableController.js","level":"info","message":"Groups table created successfully","timestamp":"2024-11-24T16:11:30.113Z","userId":"No userId"}
{"filename":"tableController.js","level":"info","message":"Customer table created successfully","timestamp":"2024-11-24T16:11:30.115Z","userId":"No userId"}
{"filename":"tableController.js","level":"info","message":"Admin table created successfully","timestamp":"2024-11-24T16:11:30.116Z","userId":"No userId"}
{"filename":"tableController.js","level":"info","message":"Addresses table created successfully","timestamp":"2024-11-24T16:11:30.119Z","userId":"No userId"}
{"filename":"tableController.js","level":"info","message":"Payment table created successfully","timestamp":"2024-11-24T16:11:30.120Z","userId":"No userId"}
{"filename":"tableController.js","level":"info","message":"Corporate Orders table created successfully","timestamp":"2024-11-24T16:11:30.131Z","userId":"No userId"}
{"filename":"tableController.js","level":"info","message":"Corporate Category table created successfully","timestamp":"2024-11-24T16:11:30.137Z","userId":"No userId"}
{"filename":"tableController.js","level":"info","message":"Corporate Order Details table created successfully","timestamp":"2024-11-24T16:11:30.139Z","userId":"No userId"}
{"filename":"tableController.js","level":"info","message":"Event Orders table created successfully","timestamp":"2024-11-24T16:11:30.145Z","userId":"No userId"}
{"filename":"tableController.js","level":"info","message":"Event Category table created successfully","timestamp":"2024-11-24T16:11:30.147Z","userId":"No userId"}
{"filename":"tableController.js","level":"info","message":"Event Cart table created successfully","timestamp":"2024-11-24T16:11:30.148Z","userId":"No userId"}
{"filename":"tableController.js","level":"info","message":"Corporate Cart table created successfully","timestamp":"2024-11-24T16:11:30.149Z","userId":"No userId"}
{"filename":"tableController.js","level":"info","message":"Event Products table created successfully","timestamp":"2024-11-24T16:11:30.151Z","userId":"No userId"}
{"filename":"app.js","level":"info","message":"Tables created successfully","timestamp":"2024-11-24T16:11:30.152Z","userId":"No userId"}
{"filename":"app.js","level":"info","message":"Apollo Server started","timestamp":"2024-11-24T16:11:30.210Z","userId":"No userId"}
{"filename":"app.js","level":"info","message":"Server is running on port 4000","timestamp":"2024-11-24T16:11:30.251Z","userId":"No userId"}
{"filename":"app.js","level":"info","message":"GraphQL endpoint: http://localhost:4000/graphql","timestamp":"2024-11-24T16:11:30.251Z","userId":"No userId"}
{"filename":"categoryModels.js","level":"info","message":"Corporate categories fetched successfully","timestamp":"2024-11-24T16:11:57.238Z","userId":"No userId"}
{"count":2,"customer_id":"C000004","filename":"customerModels.js","level":"info","message":"Addresses retrieved for customer ID:","timestamp":"2024-11-24T16:11:57.247Z","userId":"No userId"}
{"filename":"categoryModels.js","level":"info","message":"Corporate categories fetched successfully","timestamp":"2024-11-24T16:11:57.261Z","userId":"No userId"}
{"filename":"corporateorderController.js","level":"info","message":"Token verified successfully for fetching cart count","timestamp":"2024-11-24T16:11:57.274Z","userId":"No userId"}
{"customer":{"access_token":"eyJhbGciOiJIUzI1NiIsInR5cCI6IkpXVCJ9.eyJlbWFpbCI6InRlc3RAZ21haWwuY29tIiwiaXNBZG1pbiI6ZmFsc2UsImlkIjoiQzAwMDAwNCIsImlhdCI6MTczMjM2ODc2NCwiZXhwIjoxNzYzOTA0NzY0fQ.yzMEKnIV0lkqujnVCdUOQdgKC8H0095pfdkjw1Lc4z0","createdat":"2024-11-23T05:49:10.278Z","customer_email":"test@gmail.com","customer_generated_id":"C000004","customer_id":4,"customer_name":"test","customer_password":"$2a$10$pmrol2td8tzSew86qaLnI./omlmXNvdOh/LYKuDSwkI.rVuoS67zy","customer_phonenumber":"9867543210","group_id":null,"isdeactivated":false,"lastloginat":null,"wallet_amount":null},"customer_id":"C000004","filename":"customerModels.js","level":"info","message":"Customer details retrieved:","timestamp":"2024-11-24T16:11:57.279Z","userId":"No userId"}
{"customer_id":"C000004","filename":"corporateorderModels.js","level":"info","message":"Retrieved cart count :","result":{"total_quantity":"3"},"timestamp":"2024-11-24T16:11:57.288Z","userId":"No userId"}
{"count":2,"customer_id":"C000004","filename":"customerModels.js","level":"info","message":"Addresses retrieved for customer ID:","timestamp":"2024-11-24T16:11:57.296Z","userId":"No userId"}
{"filename":"categoryModels.js","level":"info","message":"Corporate categories fetched successfully","timestamp":"2024-11-24T16:13:31.938Z","userId":"No userId"}
{"filename":"task_queues","level":"info","message":"Successfully connected to Redis","timestamp":"2024-11-24T16:15:42.341Z","userId":"No userId"}
{"filename":"app.js","level":"info","message":"Database created or already exists","timestamp":"2024-11-24T16:15:42.358Z","userId":"No userId"}
{"filename":"app.js","level":"info","message":"Connected to the Caterorange DB","timestamp":"2024-11-24T16:15:42.369Z","userId":"No userId"}
{"filename":"tableController.js","level":"info","message":"Groups table created successfully","timestamp":"2024-11-24T16:15:42.371Z","userId":"No userId"}
{"filename":"tableController.js","level":"info","message":"Customer table created successfully","timestamp":"2024-11-24T16:15:42.373Z","userId":"No userId"}
{"filename":"tableController.js","level":"info","message":"Admin table created successfully","timestamp":"2024-11-24T16:15:42.374Z","userId":"No userId"}
{"filename":"tableController.js","level":"info","message":"Addresses table created successfully","timestamp":"2024-11-24T16:15:42.376Z","userId":"No userId"}
{"filename":"tableController.js","level":"info","message":"Payment table created successfully","timestamp":"2024-11-24T16:15:42.378Z","userId":"No userId"}
{"filename":"tableController.js","level":"info","message":"Corporate Orders table created successfully","timestamp":"2024-11-24T16:15:42.387Z","userId":"No userId"}
{"filename":"tableController.js","level":"info","message":"Corporate Category table created successfully","timestamp":"2024-11-24T16:15:42.391Z","userId":"No userId"}
{"filename":"tableController.js","level":"info","message":"Corporate Order Details table created successfully","timestamp":"2024-11-24T16:15:42.392Z","userId":"No userId"}
{"filename":"tableController.js","level":"info","message":"Event Orders table created successfully","timestamp":"2024-11-24T16:15:42.397Z","userId":"No userId"}
{"filename":"tableController.js","level":"info","message":"Event Category table created successfully","timestamp":"2024-11-24T16:15:42.398Z","userId":"No userId"}
{"filename":"tableController.js","level":"info","message":"Event Cart table created successfully","timestamp":"2024-11-24T16:15:42.399Z","userId":"No userId"}
{"filename":"tableController.js","level":"info","message":"Corporate Cart table created successfully","timestamp":"2024-11-24T16:15:42.402Z","userId":"No userId"}
{"filename":"tableController.js","level":"info","message":"Event Products table created successfully","timestamp":"2024-11-24T16:15:42.403Z","userId":"No userId"}
{"filename":"app.js","level":"info","message":"Tables created successfully","timestamp":"2024-11-24T16:15:42.403Z","userId":"No userId"}
{"filename":"app.js","level":"info","message":"Apollo Server started","timestamp":"2024-11-24T16:15:42.448Z","userId":"No userId"}
{"filename":"app.js","level":"info","message":"Server is running on port 4000","timestamp":"2024-11-24T16:15:42.490Z","userId":"No userId"}
{"filename":"app.js","level":"info","message":"GraphQL endpoint: http://localhost:4000/graphql","timestamp":"2024-11-24T16:15:42.491Z","userId":"No userId"}
