{"filename":"task_queues","level":"info","message":"Successfully connected to Redis","timestamp":"2025-02-14T08:19:48.964Z","userId":"No userId"}
{"filename":"task_queues","level":"info","message":"Successfully connected to Redis","timestamp":"2025-02-14T08:19:48.967Z","userId":"No userId"}
{"filename":"app.js","level":"info","message":"Database created or already exists","timestamp":"2025-02-14T08:19:49.014Z","userId":"No userId"}
{"filename":"app.js","level":"info","message":"Connected to the Caterorange DB","timestamp":"2025-02-14T08:19:49.030Z","userId":"No userId"}
{"filename":"tableController.js","level":"info","message":"Groups table created successfully","timestamp":"2025-02-14T08:19:49.035Z","userId":"No userId"}
{"filename":"tableController.js","level":"info","message":"Customer table created successfully","timestamp":"2025-02-14T08:19:49.038Z","userId":"No userId"}
{"filename":"tableController.js","level":"info","message":"Admin table created successfully","timestamp":"2025-02-14T08:19:49.040Z","userId":"No userId"}
{"filename":"tableController.js","level":"info","message":"Addresses table created successfully","timestamp":"2025-02-14T08:19:49.041Z","userId":"No userId"}
{"filename":"tableController.js","level":"info","message":"Payment table created successfully","timestamp":"2025-02-14T08:19:49.043Z","userId":"No userId"}
{"filename":"tableController.js","level":"info","message":"Corporate Orders table created successfully","timestamp":"2025-02-14T08:19:49.085Z","userId":"No userId"}
{"filename":"tableController.js","level":"info","message":"Corporate Category table created successfully","timestamp":"2025-02-14T08:19:49.097Z","userId":"No userId"}
{"filename":"tableController.js","level":"info","message":"Corporate Order Details table created successfully","timestamp":"2025-02-14T08:19:49.098Z","userId":"No userId"}
{"filename":"tableController.js","level":"info","message":"Event Orders table created successfully","timestamp":"2025-02-14T08:19:49.104Z","userId":"No userId"}
{"filename":"tableController.js","level":"info","message":"Event Category table created successfully","timestamp":"2025-02-14T08:19:49.105Z","userId":"No userId"}
{"filename":"tableController.js","level":"info","message":"Event Cart table created successfully","timestamp":"2025-02-14T08:19:49.108Z","userId":"No userId"}
{"filename":"tableController.js","level":"info","message":"Corporate Cart table created successfully","timestamp":"2025-02-14T08:19:49.111Z","userId":"No userId"}
{"filename":"tableController.js","level":"info","message":"Event Products table created successfully","timestamp":"2025-02-14T08:19:49.112Z","userId":"No userId"}
{"filename":"app.js","level":"info","message":"Tables created successfully","timestamp":"2025-02-14T08:19:49.113Z","userId":"No userId"}
{"filename":"app.js","level":"info","message":"Apollo Server started","timestamp":"2025-02-14T08:19:49.183Z","userId":"No userId"}
{"filename":"app.js","level":"info","message":"Server is running on port 4000","timestamp":"2025-02-14T08:19:49.228Z","userId":"No userId"}
{"filename":"app.js","level":"info","message":"GraphQL endpoint: http://localhost:4000/graphql","timestamp":"2025-02-14T08:19:49.228Z","userId":"No userId"}
{"filename":"task_queues","level":"info","message":"Successfully connected to Redis","timestamp":"2025-02-14T08:20:26.699Z","userId":"No userId"}
{"filename":"task_queues","level":"info","message":"Successfully connected to Redis","timestamp":"2025-02-14T08:20:26.703Z","userId":"No userId"}
{"filename":"app.js","level":"info","message":"Database created or already exists","timestamp":"2025-02-14T08:20:26.719Z","userId":"No userId"}
{"filename":"app.js","level":"info","message":"Connected to the Caterorange DB","timestamp":"2025-02-14T08:20:26.731Z","userId":"No userId"}
{"filename":"tableController.js","level":"info","message":"Groups table created successfully","timestamp":"2025-02-14T08:20:26.734Z","userId":"No userId"}
{"filename":"tableController.js","level":"info","message":"Customer table created successfully","timestamp":"2025-02-14T08:20:26.735Z","userId":"No userId"}
{"filename":"tableController.js","level":"info","message":"Admin table created successfully","timestamp":"2025-02-14T08:20:26.735Z","userId":"No userId"}
{"filename":"tableController.js","level":"info","message":"Addresses table created successfully","timestamp":"2025-02-14T08:20:26.737Z","userId":"No userId"}
{"filename":"tableController.js","level":"info","message":"Payment table created successfully","timestamp":"2025-02-14T08:20:26.739Z","userId":"No userId"}
{"filename":"tableController.js","level":"info","message":"Corporate Orders table created successfully","timestamp":"2025-02-14T08:20:26.751Z","userId":"No userId"}
{"filename":"tableController.js","level":"info","message":"Corporate Category table created successfully","timestamp":"2025-02-14T08:20:26.753Z","userId":"No userId"}
{"filename":"tableController.js","level":"info","message":"Corporate Order Details table created successfully","timestamp":"2025-02-14T08:20:26.754Z","userId":"No userId"}
{"filename":"tableController.js","level":"info","message":"Event Orders table created successfully","timestamp":"2025-02-14T08:20:26.759Z","userId":"No userId"}
{"filename":"tableController.js","level":"info","message":"Event Category table created successfully","timestamp":"2025-02-14T08:20:26.760Z","userId":"No userId"}
{"filename":"tableController.js","level":"info","message":"Event Cart table created successfully","timestamp":"2025-02-14T08:20:26.761Z","userId":"No userId"}
{"filename":"tableController.js","level":"info","message":"Corporate Cart table created successfully","timestamp":"2025-02-14T08:20:26.762Z","userId":"No userId"}
{"filename":"tableController.js","level":"info","message":"Event Products table created successfully","timestamp":"2025-02-14T08:20:26.764Z","userId":"No userId"}
{"filename":"app.js","level":"info","message":"Tables created successfully","timestamp":"2025-02-14T08:20:26.764Z","userId":"No userId"}
{"filename":"app.js","level":"info","message":"Apollo Server started","timestamp":"2025-02-14T08:20:26.821Z","userId":"No userId"}
{"filename":"app.js","level":"info","message":"Server is running on port 4000","timestamp":"2025-02-14T08:20:26.866Z","userId":"No userId"}
{"filename":"app.js","level":"info","message":"GraphQL endpoint: http://localhost:4000/graphql","timestamp":"2025-02-14T08:20:26.866Z","userId":"No userId"}
{"customer_name":"srivallika","filename":"customerModels.js","level":"info","message":"Customer activation check result:","timestamp":"2025-02-14T10:14:03.336Z","userId":"No userId"}
{"admin":{"adminid":1,"customer_generated_id":"C000001","isadmin":true,"isvendor":false},"customer_generated_id":"C000001","filename":"customerModels.js","level":"info","message":"Admin details found for customer ID:","timestamp":"2025-02-14T10:14:03.340Z","userId":"No userId"}
{"0":"e","1":"y","10":"J","100":"D","101":"M","102":"D","103":"A","104":"w","105":"M","106":"D","107":"A","108":"x","109":"I","11":"I","110":"i","111":"w","112":"i","113":"a","114":"W","115":"F","116":"0","117":"I","118":"j","119":"o","12":"U","120":"x","121":"N","122":"z","123":"M","124":"5","125":"M","126":"j","127":"Y","128":"z","129":"M","13":"z","130":"D","131":"g","132":"1","133":"L","134":"C","135":"J","136":"l","137":"e","138":"H","139":"A","14":"I","140":"i","141":"O","142":"j","143":"E","144":"3","145":"N","146":"z","147":"A","148":"3","149":"O","15":"1","150":"T","151":"k","152":"w","153":"O","154":"D","155":"V","156":"9","157":".","158":"a","159":"b","16":"N","160":"8","161":"4","162":"g","163":"V","164":"Z","165":"e","166":"M","167":"j","168":"T","169":"c","17":"i","170":"R","171":"U","172":"a","173":"D","174":"2","175":"R","176":"o","177":"d","178":"V","179":"Q","18":"I","180":"S","181":"U","182":"g","183":"B","184":"q","185":"F","186":"y","187":"X","188":"e","189":"w","19":"s","190":"S","191":"X","192":"6","193":"8","194":"3","195":"n","196":"f","197":"K","198":"5","199":"3","2":"J","20":"I","200":"g","21":"n","22":"R","23":"5","24":"c","25":"C","26":"I","27":"6","28":"I","29":"k","3":"h","30":"p","31":"X","32":"V","33":"C","34":"J","35":"9","36":".","37":"e","38":"y","39":"J","4":"b","40":"l","41":"b","42":"W","43":"F","44":"p","45":"b","46":"C","47":"I","48":"6","49":"I","5":"G","50":"n","51":"N","52":"y","53":"a","54":"X","55":"Z","56":"h","57":"b","58":"G","59":"x","6":"c","60":"p","61":"a","62":"2","63":"F","64":"2","65":"Y","66":"W","67":"x","68":"s","69":"a","7":"i","70":"T","71":"I","72":"w","73":"M","74":"D","75":"R","76":"A","77":"Z","78":"2","79":"1","8":"O","80":"h","81":"a","82":"W","83":"w","84":"u","85":"Y","86":"2","87":"9","88":"t","89":"I","9":"i","90":"i","91":"w","92":"i","93":"a","94":"W","95":"Q","96":"i","97":"O","98":"i","99":"J","filename":"customerController.js","level":"info","message":"Token verified successfully","timestamp":"2025-02-14T10:14:03.345Z","userId":"C000001"}
{"filename":"categoryModels.js","level":"info","message":"Corporate categories fetched successfully","timestamp":"2025-02-14T10:14:03.427Z","userId":"C000001"}
{"count":0,"customer_id":"C000001","filename":"customerModels.js","level":"info","message":"Addresses retrieved for customer ID:","timestamp":"2025-02-14T10:14:03.436Z","userId":"C000001"}
{"filename":"categoryModels.js","level":"info","message":"Corporate categories fetched successfully","timestamp":"2025-02-14T10:14:03.450Z","userId":"C000001"}
{"count":0,"customer_id":"C000001","filename":"customerModels.js","level":"info","message":"Addresses retrieved for customer ID:","timestamp":"2025-02-14T10:14:03.463Z","userId":"C000001"}
{"filename":"layer.js","level":"info","message":"Token verified successfully for fetching order details","timestamp":"2025-02-14T10:14:26.850Z","userId":"C000001"}
{"filename":"layer.js","level":"info","message":"Token verified successfully for fetching order details","timestamp":"2025-02-14T10:14:26.892Z","userId":"C000001"}
{"filename":"layer.js","level":"info","message":"Token verified successfully for fetching order details","timestamp":"2025-02-14T10:14:31.015Z","userId":"C000001"}
{"filename":"customerModels.js","level":"info","message":"Customer details retrieved:, C000001,{\"customer_id\":1,\"customer_generated_id\":\"C000001\",\"customer_name\":\"srivallika\",\"customer_phonenumber\":\"9652745289\",\"customer_email\":\"srivallikavalli2004@gmail.com\",\"customer_password\":\"$2a$12$vbMvB2vhV7z1munpqYSdOO3wDekQLyjtWiL3J8P8dJLIaoekcXxPe\",\"createdat\":\"2025-02-11T08:38:05.219Z\",\"lastloginat\":null,\"wallet_amount\":null,\"group_id\":null,\"access_token\":\"eyJhbGciOiJIUzI1NiIsInR5cCI6IkpXVCJ9.eyJlbWFpbCI6InNyaXZhbGxpa2F2YWxsaTIwMDRAZ21haWwuY29tIiwiaWQiOiJDMDAwMDAxIiwiaWF0IjoxNzM5MjYzMDg1LCJleHAiOjE3NzA3OTkwODV9.ab84gVZeMjTcRUaD2RodVQSUgBqFyXewSX683nfK53g\",\"isdeactivated\":false}","timestamp":"2025-02-14T10:14:31.026Z","userId":"C000001"}
{"count":0,"customer_id":"C000001","filename":"customerModels.js","level":"info","message":"Addresses retrieved for customer ID:","timestamp":"2025-02-14T10:14:31.027Z","userId":"C000001"}
{"filename":"customerModels.js","level":"info","message":"Customer addresses fetched for ID:C000001 0","timestamp":"2025-02-14T10:14:31.028Z","userId":"C000001"}
{"filename":"layer.js","level":"info","message":"Token verified successfully for fetching order details","timestamp":"2025-02-14T10:14:31.032Z","userId":"C000001"}
{"count":0,"customer_id":"C000001","filename":"customerModels.js","level":"info","message":"Addresses retrieved for customer ID:","timestamp":"2025-02-14T10:14:31.045Z","userId":"C000001"}
{"filename":"customerModels.js","level":"info","message":"Customer details retrieved:, C000001,{\"customer_id\":1,\"customer_generated_id\":\"C000001\",\"customer_name\":\"srivallika\",\"customer_phonenumber\":\"9652745289\",\"customer_email\":\"srivallikavalli2004@gmail.com\",\"customer_password\":\"$2a$12$vbMvB2vhV7z1munpqYSdOO3wDekQLyjtWiL3J8P8dJLIaoekcXxPe\",\"createdat\":\"2025-02-11T08:38:05.219Z\",\"lastloginat\":null,\"wallet_amount\":null,\"group_id\":null,\"access_token\":\"eyJhbGciOiJIUzI1NiIsInR5cCI6IkpXVCJ9.eyJlbWFpbCI6InNyaXZhbGxpa2F2YWxsaTIwMDRAZ21haWwuY29tIiwiaWQiOiJDMDAwMDAxIiwiaWF0IjoxNzM5MjYzMDg1LCJleHAiOjE3NzA3OTkwODV9.ab84gVZeMjTcRUaD2RodVQSUgBqFyXewSX683nfK53g\",\"isdeactivated\":false}","timestamp":"2025-02-14T10:14:31.046Z","userId":"C000001"}
{"filename":"customerModels.js","level":"info","message":"Customer addresses fetched for ID:C000001 0","timestamp":"2025-02-14T10:14:31.048Z","userId":"C000001"}
{"count":0,"customer_id":"C000001","filename":"customerModels.js","level":"info","message":"Addresses retrieved for customer ID:","timestamp":"2025-02-14T10:14:31.060Z","userId":"C000001"}
{"count":0,"customer_id":"C000001","filename":"customerModels.js","level":"info","message":"Addresses retrieved for customer ID:","timestamp":"2025-02-14T10:14:31.077Z","userId":"C000001"}
{"filename":"layer.js","level":"info","message":"Token verified successfully for fetching order details","timestamp":"2025-02-14T10:14:34.611Z","userId":"C000001"}
{"filename":"layer.js","level":"info","message":"Token verified successfully for fetching order details","timestamp":"2025-02-14T10:14:34.664Z","userId":"C000001"}
{"filename":"layer.js","level":"info","message":"Token verified successfully for fetching order details","timestamp":"2025-02-14T10:14:35.353Z","userId":"C000001"}
{"filename":"layer.js","level":"info","message":"Token verified successfully for fetching order details","timestamp":"2025-02-14T10:14:35.385Z","userId":"C000001"}
{"filename":"layer.js","level":"info","message":"Token verified successfully for fetching order details","timestamp":"2025-02-14T10:14:36.044Z","userId":"C000001"}
{"filename":"layer.js","level":"info","message":"Token verified successfully for fetching order details","timestamp":"2025-02-14T10:14:36.074Z","userId":"C000001"}
{"filename":"layer.js","level":"info","message":"Token verified successfully for fetching order details","timestamp":"2025-02-14T10:14:36.702Z","userId":"C000001"}
{"filename":"layer.js","level":"info","message":"Token verified successfully for fetching order details","timestamp":"2025-02-14T10:14:36.746Z","userId":"C000001"}
{"filename":"layer.js","level":"info","message":"Token verified successfully for fetching order details","timestamp":"2025-02-14T10:14:37.300Z","userId":"C000001"}
{"filename":"layer.js","level":"info","message":"Token verified successfully for fetching order details","timestamp":"2025-02-14T10:14:37.336Z","userId":"C000001"}
{"filename":"layer.js","level":"info","message":"Token verified successfully for fetching order details","timestamp":"2025-02-14T10:14:37.974Z","userId":"C000001"}
{"filename":"layer.js","level":"info","message":"Token verified successfully for fetching order details","timestamp":"2025-02-14T10:14:37.988Z","userId":"C000001"}
{"filename":"addressController.js","level":"info","message":"Token verified successfully for address retrieval","timestamp":"2025-02-14T10:14:40.231Z","userId":"C000001"}
{"0":"C","1":"0","2":"0","3":"0","4":"0","5":"0","6":"1","filename":"addressModel.js","level":"info","message":"All addresses retrieved successfully for customer ID:","timestamp":"2025-02-14T10:14:40.232Z","userId":"C000001"}
{"filename":"addressController.js","level":"warn","message":"No addresses found for user","timestamp":"2025-02-14T10:14:40.233Z","userId":"C000001"}
{"filename":"addressController.js","level":"info","message":"Token verified successfully for address retrieval","timestamp":"2025-02-14T10:14:40.238Z","userId":"C000001"}
{"0":"C","1":"0","2":"0","3":"0","4":"0","5":"0","6":"1","filename":"addressModel.js","level":"info","message":"All addresses retrieved successfully for customer ID:","timestamp":"2025-02-14T10:14:40.239Z","userId":"C000001"}
{"filename":"addressController.js","level":"warn","message":"No addresses found for user","timestamp":"2025-02-14T10:14:40.240Z","userId":"C000001"}
{"filename":"categoryModels.js","level":"info","message":"Corporate categories fetched successfully","timestamp":"2025-02-14T10:14:44.986Z","userId":"C000001"}
{"count":0,"customer_id":"C000001","filename":"customerModels.js","level":"info","message":"Addresses retrieved for customer ID:","timestamp":"2025-02-14T10:14:44.990Z","userId":"C000001"}
{"filename":"categoryModels.js","level":"info","message":"Corporate categories fetched successfully","timestamp":"2025-02-14T10:14:45.009Z","userId":"C000001"}
{"count":0,"customer_id":"C000001","filename":"customerModels.js","level":"info","message":"Addresses retrieved for customer ID:","timestamp":"2025-02-14T10:14:45.011Z","userId":"C000001"}
{"filename":"categoryModels.js","level":"info","message":"Corporate categories fetched successfully","timestamp":"2025-02-14T10:15:56.961Z","userId":"C000001"}
{"count":0,"customer_id":"C000012","filename":"customerModels.js","level":"info","message":"Addresses retrieved for customer ID:","timestamp":"2025-02-14T10:15:56.963Z","userId":"C000001"}
{"filename":"categoryModels.js","level":"info","message":"Corporate categories fetched successfully","timestamp":"2025-02-14T10:15:57.008Z","userId":"C000001"}
{"count":0,"customer_id":"C000012","filename":"customerModels.js","level":"info","message":"Addresses retrieved for customer ID:","timestamp":"2025-02-14T10:15:57.010Z","userId":"C000001"}
{"filename":"corporateorderController.js","level":"info","message":"Token verified successfully for fetching order details","timestamp":"2025-02-14T10:16:01.420Z","userId":"C000001"}
{"filename":"customerModels.js","level":"info","message":"Customer details retrieved:, C000012,{\"customer_id\":12,\"customer_generated_id\":\"C000012\",\"customer_name\":\"srivallika\",\"customer_phonenumber\":\"9652645289\",\"customer_email\":\"sirisha@scaleorange.com\",\"customer_password\":\"$2a$10$vauNXy8DLRdKSz7v1FptouN.b0SktaUNF3wmkHCvene25VD84o03i\",\"createdat\":\"2025-02-12T21:02:23.906Z\",\"lastloginat\":null,\"wallet_amount\":null,\"group_id\":null,\"access_token\":\"eyJhbGciOiJIUzI1NiIsInR5cCI6IkpXVCJ9.eyJlbWFpbCI6InNpcmlzaGFAc2NhbGVvcmFuZ2UuY29tIiwiaWQiOiJDMDAwMDEyIiwiaWF0IjoxNzM5Mzk0MTYwLCJleHAiOjE3NzA5MzAxNjB9.C7A_sQAjgDcsQy20NRqX_GtSsN4U9chDttvWQqAbOBU\",\"isdeactivated\":false}","timestamp":"2025-02-14T10:16:01.423Z","userId":"C000001"}
{"customerId":"C000012","filename":"corporateorderController.js","level":"info","message":"Fetching order details for customer","timestamp":"2025-02-14T10:16:01.425Z","userId":"C000001"}
{"filename":"corporateorderModels.js","level":"info","message":"Fetching order details for customer ID:C000012","timestamp":"2025-02-14T10:16:01.426Z","userId":"C000001"}
{"filename":"corporateorderModels.js","level":"info","message":"All orders fetched: we got nothing","timestamp":"2025-02-14T10:16:01.429Z","userId":"C000001"}
{"filename":"corporateorderController.js","level":"info","message":"Token verified successfully for fetching order details","timestamp":"2025-02-14T10:16:01.439Z","userId":"C000001"}
{"filename":"customerModels.js","level":"info","message":"Customer details retrieved:, C000012,{\"customer_id\":12,\"customer_generated_id\":\"C000012\",\"customer_name\":\"srivallika\",\"customer_phonenumber\":\"9652645289\",\"customer_email\":\"sirisha@scaleorange.com\",\"customer_password\":\"$2a$10$vauNXy8DLRdKSz7v1FptouN.b0SktaUNF3wmkHCvene25VD84o03i\",\"createdat\":\"2025-02-12T21:02:23.906Z\",\"lastloginat\":null,\"wallet_amount\":null,\"group_id\":null,\"access_token\":\"eyJhbGciOiJIUzI1NiIsInR5cCI6IkpXVCJ9.eyJlbWFpbCI6InNpcmlzaGFAc2NhbGVvcmFuZ2UuY29tIiwiaWQiOiJDMDAwMDEyIiwiaWF0IjoxNzM5Mzk0MTYwLCJleHAiOjE3NzA5MzAxNjB9.C7A_sQAjgDcsQy20NRqX_GtSsN4U9chDttvWQqAbOBU\",\"isdeactivated\":false}","timestamp":"2025-02-14T10:16:01.441Z","userId":"C000001"}
{"customerId":"C000012","filename":"corporateorderController.js","level":"info","message":"Fetching order details for customer","timestamp":"2025-02-14T10:16:01.442Z","userId":"C000001"}
{"filename":"corporateorderModels.js","level":"info","message":"Fetching order details for customer ID:C000012","timestamp":"2025-02-14T10:16:01.443Z","userId":"C000001"}
{"filename":"corporateorderModels.js","level":"info","message":"All orders fetched: we got nothing","timestamp":"2025-02-14T10:16:01.445Z","userId":"C000001"}
{"filename":"categoryModels.js","level":"info","message":"Corporate categories fetched successfully","timestamp":"2025-02-14T10:16:04.212Z","userId":"C000001"}
{"count":0,"customer_id":"C000012","filename":"customerModels.js","level":"info","message":"Addresses retrieved for customer ID:","timestamp":"2025-02-14T10:16:04.214Z","userId":"C000001"}
{"filename":"categoryModels.js","level":"info","message":"Corporate categories fetched successfully","timestamp":"2025-02-14T10:16:04.224Z","userId":"C000001"}
{"count":0,"customer_id":"C000012","filename":"customerModels.js","level":"info","message":"Addresses retrieved for customer ID:","timestamp":"2025-02-14T10:16:04.234Z","userId":"C000001"}
{"filename":"layer.js","level":"info","message":"Token verified successfully for fetching order details","timestamp":"2025-02-14T10:16:06.302Z","userId":"C000001"}
{"count":0,"customer_id":"C000012","filename":"customerModels.js","level":"info","message":"Addresses retrieved for customer ID:","timestamp":"2025-02-14T10:16:06.310Z","userId":"C000001"}
{"filename":"customerModels.js","level":"info","message":"Customer details retrieved:, C000012,{\"customer_id\":12,\"customer_generated_id\":\"C000012\",\"customer_name\":\"srivallika\",\"customer_phonenumber\":\"9652645289\",\"customer_email\":\"sirisha@scaleorange.com\",\"customer_password\":\"$2a$10$vauNXy8DLRdKSz7v1FptouN.b0SktaUNF3wmkHCvene25VD84o03i\",\"createdat\":\"2025-02-12T21:02:23.906Z\",\"lastloginat\":null,\"wallet_amount\":null,\"group_id\":null,\"access_token\":\"eyJhbGciOiJIUzI1NiIsInR5cCI6IkpXVCJ9.eyJlbWFpbCI6InNpcmlzaGFAc2NhbGVvcmFuZ2UuY29tIiwiaWQiOiJDMDAwMDEyIiwiaWF0IjoxNzM5Mzk0MTYwLCJleHAiOjE3NzA5MzAxNjB9.C7A_sQAjgDcsQy20NRqX_GtSsN4U9chDttvWQqAbOBU\",\"isdeactivated\":false}","timestamp":"2025-02-14T10:16:06.313Z","userId":"C000001"}
{"filename":"customerModels.js","level":"info","message":"Customer addresses fetched for ID:C000012 0","timestamp":"2025-02-14T10:16:06.317Z","userId":"C000001"}
{"count":0,"customer_id":"C000012","filename":"customerModels.js","level":"info","message":"Addresses retrieved for customer ID:","timestamp":"2025-02-14T10:16:06.322Z","userId":"C000001"}
{"filename":"layer.js","level":"info","message":"Token verified successfully for fetching order details","timestamp":"2025-02-14T10:16:06.328Z","userId":"C000001"}
{"filename":"customerModels.js","level":"info","message":"Customer details retrieved:, C000012,{\"customer_id\":12,\"customer_generated_id\":\"C000012\",\"customer_name\":\"srivallika\",\"customer_phonenumber\":\"9652645289\",\"customer_email\":\"sirisha@scaleorange.com\",\"customer_password\":\"$2a$10$vauNXy8DLRdKSz7v1FptouN.b0SktaUNF3wmkHCvene25VD84o03i\",\"createdat\":\"2025-02-12T21:02:23.906Z\",\"lastloginat\":null,\"wallet_amount\":null,\"group_id\":null,\"access_token\":\"eyJhbGciOiJIUzI1NiIsInR5cCI6IkpXVCJ9.eyJlbWFpbCI6InNpcmlzaGFAc2NhbGVvcmFuZ2UuY29tIiwiaWQiOiJDMDAwMDEyIiwiaWF0IjoxNzM5Mzk0MTYwLCJleHAiOjE3NzA5MzAxNjB9.C7A_sQAjgDcsQy20NRqX_GtSsN4U9chDttvWQqAbOBU\",\"isdeactivated\":false}","timestamp":"2025-02-14T10:16:06.338Z","userId":"C000001"}
{"count":0,"customer_id":"C000012","filename":"customerModels.js","level":"info","message":"Addresses retrieved for customer ID:","timestamp":"2025-02-14T10:16:06.339Z","userId":"C000001"}
{"filename":"customerModels.js","level":"info","message":"Customer addresses fetched for ID:C000012 0","timestamp":"2025-02-14T10:16:06.343Z","userId":"C000001"}
{"count":0,"customer_id":"C000012","filename":"customerModels.js","level":"info","message":"Addresses retrieved for customer ID:","timestamp":"2025-02-14T10:16:06.350Z","userId":"C000001"}
{"filename":"categoryModels.js","level":"info","message":"Corporate categories fetched successfully","timestamp":"2025-02-14T10:16:09.029Z","userId":"C000001"}
{"count":0,"customer_id":"C000012","filename":"customerModels.js","level":"info","message":"Addresses retrieved for customer ID:","timestamp":"2025-02-14T10:16:09.030Z","userId":"C000001"}
{"filename":"categoryModels.js","level":"info","message":"Corporate categories fetched successfully","timestamp":"2025-02-14T10:16:09.044Z","userId":"C000001"}
{"count":0,"customer_id":"C000012","filename":"customerModels.js","level":"info","message":"Addresses retrieved for customer ID:","timestamp":"2025-02-14T10:16:09.046Z","userId":"C000001"}
{"filename":"layer.js","level":"info","message":"Token verified successfully for fetching order details","timestamp":"2025-02-14T10:16:14.131Z","userId":"C000001"}
{"filename":"layer.js","level":"info","message":"Token verified successfully for fetching order details","timestamp":"2025-02-14T10:16:14.180Z","userId":"C000001"}
