{"filename":"app.js","level":"info","message":"Database created or already exists","timestamp":"2024-11-01T20:31:43.110Z","userId":"No userId"}
{"filename":"app.js","level":"info","message":"Connected to the Caterorange DB","timestamp":"2024-11-01T20:31:43.129Z","userId":"No userId"}
{"filename":"tableController.js","level":"info","message":"Groups table created successfully","timestamp":"2024-11-01T20:31:43.131Z","userId":"No userId"}
{"filename":"tableController.js","level":"info","message":"Customer table created successfully","timestamp":"2024-11-01T20:31:43.133Z","userId":"No userId"}
{"filename":"tableController.js","level":"info","message":"Admin table created successfully","timestamp":"2024-11-01T20:31:43.137Z","userId":"No userId"}
{"filename":"tableController.js","level":"info","message":"Addresses table created successfully","timestamp":"2024-11-01T20:31:43.139Z","userId":"No userId"}
{"filename":"tableController.js","level":"info","message":"Payment table created successfully","timestamp":"2024-11-01T20:31:43.140Z","userId":"No userId"}
{"filename":"tableController.js","level":"info","message":"Corporate Orders table created successfully","timestamp":"2024-11-01T20:31:43.147Z","userId":"No userId"}
{"filename":"tableController.js","level":"info","message":"Corporate Category table created successfully","timestamp":"2024-11-01T20:31:43.153Z","userId":"No userId"}
{"filename":"tableController.js","level":"info","message":"Corporate Order Details table created successfully","timestamp":"2024-11-01T20:31:43.155Z","userId":"No userId"}
{"filename":"tableController.js","level":"info","message":"Event Orders table created successfully","timestamp":"2024-11-01T20:31:43.158Z","userId":"No userId"}
{"filename":"tableController.js","level":"info","message":"Event Category table created successfully","timestamp":"2024-11-01T20:31:43.160Z","userId":"No userId"}
{"filename":"tableController.js","level":"info","message":"Event Cart table created successfully","timestamp":"2024-11-01T20:31:43.162Z","userId":"No userId"}
{"filename":"tableController.js","level":"info","message":"Corporate Cart table created successfully","timestamp":"2024-11-01T20:31:43.164Z","userId":"No userId"}
{"filename":"tableController.js","level":"info","message":"Event Products table created successfully","timestamp":"2024-11-01T20:31:43.165Z","userId":"No userId"}
{"filename":"app.js","level":"info","message":"Tables created successfully","timestamp":"2024-11-01T20:31:43.166Z","userId":"No userId"}
{"filename":"app.js","level":"info","message":"Apollo Server started","timestamp":"2024-11-01T20:31:43.226Z","userId":"No userId"}
{"filename":"app.js","level":"info","message":"Server is running on port 4000","timestamp":"2024-11-01T20:31:43.280Z","userId":"No userId"}
{"filename":"app.js","level":"info","message":"GraphQL endpoint: http://localhost:4000/graphql","timestamp":"2024-11-01T20:31:43.281Z","userId":"No userId"}
{"filename":"app.js","level":"info","message":"Database created or already exists","timestamp":"2024-11-01T20:32:02.968Z","userId":"No userId"}
{"filename":"app.js","level":"info","message":"Connected to the Caterorange DB","timestamp":"2024-11-01T20:32:02.986Z","userId":"No userId"}
{"filename":"tableController.js","level":"info","message":"Groups table created successfully","timestamp":"2024-11-01T20:32:02.988Z","userId":"No userId"}
{"filename":"tableController.js","level":"info","message":"Customer table created successfully","timestamp":"2024-11-01T20:32:02.989Z","userId":"No userId"}
{"filename":"tableController.js","level":"info","message":"Admin table created successfully","timestamp":"2024-11-01T20:32:02.990Z","userId":"No userId"}
{"filename":"tableController.js","level":"info","message":"Addresses table created successfully","timestamp":"2024-11-01T20:32:02.993Z","userId":"No userId"}
{"filename":"tableController.js","level":"info","message":"Payment table created successfully","timestamp":"2024-11-01T20:32:02.995Z","userId":"No userId"}
{"filename":"tableController.js","level":"info","message":"Corporate Orders table created successfully","timestamp":"2024-11-01T20:32:03.006Z","userId":"No userId"}
{"filename":"tableController.js","level":"info","message":"Corporate Category table created successfully","timestamp":"2024-11-01T20:32:03.009Z","userId":"No userId"}
{"filename":"tableController.js","level":"info","message":"Corporate Order Details table created successfully","timestamp":"2024-11-01T20:32:03.011Z","userId":"No userId"}
{"filename":"tableController.js","level":"info","message":"Event Orders table created successfully","timestamp":"2024-11-01T20:32:03.015Z","userId":"No userId"}
{"filename":"tableController.js","level":"info","message":"Event Category table created successfully","timestamp":"2024-11-01T20:32:03.017Z","userId":"No userId"}
{"filename":"tableController.js","level":"info","message":"Event Cart table created successfully","timestamp":"2024-11-01T20:32:03.020Z","userId":"No userId"}
{"filename":"tableController.js","level":"info","message":"Corporate Cart table created successfully","timestamp":"2024-11-01T20:32:03.022Z","userId":"No userId"}
{"filename":"tableController.js","level":"info","message":"Event Products table created successfully","timestamp":"2024-11-01T20:32:03.023Z","userId":"No userId"}
{"filename":"app.js","level":"info","message":"Tables created successfully","timestamp":"2024-11-01T20:32:03.023Z","userId":"No userId"}
{"filename":"app.js","level":"info","message":"Apollo Server started","timestamp":"2024-11-01T20:32:03.076Z","userId":"No userId"}
{"filename":"app.js","level":"info","message":"Server is running on port 4000","timestamp":"2024-11-01T20:32:03.123Z","userId":"No userId"}
{"filename":"app.js","level":"info","message":"GraphQL endpoint: http://localhost:4000/graphql","timestamp":"2024-11-01T20:32:03.123Z","userId":"No userId"}
