{"filename":"task_queues","level":"info","message":"Successfully connected to Redis","timestamp":"2025-01-31T10:02:49.955Z","userId":"No userId"}
{"filename":"task_queues","level":"info","message":"Successfully connected to Redis","timestamp":"2025-01-31T10:02:49.961Z","userId":"No userId"}
{"filename":"app.js","level":"info","message":"Database created or already exists","timestamp":"2025-01-31T10:02:50.018Z","userId":"No userId"}
{"filename":"app.js","level":"info","message":"Connected to the Caterorange DB","timestamp":"2025-01-31T10:02:50.051Z","userId":"No userId"}
{"filename":"tableController.js","level":"info","message":"Groups table created successfully","timestamp":"2025-01-31T10:02:50.060Z","userId":"No userId"}
{"filename":"tableController.js","level":"info","message":"Customer table created successfully","timestamp":"2025-01-31T10:02:50.065Z","userId":"No userId"}
{"filename":"tableController.js","level":"info","message":"Admin table created successfully","timestamp":"2025-01-31T10:02:50.069Z","userId":"No userId"}
{"filename":"tableController.js","level":"info","message":"Addresses table created successfully","timestamp":"2025-01-31T10:02:50.072Z","userId":"No userId"}
{"filename":"tableController.js","level":"info","message":"Payment table created successfully","timestamp":"2025-01-31T10:02:50.074Z","userId":"No userId"}
{"filename":"tableController.js","level":"info","message":"Corporate Orders table created successfully","timestamp":"2025-01-31T10:02:50.097Z","userId":"No userId"}
{"filename":"tableController.js","level":"info","message":"Corporate Category table created successfully","timestamp":"2025-01-31T10:02:50.108Z","userId":"No userId"}
{"filename":"tableController.js","level":"info","message":"Corporate Order Details table created successfully","timestamp":"2025-01-31T10:02:50.113Z","userId":"No userId"}
{"filename":"tableController.js","level":"info","message":"Event Orders table created successfully","timestamp":"2025-01-31T10:02:50.121Z","userId":"No userId"}
{"filename":"tableController.js","level":"info","message":"Event Category table created successfully","timestamp":"2025-01-31T10:02:50.125Z","userId":"No userId"}
{"filename":"tableController.js","level":"info","message":"Event Cart table created successfully","timestamp":"2025-01-31T10:02:50.130Z","userId":"No userId"}
{"filename":"tableController.js","level":"info","message":"Corporate Cart table created successfully","timestamp":"2025-01-31T10:02:50.132Z","userId":"No userId"}
{"filename":"tableController.js","level":"info","message":"Event Products table created successfully","timestamp":"2025-01-31T10:02:50.134Z","userId":"No userId"}
{"filename":"task_queues","level":"info","message":"Successfully connected to Redis","timestamp":"2025-01-31T10:03:54.663Z","userId":"No userId"}
{"filename":"task_queues","level":"info","message":"Successfully connected to Redis","timestamp":"2025-01-31T10:03:54.668Z","userId":"No userId"}
{"filename":"app.js","level":"info","message":"Database created or already exists","timestamp":"2025-01-31T10:03:54.690Z","userId":"No userId"}
{"filename":"app.js","level":"info","message":"Connected to the Caterorange DB","timestamp":"2025-01-31T10:03:54.707Z","userId":"No userId"}
{"filename":"tableController.js","level":"info","message":"Groups table created successfully","timestamp":"2025-01-31T10:03:54.710Z","userId":"No userId"}
{"filename":"tableController.js","level":"info","message":"Customer table created successfully","timestamp":"2025-01-31T10:03:54.712Z","userId":"No userId"}
{"filename":"tableController.js","level":"info","message":"Admin table created successfully","timestamp":"2025-01-31T10:03:54.714Z","userId":"No userId"}
{"filename":"tableController.js","level":"info","message":"Addresses table created successfully","timestamp":"2025-01-31T10:03:54.717Z","userId":"No userId"}
{"filename":"tableController.js","level":"info","message":"Payment table created successfully","timestamp":"2025-01-31T10:03:54.718Z","userId":"No userId"}
{"filename":"tableController.js","level":"info","message":"Corporate Orders table created successfully","timestamp":"2025-01-31T10:03:54.728Z","userId":"No userId"}
{"filename":"tableController.js","level":"info","message":"Corporate Category table created successfully","timestamp":"2025-01-31T10:03:54.730Z","userId":"No userId"}
{"filename":"tableController.js","level":"info","message":"Corporate Order Details table created successfully","timestamp":"2025-01-31T10:03:54.731Z","userId":"No userId"}
{"filename":"tableController.js","level":"info","message":"Event Orders table created successfully","timestamp":"2025-01-31T10:03:54.738Z","userId":"No userId"}
{"filename":"tableController.js","level":"info","message":"Event Category table created successfully","timestamp":"2025-01-31T10:03:54.741Z","userId":"No userId"}
{"filename":"tableController.js","level":"info","message":"Event Cart table created successfully","timestamp":"2025-01-31T10:03:54.744Z","userId":"No userId"}
{"filename":"tableController.js","level":"info","message":"Corporate Cart table created successfully","timestamp":"2025-01-31T10:03:54.746Z","userId":"No userId"}
{"filename":"tableController.js","level":"info","message":"Event Products table created successfully","timestamp":"2025-01-31T10:03:54.747Z","userId":"No userId"}
{"filename":"app.js","level":"info","message":"Tables created successfully","timestamp":"2025-01-31T10:03:54.748Z","userId":"No userId"}
{"filename":"app.js","level":"info","message":"Apollo Server started","timestamp":"2025-01-31T10:03:54.843Z","userId":"No userId"}
{"filename":"app.js","level":"info","message":"Server is running on port 4000","timestamp":"2025-01-31T10:03:54.922Z","userId":"No userId"}
{"filename":"app.js","level":"info","message":"GraphQL endpoint: http://localhost:4000/graphql","timestamp":"2025-01-31T10:03:54.923Z","userId":"No userId"}
{"filename":"task_queues","level":"info","message":"Successfully connected to Redis","timestamp":"2025-01-31T10:05:23.423Z","userId":"No userId"}
{"filename":"task_queues","level":"info","message":"Successfully connected to Redis","timestamp":"2025-01-31T10:05:23.428Z","userId":"No userId"}
{"filename":"app.js","level":"info","message":"Database created or already exists","timestamp":"2025-01-31T10:05:23.455Z","userId":"No userId"}
{"filename":"app.js","level":"info","message":"Connected to the Caterorange DB","timestamp":"2025-01-31T10:05:23.471Z","userId":"No userId"}
{"filename":"tableController.js","level":"info","message":"Groups table created successfully","timestamp":"2025-01-31T10:05:23.474Z","userId":"No userId"}
{"filename":"tableController.js","level":"info","message":"Customer table created successfully","timestamp":"2025-01-31T10:05:23.476Z","userId":"No userId"}
{"filename":"tableController.js","level":"info","message":"Admin table created successfully","timestamp":"2025-01-31T10:05:23.480Z","userId":"No userId"}
{"filename":"tableController.js","level":"info","message":"Addresses table created successfully","timestamp":"2025-01-31T10:05:23.482Z","userId":"No userId"}
{"filename":"tableController.js","level":"info","message":"Payment table created successfully","timestamp":"2025-01-31T10:05:23.485Z","userId":"No userId"}
{"filename":"tableController.js","level":"info","message":"Corporate Orders table created successfully","timestamp":"2025-01-31T10:05:23.501Z","userId":"No userId"}
{"filename":"tableController.js","level":"info","message":"Corporate Category table created successfully","timestamp":"2025-01-31T10:05:23.512Z","userId":"No userId"}
{"filename":"tableController.js","level":"info","message":"Corporate Order Details table created successfully","timestamp":"2025-01-31T10:05:23.513Z","userId":"No userId"}
{"filename":"tableController.js","level":"info","message":"Event Orders table created successfully","timestamp":"2025-01-31T10:05:23.521Z","userId":"No userId"}
{"filename":"tableController.js","level":"info","message":"Event Category table created successfully","timestamp":"2025-01-31T10:05:23.523Z","userId":"No userId"}
{"filename":"tableController.js","level":"info","message":"Event Cart table created successfully","timestamp":"2025-01-31T10:05:23.524Z","userId":"No userId"}
{"filename":"tableController.js","level":"info","message":"Corporate Cart table created successfully","timestamp":"2025-01-31T10:05:23.525Z","userId":"No userId"}
{"filename":"tableController.js","level":"info","message":"Event Products table created successfully","timestamp":"2025-01-31T10:05:23.528Z","userId":"No userId"}
{"filename":"app.js","level":"info","message":"Tables created successfully","timestamp":"2025-01-31T10:05:23.529Z","userId":"No userId"}
{"filename":"app.js","level":"info","message":"Apollo Server started","timestamp":"2025-01-31T10:05:23.591Z","userId":"No userId"}
{"filename":"app.js","level":"info","message":"Server is running on port 4000","timestamp":"2025-01-31T10:05:23.651Z","userId":"No userId"}
{"filename":"app.js","level":"info","message":"GraphQL endpoint: http://localhost:4000/graphql","timestamp":"2025-01-31T10:05:23.652Z","userId":"No userId"}
{"filename":"task_queues","level":"info","message":"Successfully connected to Redis","timestamp":"2025-01-31T10:05:50.798Z","userId":"No userId"}
{"filename":"task_queues","level":"info","message":"Successfully connected to Redis","timestamp":"2025-01-31T10:05:50.804Z","userId":"No userId"}
{"filename":"app.js","level":"info","message":"Database created or already exists","timestamp":"2025-01-31T10:05:50.831Z","userId":"No userId"}
{"filename":"app.js","level":"info","message":"Connected to the Caterorange DB","timestamp":"2025-01-31T10:05:50.849Z","userId":"No userId"}
{"filename":"tableController.js","level":"info","message":"Groups table created successfully","timestamp":"2025-01-31T10:05:50.852Z","userId":"No userId"}
{"filename":"tableController.js","level":"info","message":"Customer table created successfully","timestamp":"2025-01-31T10:05:50.854Z","userId":"No userId"}
{"filename":"tableController.js","level":"info","message":"Admin table created successfully","timestamp":"2025-01-31T10:05:50.856Z","userId":"No userId"}
{"filename":"tableController.js","level":"info","message":"Addresses table created successfully","timestamp":"2025-01-31T10:05:50.859Z","userId":"No userId"}
{"filename":"tableController.js","level":"info","message":"Payment table created successfully","timestamp":"2025-01-31T10:05:50.861Z","userId":"No userId"}
{"filename":"tableController.js","level":"info","message":"Corporate Orders table created successfully","timestamp":"2025-01-31T10:05:50.871Z","userId":"No userId"}
{"filename":"tableController.js","level":"info","message":"Corporate Category table created successfully","timestamp":"2025-01-31T10:05:50.874Z","userId":"No userId"}
{"filename":"tableController.js","level":"info","message":"Corporate Order Details table created successfully","timestamp":"2025-01-31T10:05:50.877Z","userId":"No userId"}
{"filename":"tableController.js","level":"info","message":"Event Orders table created successfully","timestamp":"2025-01-31T10:05:50.885Z","userId":"No userId"}
{"filename":"tableController.js","level":"info","message":"Event Category table created successfully","timestamp":"2025-01-31T10:05:50.886Z","userId":"No userId"}
{"filename":"tableController.js","level":"info","message":"Event Cart table created successfully","timestamp":"2025-01-31T10:05:50.888Z","userId":"No userId"}
{"filename":"tableController.js","level":"info","message":"Corporate Cart table created successfully","timestamp":"2025-01-31T10:05:50.889Z","userId":"No userId"}
{"filename":"tableController.js","level":"info","message":"Event Products table created successfully","timestamp":"2025-01-31T10:05:50.890Z","userId":"No userId"}
{"filename":"app.js","level":"info","message":"Tables created successfully","timestamp":"2025-01-31T10:05:50.892Z","userId":"No userId"}
{"filename":"app.js","level":"info","message":"Apollo Server started","timestamp":"2025-01-31T10:05:50.955Z","userId":"No userId"}
{"filename":"app.js","level":"info","message":"Server is running on port 4000","timestamp":"2025-01-31T10:05:51.020Z","userId":"No userId"}
{"filename":"app.js","level":"info","message":"GraphQL endpoint: http://localhost:4000/graphql","timestamp":"2025-01-31T10:05:51.020Z","userId":"No userId"}
{"filename":"task_queues","level":"info","message":"Successfully connected to Redis","timestamp":"2025-01-31T10:05:57.309Z","userId":"No userId"}
{"filename":"task_queues","level":"info","message":"Successfully connected to Redis","timestamp":"2025-01-31T10:05:57.315Z","userId":"No userId"}
{"filename":"app.js","level":"info","message":"Database created or already exists","timestamp":"2025-01-31T10:05:57.339Z","userId":"No userId"}
{"filename":"app.js","level":"info","message":"Connected to the Caterorange DB","timestamp":"2025-01-31T10:05:57.354Z","userId":"No userId"}
{"filename":"tableController.js","level":"info","message":"Groups table created successfully","timestamp":"2025-01-31T10:05:57.357Z","userId":"No userId"}
{"filename":"tableController.js","level":"info","message":"Customer table created successfully","timestamp":"2025-01-31T10:05:57.359Z","userId":"No userId"}
{"filename":"tableController.js","level":"info","message":"Admin table created successfully","timestamp":"2025-01-31T10:05:57.361Z","userId":"No userId"}
{"filename":"tableController.js","level":"info","message":"Addresses table created successfully","timestamp":"2025-01-31T10:05:57.364Z","userId":"No userId"}
{"filename":"tableController.js","level":"info","message":"Payment table created successfully","timestamp":"2025-01-31T10:05:57.366Z","userId":"No userId"}
{"filename":"tableController.js","level":"info","message":"Corporate Orders table created successfully","timestamp":"2025-01-31T10:05:57.374Z","userId":"No userId"}
{"filename":"tableController.js","level":"info","message":"Corporate Category table created successfully","timestamp":"2025-01-31T10:05:57.378Z","userId":"No userId"}
{"filename":"tableController.js","level":"info","message":"Corporate Order Details table created successfully","timestamp":"2025-01-31T10:05:57.380Z","userId":"No userId"}
{"filename":"tableController.js","level":"info","message":"Event Orders table created successfully","timestamp":"2025-01-31T10:05:57.385Z","userId":"No userId"}
{"filename":"tableController.js","level":"info","message":"Event Category table created successfully","timestamp":"2025-01-31T10:05:57.386Z","userId":"No userId"}
{"filename":"tableController.js","level":"info","message":"Event Cart table created successfully","timestamp":"2025-01-31T10:05:57.388Z","userId":"No userId"}
{"filename":"tableController.js","level":"info","message":"Corporate Cart table created successfully","timestamp":"2025-01-31T10:05:57.389Z","userId":"No userId"}
{"filename":"tableController.js","level":"info","message":"Event Products table created successfully","timestamp":"2025-01-31T10:05:57.391Z","userId":"No userId"}
{"filename":"app.js","level":"info","message":"Tables created successfully","timestamp":"2025-01-31T10:05:57.392Z","userId":"No userId"}
{"filename":"app.js","level":"info","message":"Apollo Server started","timestamp":"2025-01-31T10:05:57.456Z","userId":"No userId"}
{"filename":"app.js","level":"info","message":"Server is running on port 4000","timestamp":"2025-01-31T10:05:57.522Z","userId":"No userId"}
{"filename":"app.js","level":"info","message":"GraphQL endpoint: http://localhost:4000/graphql","timestamp":"2025-01-31T10:05:57.522Z","userId":"No userId"}
{"filename":"task_queues","level":"info","message":"Successfully connected to Redis","timestamp":"2025-01-31T10:06:02.918Z","userId":"No userId"}
{"filename":"task_queues","level":"info","message":"Successfully connected to Redis","timestamp":"2025-01-31T10:06:02.923Z","userId":"No userId"}
{"filename":"app.js","level":"info","message":"Database created or already exists","timestamp":"2025-01-31T10:06:02.942Z","userId":"No userId"}
{"filename":"app.js","level":"info","message":"Connected to the Caterorange DB","timestamp":"2025-01-31T10:06:02.957Z","userId":"No userId"}
{"filename":"tableController.js","level":"info","message":"Groups table created successfully","timestamp":"2025-01-31T10:06:02.960Z","userId":"No userId"}
{"filename":"tableController.js","level":"info","message":"Customer table created successfully","timestamp":"2025-01-31T10:06:02.961Z","userId":"No userId"}
{"filename":"tableController.js","level":"info","message":"Admin table created successfully","timestamp":"2025-01-31T10:06:02.963Z","userId":"No userId"}
{"filename":"tableController.js","level":"info","message":"Addresses table created successfully","timestamp":"2025-01-31T10:06:02.965Z","userId":"No userId"}
{"filename":"tableController.js","level":"info","message":"Payment table created successfully","timestamp":"2025-01-31T10:06:02.967Z","userId":"No userId"}
{"filename":"tableController.js","level":"info","message":"Corporate Orders table created successfully","timestamp":"2025-01-31T10:06:02.977Z","userId":"No userId"}
{"filename":"tableController.js","level":"info","message":"Corporate Category table created successfully","timestamp":"2025-01-31T10:06:02.980Z","userId":"No userId"}
{"filename":"tableController.js","level":"info","message":"Corporate Order Details table created successfully","timestamp":"2025-01-31T10:06:02.982Z","userId":"No userId"}
{"filename":"tableController.js","level":"info","message":"Event Orders table created successfully","timestamp":"2025-01-31T10:06:02.987Z","userId":"No userId"}
{"filename":"tableController.js","level":"info","message":"Event Category table created successfully","timestamp":"2025-01-31T10:06:02.989Z","userId":"No userId"}
{"filename":"tableController.js","level":"info","message":"Event Cart table created successfully","timestamp":"2025-01-31T10:06:02.990Z","userId":"No userId"}
{"filename":"tableController.js","level":"info","message":"Corporate Cart table created successfully","timestamp":"2025-01-31T10:06:02.992Z","userId":"No userId"}
{"filename":"tableController.js","level":"info","message":"Event Products table created successfully","timestamp":"2025-01-31T10:06:02.993Z","userId":"No userId"}
{"filename":"app.js","level":"info","message":"Tables created successfully","timestamp":"2025-01-31T10:06:02.994Z","userId":"No userId"}
{"filename":"app.js","level":"info","message":"Apollo Server started","timestamp":"2025-01-31T10:06:03.051Z","userId":"No userId"}
{"filename":"app.js","level":"info","message":"Server is running on port 4000","timestamp":"2025-01-31T10:06:03.113Z","userId":"No userId"}
{"filename":"app.js","level":"info","message":"GraphQL endpoint: http://localhost:4000/graphql","timestamp":"2025-01-31T10:06:03.114Z","userId":"No userId"}
{"filename":"task_queues","level":"info","message":"Successfully connected to Redis","timestamp":"2025-01-31T10:06:08.346Z","userId":"No userId"}
{"filename":"task_queues","level":"info","message":"Successfully connected to Redis","timestamp":"2025-01-31T10:06:08.352Z","userId":"No userId"}
{"filename":"app.js","level":"info","message":"Database created or already exists","timestamp":"2025-01-31T10:06:08.373Z","userId":"No userId"}
{"filename":"app.js","level":"info","message":"Connected to the Caterorange DB","timestamp":"2025-01-31T10:06:08.388Z","userId":"No userId"}
{"filename":"tableController.js","level":"info","message":"Groups table created successfully","timestamp":"2025-01-31T10:06:08.392Z","userId":"No userId"}
{"filename":"tableController.js","level":"info","message":"Customer table created successfully","timestamp":"2025-01-31T10:06:08.394Z","userId":"No userId"}
{"filename":"tableController.js","level":"info","message":"Admin table created successfully","timestamp":"2025-01-31T10:06:08.397Z","userId":"No userId"}
{"filename":"tableController.js","level":"info","message":"Addresses table created successfully","timestamp":"2025-01-31T10:06:08.399Z","userId":"No userId"}
{"filename":"tableController.js","level":"info","message":"Payment table created successfully","timestamp":"2025-01-31T10:06:08.400Z","userId":"No userId"}
{"filename":"tableController.js","level":"info","message":"Corporate Orders table created successfully","timestamp":"2025-01-31T10:06:08.413Z","userId":"No userId"}
{"filename":"tableController.js","level":"info","message":"Corporate Category table created successfully","timestamp":"2025-01-31T10:06:08.416Z","userId":"No userId"}
{"filename":"tableController.js","level":"info","message":"Corporate Order Details table created successfully","timestamp":"2025-01-31T10:06:08.418Z","userId":"No userId"}
{"filename":"tableController.js","level":"info","message":"Event Orders table created successfully","timestamp":"2025-01-31T10:06:08.424Z","userId":"No userId"}
{"filename":"tableController.js","level":"info","message":"Event Category table created successfully","timestamp":"2025-01-31T10:06:08.427Z","userId":"No userId"}
{"filename":"tableController.js","level":"info","message":"Event Cart table created successfully","timestamp":"2025-01-31T10:06:08.428Z","userId":"No userId"}
{"filename":"tableController.js","level":"info","message":"Corporate Cart table created successfully","timestamp":"2025-01-31T10:06:08.430Z","userId":"No userId"}
{"filename":"tableController.js","level":"info","message":"Event Products table created successfully","timestamp":"2025-01-31T10:06:08.435Z","userId":"No userId"}
{"filename":"app.js","level":"info","message":"Tables created successfully","timestamp":"2025-01-31T10:06:08.436Z","userId":"No userId"}
{"filename":"app.js","level":"info","message":"Apollo Server started","timestamp":"2025-01-31T10:06:08.499Z","userId":"No userId"}
{"filename":"app.js","level":"info","message":"Server is running on port 4000","timestamp":"2025-01-31T10:06:08.559Z","userId":"No userId"}
{"filename":"app.js","level":"info","message":"GraphQL endpoint: http://localhost:4000/graphql","timestamp":"2025-01-31T10:06:08.559Z","userId":"No userId"}
{"filename":"task_queues","level":"info","message":"Successfully connected to Redis","timestamp":"2025-01-31T10:06:12.173Z","userId":"No userId"}
{"filename":"task_queues","level":"info","message":"Successfully connected to Redis","timestamp":"2025-01-31T10:06:12.185Z","userId":"No userId"}
{"filename":"app.js","level":"info","message":"Database created or already exists","timestamp":"2025-01-31T10:06:12.207Z","userId":"No userId"}
{"filename":"app.js","level":"info","message":"Connected to the Caterorange DB","timestamp":"2025-01-31T10:06:12.229Z","userId":"No userId"}
{"filename":"tableController.js","level":"info","message":"Groups table created successfully","timestamp":"2025-01-31T10:06:12.232Z","userId":"No userId"}
{"filename":"tableController.js","level":"info","message":"Customer table created successfully","timestamp":"2025-01-31T10:06:12.234Z","userId":"No userId"}
{"filename":"tableController.js","level":"info","message":"Admin table created successfully","timestamp":"2025-01-31T10:06:12.239Z","userId":"No userId"}
{"filename":"tableController.js","level":"info","message":"Addresses table created successfully","timestamp":"2025-01-31T10:06:12.242Z","userId":"No userId"}
{"filename":"tableController.js","level":"info","message":"Payment table created successfully","timestamp":"2025-01-31T10:06:12.246Z","userId":"No userId"}
{"filename":"tableController.js","level":"info","message":"Corporate Orders table created successfully","timestamp":"2025-01-31T10:06:12.256Z","userId":"No userId"}
{"filename":"tableController.js","level":"info","message":"Corporate Category table created successfully","timestamp":"2025-01-31T10:06:12.265Z","userId":"No userId"}
{"filename":"tableController.js","level":"info","message":"Corporate Order Details table created successfully","timestamp":"2025-01-31T10:06:12.267Z","userId":"No userId"}
{"filename":"tableController.js","level":"info","message":"Event Orders table created successfully","timestamp":"2025-01-31T10:06:12.273Z","userId":"No userId"}
{"filename":"tableController.js","level":"info","message":"Event Category table created successfully","timestamp":"2025-01-31T10:06:12.276Z","userId":"No userId"}
{"filename":"tableController.js","level":"info","message":"Event Cart table created successfully","timestamp":"2025-01-31T10:06:12.277Z","userId":"No userId"}
{"filename":"tableController.js","level":"info","message":"Corporate Cart table created successfully","timestamp":"2025-01-31T10:06:12.279Z","userId":"No userId"}
{"filename":"tableController.js","level":"info","message":"Event Products table created successfully","timestamp":"2025-01-31T10:06:12.288Z","userId":"No userId"}
{"filename":"app.js","level":"info","message":"Tables created successfully","timestamp":"2025-01-31T10:06:12.289Z","userId":"No userId"}
{"filename":"app.js","level":"info","message":"Apollo Server started","timestamp":"2025-01-31T10:06:12.354Z","userId":"No userId"}
{"filename":"app.js","level":"info","message":"Server is running on port 4000","timestamp":"2025-01-31T10:06:12.439Z","userId":"No userId"}
{"filename":"app.js","level":"info","message":"GraphQL endpoint: http://localhost:4000/graphql","timestamp":"2025-01-31T10:06:12.440Z","userId":"No userId"}
