{"filename":"app.js","level":"info","message":"Database created or already exists","timestamp":"2024-09-25T08:07:53.861Z","userId":"No userId"}
{"filename":"app.js","level":"info","message":"Connected to the Caterorange DB","timestamp":"2024-09-25T08:07:53.907Z","userId":"No userId"}
{"filename":"tableController.js","level":"info","message":"Groups table created successfully","timestamp":"2024-09-25T08:07:53.909Z","userId":"No userId"}
{"filename":"tableController.js","level":"info","message":"Customer table created successfully","timestamp":"2024-09-25T08:07:53.911Z","userId":"No userId"}
{"filename":"tableController.js","level":"info","message":"Admin table created successfully","timestamp":"2024-09-25T08:07:53.912Z","userId":"No userId"}
{"filename":"tableController.js","level":"info","message":"Addresses table created successfully","timestamp":"2024-09-25T08:07:53.914Z","userId":"No userId"}
{"filename":"tableController.js","level":"info","message":"Payment table created successfully","timestamp":"2024-09-25T08:07:53.915Z","userId":"No userId"}
{"filename":"tableController.js","level":"info","message":"Corporate Orders table created successfully","timestamp":"2024-09-25T08:07:53.924Z","userId":"No userId"}
{"filename":"tableController.js","level":"info","message":"Corporate Category table created successfully","timestamp":"2024-09-25T08:07:53.926Z","userId":"No userId"}
{"filename":"tableController.js","level":"info","message":"Corporate Order Details table created successfully","timestamp":"2024-09-25T08:07:53.928Z","userId":"No userId"}
{"filename":"tableController.js","level":"info","message":"Event Orders table created successfully","timestamp":"2024-09-25T08:07:53.931Z","userId":"No userId"}
{"filename":"tableController.js","level":"info","message":"Event Category table created successfully","timestamp":"2024-09-25T08:07:53.932Z","userId":"No userId"}
{"filename":"tableController.js","level":"info","message":"Event Cart table created successfully","timestamp":"2024-09-25T08:07:53.933Z","userId":"No userId"}
{"filename":"tableController.js","level":"info","message":"Corporate Cart table created successfully","timestamp":"2024-09-25T08:07:53.934Z","userId":"No userId"}
{"filename":"tableController.js","level":"info","message":"Event Products table created successfully","timestamp":"2024-09-25T08:07:53.936Z","userId":"No userId"}
{"filename":"app.js","level":"info","message":"Tables created successfully","timestamp":"2024-09-25T08:07:53.937Z","userId":"No userId"}
{"filename":"app.js","level":"info","message":"Apollo Server started","timestamp":"2024-09-25T08:07:54.028Z","userId":"No userId"}
{"filename":"app.js","level":"info","message":"Server is running on port 4000","timestamp":"2024-09-25T08:07:54.032Z","userId":"No userId"}
{"filename":"app.js","level":"info","message":"GraphQL endpoint: http://localhost:4000/graphql","timestamp":"2024-09-25T08:07:54.033Z","userId":"No userId"}
{"filename":"app.js","level":"info","message":"Database created or already exists","timestamp":"2024-09-25T08:08:47.302Z","userId":"No userId"}
{"filename":"app.js","level":"info","message":"Connected to the Caterorange DB","timestamp":"2024-09-25T08:08:47.375Z","userId":"No userId"}
{"filename":"tableController.js","level":"info","message":"Groups table created successfully","timestamp":"2024-09-25T08:08:47.379Z","userId":"No userId"}
{"filename":"tableController.js","level":"info","message":"Customer table created successfully","timestamp":"2024-09-25T08:08:47.381Z","userId":"No userId"}
{"filename":"tableController.js","level":"info","message":"Admin table created successfully","timestamp":"2024-09-25T08:08:47.383Z","userId":"No userId"}
{"filename":"tableController.js","level":"info","message":"Addresses table created successfully","timestamp":"2024-09-25T08:08:47.385Z","userId":"No userId"}
{"filename":"tableController.js","level":"info","message":"Payment table created successfully","timestamp":"2024-09-25T08:08:47.386Z","userId":"No userId"}
{"filename":"tableController.js","level":"info","message":"Corporate Orders table created successfully","timestamp":"2024-09-25T08:08:47.398Z","userId":"No userId"}
{"filename":"tableController.js","level":"info","message":"Corporate Category table created successfully","timestamp":"2024-09-25T08:08:47.400Z","userId":"No userId"}
{"filename":"tableController.js","level":"info","message":"Corporate Order Details table created successfully","timestamp":"2024-09-25T08:08:47.402Z","userId":"No userId"}
{"filename":"tableController.js","level":"info","message":"Event Orders table created successfully","timestamp":"2024-09-25T08:08:47.406Z","userId":"No userId"}
{"filename":"tableController.js","level":"info","message":"Event Category table created successfully","timestamp":"2024-09-25T08:08:47.409Z","userId":"No userId"}
{"filename":"tableController.js","level":"info","message":"Event Cart table created successfully","timestamp":"2024-09-25T08:08:47.411Z","userId":"No userId"}
{"filename":"tableController.js","level":"info","message":"Corporate Cart table created successfully","timestamp":"2024-09-25T08:08:47.413Z","userId":"No userId"}
{"filename":"tableController.js","level":"info","message":"Event Products table created successfully","timestamp":"2024-09-25T08:08:47.415Z","userId":"No userId"}
{"filename":"app.js","level":"info","message":"Tables created successfully","timestamp":"2024-09-25T08:08:47.416Z","userId":"No userId"}
{"filename":"app.js","level":"info","message":"Apollo Server started","timestamp":"2024-09-25T08:08:47.557Z","userId":"No userId"}
{"filename":"app.js","level":"info","message":"Server is running on port 4000","timestamp":"2024-09-25T08:08:47.564Z","userId":"No userId"}
{"filename":"app.js","level":"info","message":"GraphQL endpoint: http://localhost:4000/graphql","timestamp":"2024-09-25T08:08:47.565Z","userId":"No userId"}
{"customer_email":"a@gmail.com","filename":"customerModels.js","level":"info","message":"User data added successfully","timestamp":"2024-09-25T08:09:12.357Z","userId":"No userId"}
{"filename":"addressModels.js","level":"info","message":"Default address retrieved successfully","timestamp":"2024-09-25T08:09:35.474Z","userId":"C000019"}
{"filename":"addressModels.js","level":"info","message":"Default address retrieved successfully","timestamp":"2024-09-25T08:09:35.479Z","userId":"C000019"}
{"filename":"addressModels.js","level":"info","message":"address added successfully","timestamp":"2024-09-25T08:09:48.954Z","userId":"C000019"}
{"0":"e","1":"y","10":"J","100":"s","101":"c","102":"2","103":"U","104":"s","105":"I","106":"m","107":"l","108":"h","109":"d","11":"I","110":"C","111":"I","112":"6","113":"M","114":"T","115":"c","116":"y","117":"N","118":"z","119":"E","12":"U","120":"4","121":"M","122":"z","123":"g","124":"x","125":"N","126":"i","127":"w","128":"i","129":"Z","13":"z","130":"X","131":"h","132":"w","133":"I","134":"j","135":"o","136":"x","137":"N","138":"z","139":"I","14":"I","140":"3","141":"M","142":"j","143":"c","144":"w","145":"M","146":"j","147":"E","148":"2","149":"f","15":"1","150":"Q","151":".","152":"Y","153":"o","154":"8","155":"l","156":"X","157":"3","158":"e","159":"K","16":"N","160":"Z","161":"z","162":"A","163":"0","164":"S","165":"o","166":"s","167":"J","168":"6","169":"j","17":"i","170":"L","171":"Y","172":"L","173":"O","174":"w","175":"z","176":"N","177":"o","178":"f","179":"w","18":"I","180":"B","181":"f","182":"9","183":"6","184":"k","185":"z","186":"F","187":"l","188":"m","189":"A","19":"s","190":"k","191":"D","192":"B","193":"d","194":"E","2":"J","20":"I","21":"n","22":"R","23":"5","24":"c","25":"C","26":"I","27":"6","28":"I","29":"k","3":"h","30":"p","31":"X","32":"V","33":"C","34":"J","35":"9","36":".","37":"e","38":"y","39":"J","4":"b","40":"l","41":"b","42":"W","43":"F","44":"p","45":"b","46":"C","47":"I","48":"6","49":"I","5":"G","50":"n","51":"B","52":"1","53":"b","54":"m","55":"V","56":"l","57":"d","58":"G","59":"h","6":"c","60":"h","61":"Q","62":"H","63":"N","64":"h","65":"b","66":"G","67":"V","68":"v","69":"c","7":"i","70":"m","71":"F","72":"u","73":"Z","74":"2","75":"U","76":"u","77":"Y","78":"2","79":"9","8":"O","80":"t","81":"I","82":"i","83":"w","84":"i","85":"a","86":"X","87":"N","88":"B","89":"Z","9":"i","90":"G","91":"1","92":"p","93":"b","94":"i","95":"I","96":"6","97":"Z","98":"m","99":"F","filename":"customerController.js","level":"info","message":"Token verified successfully","timestamp":"2024-09-25T08:10:20.447Z","userId":"C000004"}
{"filename":"addressModels.js","level":"info","message":"Default address retrieved successfully","timestamp":"2024-09-25T08:10:24.547Z","userId":"C000004"}
{"filename":"addressModels.js","level":"info","message":"Default address retrieved successfully","timestamp":"2024-09-25T08:10:24.554Z","userId":"C000004"}
{"filename":"addressModels.js","level":"info","message":"address added successfully","timestamp":"2024-09-25T08:10:32.756Z","userId":"C000004"}
{"0":"a","1":"@","10":"m","2":"g","3":"m","4":"a","5":"i","6":"l","7":".","8":"c","9":"o","filename":"customerController.js","level":"info","message":"Sending OTP to:","timestamp":"2024-09-25T08:11:00.227Z","userId":"C000004"}
{"0":"a","1":"@","10":"m","2":"g","3":"m","4":"a","5":"i","6":"l","7":".","8":"c","9":"o","filename":"index.js","level":"info","message":"OTP sent successfully to:","timestamp":"2024-09-25T08:11:02.692Z","userId":"C000004"}
{"0":"p","1":"u","10":"a","11":"l","12":"e","13":"o","14":"r","15":"a","16":"n","17":"g","18":"e","19":".","2":"n","20":"c","21":"o","22":"m","3":"e","4":"e","5":"t","6":"h","7":"@","8":"s","9":"c","filename":"customerController.js","level":"info","message":"Sending OTP to:","timestamp":"2024-09-25T08:11:48.001Z","userId":"C000004"}
{"0":"p","1":"u","10":"a","11":"l","12":"e","13":"o","14":"r","15":"a","16":"n","17":"g","18":"e","19":".","2":"n","20":"c","21":"o","22":"m","3":"e","4":"e","5":"t","6":"h","7":"@","8":"s","9":"c","filename":"index.js","level":"info","message":"OTP sent successfully to:","timestamp":"2024-09-25T08:11:50.294Z","userId":"C000004"}
{"0":"p","1":"u","10":"a","11":"l","12":"e","13":"o","14":"r","15":"a","16":"n","17":"g","18":"e","19":".","2":"n","20":"c","21":"o","22":"m","3":"e","4":"e","5":"t","6":"h","7":"@","8":"s","9":"c","filename":"customerController.js","level":"info","message":"OTP verified successfully for:","timestamp":"2024-09-25T08:12:12.028Z","userId":"C000004"}
{"filename":"customerController.js","level":"info","message":"New token generated","timestamp":"2024-09-25T08:12:18.611Z","token":"eyJhbGciOiJIUzI1NiIsInR5cCI6IkpXVCJ9.eyJlbWFpbCI6InB1bmVldGhAc2NhbGVvcmFuZ2UuY29tIiwiaWQiOiJDMDAwMDAyIiwiaWF0IjoxNzI3MjUxOTM4LCJleHAiOjE3MjczMzgzMzh9.7opbB9TiLaDQZKiV2lgSGXkkvYewepHKl-NlkVA_tQM","userId":"C000002"}
{"customer_email":"puneeth@scaleorange.com","filename":"customerModels.js","level":"info","message":"Customer password updated successfully","timestamp":"2024-09-25T08:12:18.613Z","userId":"C000002"}
{"filename":"corporateorderModels.js","level":"info","message":"cart data added successfully","timestamp":"2024-09-25T08:12:44.590Z","userId":"C000002"}
{"filename":"corporateorderController.js","level":"info","message":"Cart added successfully","timestamp":"2024-09-25T08:12:44.590Z","userId":"C000002"}
{"filename":"corporateorderModels.js","level":"info","message":"Fetching corporate carts...","timestamp":"2024-09-25T08:12:46.606Z","userId":"C000002"}
{"access_token":"eyJhbGciOiJIUzI1NiIsInR5cCI6IkpXVCJ9.eyJlbWFpbCI6InB1bmVldGhAc2NhbGVvcmFuZ2UuY29tIiwiaWQiOiJDMDAwMDAyIiwiaWF0IjoxNzI3MjUxOTM4LCJleHAiOjE3MjczMzgzMzh9.7opbB9TiLaDQZKiV2lgSGXkkvYewepHKl-NlkVA_tQM","createdat":"2024-09-23T07:24:35.422Z","customer_email":"puneeth@scaleorange.com","customer_generated_id":"C000002","customer_id":2,"customer_name":"puneeth","customer_password":"$2a$12$gmwwebAaE8N7r4hz.jR4luRMem88jIICYw5vPuB80dKmyrH5zNWAO","customer_phonenumber":"1111111111","filename":"customerModels.js","group_id":null,"isdeactivated":false,"lastloginat":null,"level":"info","message":"customer in model","timestamp":"2024-09-25T08:12:46.608Z","userId":"C000002","wallet_amount":null}
{"filename":"corporateorderModels.js","level":"info","message":"Corporate carts fetched successfully: 3 carts","timestamp":"2024-09-25T08:12:46.610Z","userId":"C000002"}
{"filename":"customerModels.js","level":"info","message":"No carts found","timestamp":"2024-09-25T08:12:46.616Z","userId":"C000002"}
{"filename":"corporateorderModels.js","level":"info","message":"Fetching corporate carts...","timestamp":"2024-09-25T08:12:46.634Z","userId":"C000002"}
{"access_token":"eyJhbGciOiJIUzI1NiIsInR5cCI6IkpXVCJ9.eyJlbWFpbCI6InB1bmVldGhAc2NhbGVvcmFuZ2UuY29tIiwiaWQiOiJDMDAwMDAyIiwiaWF0IjoxNzI3MjUxOTM4LCJleHAiOjE3MjczMzgzMzh9.7opbB9TiLaDQZKiV2lgSGXkkvYewepHKl-NlkVA_tQM","createdat":"2024-09-23T07:24:35.422Z","customer_email":"puneeth@scaleorange.com","customer_generated_id":"C000002","customer_id":2,"customer_name":"puneeth","customer_password":"$2a$12$gmwwebAaE8N7r4hz.jR4luRMem88jIICYw5vPuB80dKmyrH5zNWAO","customer_phonenumber":"1111111111","filename":"customerModels.js","group_id":null,"isdeactivated":false,"lastloginat":null,"level":"info","message":"customer in model","timestamp":"2024-09-25T08:12:46.635Z","userId":"C000002","wallet_amount":null}
{"filename":"corporateorderModels.js","level":"info","message":"Corporate carts fetched successfully: 3 carts","timestamp":"2024-09-25T08:12:46.637Z","userId":"C000002"}
{"filename":"customerModels.js","level":"info","message":"No carts found","timestamp":"2024-09-25T08:12:46.640Z","userId":"C000002"}
{"error":"insert or update on table \"corporate_orders\" violates foreign key constraint \"corporate_orders_customer_generated_id_fkey\"","filename":"corporateorderModels.js","level":"error","message":"Error transferring cart to orders in model","stack":"error: insert or update on table \"corporate_orders\" violates foreign key constraint \"corporate_orders_customer_generated_id_fkey\"\n    at C:\\Users\\chand\\Music\\Caterorange\\CaterOrange\\Backend\\src\\node_modules\\pg\\lib\\client.js:526:17\n    at process.processTicksAndRejections (node:internal/process/task_queues:95:5)\n    at async Object.insertCartToOrder (C:\\Users\\chand\\Music\\Caterorange\\CaterOrange\\Backend\\src\\models\\corporateorderModels.js:117:22)\n    at async transferCartToOrder (C:\\Users\\chand\\Music\\Caterorange\\CaterOrange\\Backend\\src\\controller\\corporateorderController.js:225:19)","timestamp":"2024-09-25T08:12:57.141Z","userId":"C000002"}
{"error":"insert or update on table \"corporate_orders\" violates foreign key constraint \"corporate_orders_customer_generated_id_fkey\"","filename":"corporateorderModels.js","level":"error","message":"Error transferring cart to orders in model","stack":"error: insert or update on table \"corporate_orders\" violates foreign key constraint \"corporate_orders_customer_generated_id_fkey\"\n    at C:\\Users\\chand\\Music\\Caterorange\\CaterOrange\\Backend\\src\\node_modules\\pg\\lib\\client.js:526:17\n    at process.processTicksAndRejections (node:internal/process/task_queues:95:5)\n    at async Object.insertCartToOrder (C:\\Users\\chand\\Music\\Caterorange\\CaterOrange\\Backend\\src\\models\\corporateorderModels.js:117:22)\n    at async transferCartToOrder (C:\\Users\\chand\\Music\\Caterorange\\CaterOrange\\Backend\\src\\controller\\corporateorderController.js:225:19)","timestamp":"2024-09-25T08:12:57.989Z","userId":"C000002"}
{"error":"insert or update on table \"corporate_orders\" violates foreign key constraint \"corporate_orders_customer_generated_id_fkey\"","filename":"corporateorderModels.js","level":"error","message":"Error transferring cart to orders in model","stack":"error: insert or update on table \"corporate_orders\" violates foreign key constraint \"corporate_orders_customer_generated_id_fkey\"\n    at C:\\Users\\chand\\Music\\Caterorange\\CaterOrange\\Backend\\src\\node_modules\\pg\\lib\\client.js:526:17\n    at process.processTicksAndRejections (node:internal/process/task_queues:95:5)\n    at async Object.insertCartToOrder (C:\\Users\\chand\\Music\\Caterorange\\CaterOrange\\Backend\\src\\models\\corporateorderModels.js:117:22)\n    at async transferCartToOrder (C:\\Users\\chand\\Music\\Caterorange\\CaterOrange\\Backend\\src\\controller\\corporateorderController.js:225:19)","timestamp":"2024-09-25T08:13:00.309Z","userId":"C000002"}
{"error":"insert or update on table \"corporate_orders\" violates foreign key constraint \"corporate_orders_customer_generated_id_fkey\"","filename":"corporateorderModels.js","level":"error","message":"Error transferring cart to orders in model","stack":"error: insert or update on table \"corporate_orders\" violates foreign key constraint \"corporate_orders_customer_generated_id_fkey\"\n    at C:\\Users\\chand\\Music\\Caterorange\\CaterOrange\\Backend\\src\\node_modules\\pg\\lib\\client.js:526:17\n    at process.processTicksAndRejections (node:internal/process/task_queues:95:5)\n    at async Object.insertCartToOrder (C:\\Users\\chand\\Music\\Caterorange\\CaterOrange\\Backend\\src\\models\\corporateorderModels.js:117:22)\n    at async transferCartToOrder (C:\\Users\\chand\\Music\\Caterorange\\CaterOrange\\Backend\\src\\controller\\corporateorderController.js:225:19)","timestamp":"2024-09-25T08:13:02.062Z","userId":"C000002"}
{"error":"insert or update on table \"corporate_orders\" violates foreign key constraint \"corporate_orders_customer_generated_id_fkey\"","filename":"corporateorderModels.js","level":"error","message":"Error transferring cart to orders in model","stack":"error: insert or update on table \"corporate_orders\" violates foreign key constraint \"corporate_orders_customer_generated_id_fkey\"\n    at C:\\Users\\chand\\Music\\Caterorange\\CaterOrange\\Backend\\src\\node_modules\\pg\\lib\\client.js:526:17\n    at process.processTicksAndRejections (node:internal/process/task_queues:95:5)\n    at async Object.insertCartToOrder (C:\\Users\\chand\\Music\\Caterorange\\CaterOrange\\Backend\\src\\models\\corporateorderModels.js:117:22)\n    at async transferCartToOrder (C:\\Users\\chand\\Music\\Caterorange\\CaterOrange\\Backend\\src\\controller\\corporateorderController.js:225:19)","timestamp":"2024-09-25T08:13:02.303Z","userId":"C000002"}
{"error":"insert or update on table \"corporate_orders\" violates foreign key constraint \"corporate_orders_customer_generated_id_fkey\"","filename":"corporateorderModels.js","level":"error","message":"Error transferring cart to orders in model","stack":"error: insert or update on table \"corporate_orders\" violates foreign key constraint \"corporate_orders_customer_generated_id_fkey\"\n    at C:\\Users\\chand\\Music\\Caterorange\\CaterOrange\\Backend\\src\\node_modules\\pg\\lib\\client.js:526:17\n    at process.processTicksAndRejections (node:internal/process/task_queues:95:5)\n    at async Object.insertCartToOrder (C:\\Users\\chand\\Music\\Caterorange\\CaterOrange\\Backend\\src\\models\\corporateorderModels.js:117:22)\n    at async transferCartToOrder (C:\\Users\\chand\\Music\\Caterorange\\CaterOrange\\Backend\\src\\controller\\corporateorderController.js:225:19)","timestamp":"2024-09-25T08:13:10.839Z","userId":"C000002"}
{"error":"insert or update on table \"corporate_orders\" violates foreign key constraint \"corporate_orders_customer_generated_id_fkey\"","filename":"corporateorderModels.js","level":"error","message":"Error transferring cart to orders in model","stack":"error: insert or update on table \"corporate_orders\" violates foreign key constraint \"corporate_orders_customer_generated_id_fkey\"\n    at C:\\Users\\chand\\Music\\Caterorange\\CaterOrange\\Backend\\src\\node_modules\\pg\\lib\\client.js:526:17\n    at process.processTicksAndRejections (node:internal/process/task_queues:95:5)\n    at async Object.insertCartToOrder (C:\\Users\\chand\\Music\\Caterorange\\CaterOrange\\Backend\\src\\models\\corporateorderModels.js:117:22)\n    at async transferCartToOrder (C:\\Users\\chand\\Music\\Caterorange\\CaterOrange\\Backend\\src\\controller\\corporateorderController.js:225:19)","timestamp":"2024-09-25T08:13:11.330Z","userId":"C000002"}
{"error":"insert or update on table \"corporate_orders\" violates foreign key constraint \"corporate_orders_customer_generated_id_fkey\"","filename":"corporateorderModels.js","level":"error","message":"Error transferring cart to orders in model","stack":"error: insert or update on table \"corporate_orders\" violates foreign key constraint \"corporate_orders_customer_generated_id_fkey\"\n    at C:\\Users\\chand\\Music\\Caterorange\\CaterOrange\\Backend\\src\\node_modules\\pg\\lib\\client.js:526:17\n    at process.processTicksAndRejections (node:internal/process/task_queues:95:5)\n    at async Object.insertCartToOrder (C:\\Users\\chand\\Music\\Caterorange\\CaterOrange\\Backend\\src\\models\\corporateorderModels.js:117:22)\n    at async transferCartToOrder (C:\\Users\\chand\\Music\\Caterorange\\CaterOrange\\Backend\\src\\controller\\corporateorderController.js:225:19)","timestamp":"2024-09-25T08:13:11.714Z","userId":"C000002"}
{"error":"insert or update on table \"corporate_orders\" violates foreign key constraint \"corporate_orders_customer_generated_id_fkey\"","filename":"corporateorderModels.js","level":"error","message":"Error transferring cart to orders in model","stack":"error: insert or update on table \"corporate_orders\" violates foreign key constraint \"corporate_orders_customer_generated_id_fkey\"\n    at C:\\Users\\chand\\Music\\Caterorange\\CaterOrange\\Backend\\src\\node_modules\\pg\\lib\\client.js:526:17\n    at process.processTicksAndRejections (node:internal/process/task_queues:95:5)\n    at async Object.insertCartToOrder (C:\\Users\\chand\\Music\\Caterorange\\CaterOrange\\Backend\\src\\models\\corporateorderModels.js:117:22)\n    at async transferCartToOrder (C:\\Users\\chand\\Music\\Caterorange\\CaterOrange\\Backend\\src\\controller\\corporateorderController.js:225:19)","timestamp":"2024-09-25T08:13:11.941Z","userId":"C000002"}
{"error":"insert or update on table \"corporate_orders\" violates foreign key constraint \"corporate_orders_customer_generated_id_fkey\"","filename":"corporateorderModels.js","level":"error","message":"Error transferring cart to orders in model","stack":"error: insert or update on table \"corporate_orders\" violates foreign key constraint \"corporate_orders_customer_generated_id_fkey\"\n    at C:\\Users\\chand\\Music\\Caterorange\\CaterOrange\\Backend\\src\\node_modules\\pg\\lib\\client.js:526:17\n    at process.processTicksAndRejections (node:internal/process/task_queues:95:5)\n    at async Object.insertCartToOrder (C:\\Users\\chand\\Music\\Caterorange\\CaterOrange\\Backend\\src\\models\\corporateorderModels.js:117:22)\n    at async transferCartToOrder (C:\\Users\\chand\\Music\\Caterorange\\CaterOrange\\Backend\\src\\controller\\corporateorderController.js:225:19)","timestamp":"2024-09-25T08:13:12.228Z","userId":"C000002"}
{"error":"insert or update on table \"corporate_orders\" violates foreign key constraint \"corporate_orders_customer_generated_id_fkey\"","filename":"corporateorderModels.js","level":"error","message":"Error transferring cart to orders in model","stack":"error: insert or update on table \"corporate_orders\" violates foreign key constraint \"corporate_orders_customer_generated_id_fkey\"\n    at C:\\Users\\chand\\Music\\Caterorange\\CaterOrange\\Backend\\src\\node_modules\\pg\\lib\\client.js:526:17\n    at process.processTicksAndRejections (node:internal/process/task_queues:95:5)\n    at async Object.insertCartToOrder (C:\\Users\\chand\\Music\\Caterorange\\CaterOrange\\Backend\\src\\models\\corporateorderModels.js:117:22)\n    at async transferCartToOrder (C:\\Users\\chand\\Music\\Caterorange\\CaterOrange\\Backend\\src\\controller\\corporateorderController.js:225:19)","timestamp":"2024-09-25T08:13:12.444Z","userId":"C000002"}
{"filename":"addressModels.js","level":"info","message":"Default address retrieved successfully","timestamp":"2024-09-25T08:13:21.636Z","userId":"C000002"}
{"filename":"addressModels.js","level":"info","message":"Default address retrieved successfully","timestamp":"2024-09-25T08:13:55.541Z","userId":"C000002"}
{"filename":"addressModels.js","level":"info","message":"Default address retrieved successfully","timestamp":"2024-09-25T08:13:55.547Z","userId":"C000002"}
{"filename":"addressModels.js","level":"info","message":"address added successfully","timestamp":"2024-09-25T08:14:14.135Z","userId":"C000002"}
{"filename":"addressModels.js","level":"info","message":"Default address retrieved successfully","timestamp":"2024-09-25T08:14:37.515Z","userId":"C000002"}
{"filename":"addressModels.js","level":"info","message":"Default address retrieved successfully","timestamp":"2024-09-25T08:14:37.521Z","userId":"C000002"}
{"filename":"addressModels.js","level":"info","message":"Default address retrieved successfully","timestamp":"2024-09-25T08:14:38.944Z","userId":"C000002"}
{"filename":"addressModels.js","level":"info","message":"Default address retrieved successfully","timestamp":"2024-09-25T08:14:41.052Z","userId":"C000002"}
{"filename":"addressModels.js","level":"info","message":"Default address retrieved successfully","timestamp":"2024-09-25T08:14:41.057Z","userId":"C000002"}
{"filename":"addressModels.js","level":"info","message":"Default address retrieved successfully","timestamp":"2024-09-25T08:14:52.104Z","userId":"C000002"}
{"filename":"addressModels.js","level":"info","message":"Default address retrieved successfully","timestamp":"2024-09-25T08:14:52.115Z","userId":"C000002"}
{"filename":"addressModels.js","level":"info","message":"address added successfully","timestamp":"2024-09-25T08:15:07.513Z","userId":"C000002"}
{"customer_email":"puneethcricket5@gmail.com","filename":"customerModels.js","level":"info","message":"User data added successfully","timestamp":"2024-09-25T08:18:07.802Z","userId":"C000002"}
{"filename":"addressModels.js","level":"info","message":"Default address retrieved successfully","timestamp":"2024-09-25T08:19:07.416Z","userId":"C000020"}
{"filename":"addressModels.js","level":"info","message":"Default address retrieved successfully","timestamp":"2024-09-25T08:19:07.424Z","userId":"C000020"}
{"filename":"addressModels.js","level":"info","message":"address added successfully","timestamp":"2024-09-25T08:19:15.945Z","userId":"C000020"}
