{"0":"E","1":"r","10":"L","100":"i","101":"o","102":"n","103":" ","104":"(","105":"/","106":"h","107":"o","108":"m","109":"e","11":":","110":"/","111":"s","112":"i","113":"r","114":"i","115":"s","116":"h","117":"a","118":"/","119":"D","12":" ","120":"e","121":"s","122":"k","123":"t","124":"o","125":"p","126":"/","127":"C","128":"a","129":"t","13":"S","130":"e","131":"r","132":"o","133":"r","134":"a","135":"n","136":"g","137":"e","138":"-","139":"h","14":"C","140":"o","141":"t","142":"f","143":"i","144":"x","145":"/","146":"h","147":"i","148":"/","149":"B","15":"R","150":"a","151":"c","152":"k","153":"e","154":"n","155":"d","156":"/","157":"s","158":"r","159":"c","16":"A","160":"/","161":"n","162":"o","163":"d","164":"e","165":"_","166":"m","167":"o","168":"d","169":"u","17":"M","170":"l","171":"e","172":"s","173":"/","174":"p","175":"g","176":"/","177":"l","178":"i","179":"b","18":"-","180":"/","181":"c","182":"r","183":"y","184":"p","185":"t","186":"o","187":"/","188":"s","189":"a","19":"S","190":"s","191":"l","192":".","193":"j","194":"s","195":":","196":"2","197":"4","198":":","199":"1","2":"r","20":"E","200":"1","201":")","202":"\n","203":" ","204":" ","205":" ","206":" ","207":"a","208":"t","209":" ","21":"R","210":"C","211":"l","212":"i","213":"e","214":"n","215":"t","216":".","217":"_","218":"h","219":"a","22":"V","220":"n","221":"d","222":"l","223":"e","224":"A","225":"u","226":"t","227":"h","228":"S","229":"A","23":"E","230":"S","231":"L","232":"C","233":"o","234":"n","235":"t","236":"i","237":"n","238":"u","239":"e","24":"R","240":" ","241":"(","242":"/","243":"h","244":"o","245":"m","246":"e","247":"/","248":"s","249":"i","25":"-","250":"r","251":"i","252":"s","253":"h","254":"a","255":"/","256":"D","257":"e","258":"s","259":"k","26":"F","260":"t","261":"o","262":"p","263":"/","264":"C","265":"a","266":"t","267":"e","268":"r","269":"o","27":"I","270":"r","271":"a","272":"n","273":"g","274":"e","275":"-","276":"h","277":"o","278":"t","279":"f","28":"R","280":"i","281":"x","282":"/","283":"h","284":"i","285":"/","286":"B","287":"a","288":"c","289":"k","29":"S","290":"e","291":"n","292":"d","293":"/","294":"s","295":"r","296":"c","297":"/","298":"n","299":"o","3":"o","30":"T","300":"d","301":"e","302":"_","303":"m","304":"o","305":"d","306":"u","307":"l","308":"e","309":"s","31":"-","310":"/","311":"p","312":"g","313":"/","314":"l","315":"i","316":"b","317":"/","318":"c","319":"l","32":"M","320":"i","321":"e","322":"n","323":"t","324":".","325":"j","326":"s","327":":","328":"2","329":"7","33":"E","330":"2","331":":","332":"1","333":"8","334":")","335":"\n","336":" ","337":" ","338":" ","339":" ","34":"S","340":"a","341":"t","342":" ","343":"C","344":"o","345":"n","346":"n","347":"e","348":"c","349":"t","35":"S","350":"i","351":"o","352":"n","353":".","354":"e","355":"m","356":"i","357":"t","358":" ","359":"(","36":"A","360":"n","361":"o","362":"d","363":"e","364":":","365":"e","366":"v","367":"e","368":"n","369":"t","37":"G","370":"s","371":":","372":"5","373":"1","374":"9","375":":","376":"2","377":"8","378":")","379":"\n","38":"E","380":" ","381":" ","382":" ","383":" ","384":"a","385":"t","386":" ","387":"/","388":"h","389":"o","39":":","390":"m","391":"e","392":"/","393":"s","394":"i","395":"r","396":"i","397":"s","398":"h","399":"a","4":"r","40":" ","400":"/","401":"D","402":"e","403":"s","404":"k","405":"t","406":"o","407":"p","408":"/","409":"C","41":"c","410":"a","411":"t","412":"e","413":"r","414":"o","415":"r","416":"a","417":"n","418":"g","419":"e","42":"l","420":"-","421":"h","422":"o","423":"t","424":"f","425":"i","426":"x","427":"/","428":"h","429":"i","43":"i","430":"/","431":"B","432":"a","433":"c","434":"k","435":"e","436":"n","437":"d","438":"/","439":"s","44":"e","440":"r","441":"c","442":"/","443":"n","444":"o","445":"d","446":"e","447":"_","448":"m","449":"o","45":"n","450":"d","451":"u","452":"l","453":"e","454":"s","455":"/","456":"p","457":"g","458":"/","459":"l","46":"t","460":"i","461":"b","462":"/","463":"c","464":"o","465":"n","466":"n","467":"e","468":"c","469":"t","47":" ","470":"i","471":"o","472":"n","473":".","474":"j","475":"s","476":":","477":"1","478":"1","479":"7","48":"p","480":":","481":"1","482":"2","483":"\n","484":" ","485":" ","486":" ","487":" ","488":"a","489":"t","49":"a","490":" ","491":"P","492":"a","493":"r","494":"s","495":"e","496":"r","497":".","498":"p","499":"a","5":":","50":"s","500":"r","501":"s","502":"e","503":" ","504":"(","505":"/","506":"h","507":"o","508":"m","509":"e","51":"s","510":"/","511":"s","512":"i","513":"r","514":"i","515":"s","516":"h","517":"a","518":"/","519":"D","52":"w","520":"e","521":"s","522":"k","523":"t","524":"o","525":"p","526":"/","527":"C","528":"a","529":"t","53":"o","530":"e","531":"r","532":"o","533":"r","534":"a","535":"n","536":"g","537":"e","538":"-","539":"h","54":"r","540":"o","541":"t","542":"f","543":"i","544":"x","545":"/","546":"h","547":"i","548":"/","549":"B","55":"d","550":"a","551":"c","552":"k","553":"e","554":"n","555":"d","556":"/","557":"s","558":"r","559":"c","56":" ","560":"/","561":"n","562":"o","563":"d","564":"e","565":"_","566":"m","567":"o","568":"d","569":"u","57":"m","570":"l","571":"e","572":"s","573":"/","574":"p","575":"g","576":"-","577":"p","578":"r","579":"o","58":"u","580":"t","581":"o","582":"c","583":"o","584":"l","585":"/","586":"d","587":"i","588":"s","589":"t","59":"s","590":"/","591":"p","592":"a","593":"r","594":"s","595":"e","596":"r","597":".","598":"j","599":"s","6":" ","60":"t","600":":","601":"3","602":"6","603":":","604":"1","605":"7","606":")","607":"\n","608":" ","609":" ","61":" ","610":" ","611":" ","612":"a","613":"t","614":" ","615":"S","616":"o","617":"c","618":"k","619":"e","62":"b","620":"t","621":".","622":"<","623":"a","624":"n","625":"o","626":"n","627":"y","628":"m","629":"o","63":"e","630":"u","631":"s","632":">","633":" ","634":"(","635":"/","636":"h","637":"o","638":"m","639":"e","64":" ","640":"/","641":"s","642":"i","643":"r","644":"i","645":"s","646":"h","647":"a","648":"/","649":"D","65":"a","650":"e","651":"s","652":"k","653":"t","654":"o","655":"p","656":"/","657":"C","658":"a","659":"t","66":" ","660":"e","661":"r","662":"o","663":"r","664":"a","665":"n","666":"g","667":"e","668":"-","669":"h","67":"s","670":"o","671":"t","672":"f","673":"i","674":"x","675":"/","676":"h","677":"i","678":"/","679":"B","68":"t","680":"a","681":"c","682":"k","683":"e","684":"n","685":"d","686":"/","687":"s","688":"r","689":"c","69":"r","690":"/","691":"n","692":"o","693":"d","694":"e","695":"_","696":"m","697":"o","698":"d","699":"u","7":"S","70":"i","700":"l","701":"e","702":"s","703":"/","704":"p","705":"g","706":"-","707":"p","708":"r","709":"o","71":"n","710":"t","711":"o","712":"c","713":"o","714":"l","715":"/","716":"d","717":"i","718":"s","719":"t","72":"g","720":"/","721":"i","722":"n","723":"d","724":"e","725":"x","726":".","727":"j","728":"s","729":":","73":"\n","730":"1","731":"1","732":":","733":"4","734":"2","735":")","736":"\n","737":" ","738":" ","739":" ","74":" ","740":" ","741":"a","742":"t","743":" ","744":"S","745":"o","746":"c","747":"k","748":"e","749":"t","75":" ","750":".","751":"e","752":"m","753":"i","754":"t","755":" ","756":"(","757":"n","758":"o","759":"d","76":" ","760":"e","761":":","762":"e","763":"v","764":"e","765":"n","766":"t","767":"s","768":":","769":"5","77":" ","770":"1","771":"9","772":":","773":"2","774":"8","775":")","776":"\n","777":" ","778":" ","779":" ","78":"a","780":" ","781":"a","782":"t","783":" ","784":"a","785":"d","786":"d","787":"C","788":"h","789":"u","79":"t","790":"n","791":"k","792":" ","793":"(","794":"n","795":"o","796":"d","797":"e","798":":","799":"i","8":"A","80":" ","800":"n","801":"t","802":"e","803":"r","804":"n","805":"a","806":"l","807":"/","808":"s","809":"t","81":"O","810":"r","811":"e","812":"a","813":"m","814":"s","815":"/","816":"r","817":"e","818":"a","819":"d","82":"b","820":"a","821":"b","822":"l","823":"e","824":":","825":"5","826":"5","827":"9","828":":","829":"1","83":"j","830":"2","831":")","832":"\n","833":" ","834":" ","835":" ","836":" ","837":"a","838":"t","839":" ","84":"e","840":"r","841":"e","842":"a","843":"d","844":"a","845":"b","846":"l","847":"e","848":"A","849":"d","85":"c","850":"d","851":"C","852":"h","853":"u","854":"n","855":"k","856":"P","857":"u","858":"s","859":"h","86":"t","860":"B","861":"y","862":"t","863":"e","864":"M","865":"o","866":"d","867":"e","868":" ","869":"(","87":".","870":"n","871":"o","872":"d","873":"e","874":":","875":"i","876":"n","877":"t","878":"e","879":"r","88":"c","880":"n","881":"a","882":"l","883":"/","884":"s","885":"t","886":"r","887":"e","888":"a","889":"m","89":"o","890":"s","891":"/","892":"r","893":"e","894":"a","895":"d","896":"a","897":"b","898":"l","899":"e","9":"S","90":"n","900":":","901":"5","902":"1","903":"0","904":":","905":"3","906":")","907":"\n","908":" ","909":" ","91":"t","910":" ","911":" ","912":"a","913":"t","914":" ","915":"R","916":"e","917":"a","918":"d","919":"a","92":"i","920":"b","921":"l","922":"e","923":".","924":"p","925":"u","926":"s","927":"h","928":" ","929":"(","93":"n","930":"n","931":"o","932":"d","933":"e","934":":","935":"i","936":"n","937":"t","938":"e","939":"r","94":"u","940":"n","941":"a","942":"l","943":"/","944":"s","945":"t","946":"r","947":"e","948":"a","949":"m","95":"e","950":"s","951":"/","952":"r","953":"e","954":"a","955":"d","956":"a","957":"b","958":"l","959":"e","96":"S","960":":","961":"3","962":"9","963":"0","964":":","965":"5","966":")","97":"e","98":"s","99":"s","filename":"config.js","level":"error","message":"Error creating database:","timestamp":"2024-10-21T12:49:03.003Z","userId":"No userId"}
{"filename":"app.js","level":"info","message":"Database created or already exists","timestamp":"2024-10-21T12:49:03.016Z","userId":"No userId"}
{"0":"S","1":"A","10":"M","11":"-","12":"S","13":"E","14":"R","15":"V","16":"E","17":"R","18":"-","19":"F","2":"S","20":"I","21":"R","22":"S","23":"T","24":"-","25":"M","26":"E","27":"S","28":"S","29":"A","3":"L","30":"G","31":"E","32":":","33":" ","34":"c","35":"l","36":"i","37":"e","38":"n","39":"t","4":":","40":" ","41":"p","42":"a","43":"s","44":"s","45":"w","46":"o","47":"r","48":"d","49":" ","5":" ","50":"m","51":"u","52":"s","53":"t","54":" ","55":"b","56":"e","57":" ","58":"a","59":" ","6":"S","60":"s","61":"t","62":"r","63":"i","64":"n","65":"g","7":"C","8":"R","9":"A","filename":"app.js","level":"error","message":"Initialization error:","timestamp":"2024-10-21T12:49:03.021Z","userId":"No userId"}
{"filename":"app.js","level":"info","message":"Database created or already exists","timestamp":"2024-10-21T12:50:48.593Z","userId":"No userId"}
{"filename":"app.js","level":"info","message":"Connected to the Caterorange DB","timestamp":"2024-10-21T12:50:48.611Z","userId":"No userId"}
{"filename":"tableController.js","level":"info","message":"Groups table created successfully","timestamp":"2024-10-21T12:50:48.613Z","userId":"No userId"}
{"filename":"tableController.js","level":"info","message":"Customer table created successfully","timestamp":"2024-10-21T12:50:48.615Z","userId":"No userId"}
{"filename":"tableController.js","level":"info","message":"Admin table created successfully","timestamp":"2024-10-21T12:50:48.616Z","userId":"No userId"}
{"filename":"tableController.js","level":"info","message":"Addresses table created successfully","timestamp":"2024-10-21T12:50:48.617Z","userId":"No userId"}
{"filename":"tableController.js","level":"info","message":"Payment table created successfully","timestamp":"2024-10-21T12:50:48.619Z","userId":"No userId"}
{"filename":"tableController.js","level":"info","message":"Corporate Orders table created successfully","timestamp":"2024-10-21T12:50:48.643Z","userId":"No userId"}
{"filename":"tableController.js","level":"info","message":"Corporate Category table created successfully","timestamp":"2024-10-21T12:50:48.648Z","userId":"No userId"}
{"filename":"tableController.js","level":"info","message":"Corporate Order Details table created successfully","timestamp":"2024-10-21T12:50:48.650Z","userId":"No userId"}
{"filename":"tableController.js","level":"info","message":"Event Orders table created successfully","timestamp":"2024-10-21T12:50:48.654Z","userId":"No userId"}
{"filename":"tableController.js","level":"info","message":"Event Category table created successfully","timestamp":"2024-10-21T12:50:48.656Z","userId":"No userId"}
{"filename":"tableController.js","level":"info","message":"Event Cart table created successfully","timestamp":"2024-10-21T12:50:48.658Z","userId":"No userId"}
{"filename":"tableController.js","level":"info","message":"Corporate Cart table created successfully","timestamp":"2024-10-21T12:50:48.659Z","userId":"No userId"}
{"filename":"tableController.js","level":"info","message":"Event Products table created successfully","timestamp":"2024-10-21T12:50:48.660Z","userId":"No userId"}
{"filename":"app.js","level":"info","message":"Tables created successfully","timestamp":"2024-10-21T12:50:48.661Z","userId":"No userId"}
{"filename":"app.js","level":"info","message":"Apollo Server started","timestamp":"2024-10-21T12:50:48.743Z","userId":"No userId"}
{"filename":"app.js","level":"info","message":"Server is running on port 4000","timestamp":"2024-10-21T12:50:48.746Z","userId":"No userId"}
{"filename":"app.js","level":"info","message":"GraphQL endpoint: http://localhost:4000/graphql","timestamp":"2024-10-21T12:50:48.747Z","userId":"No userId"}
{"customer_name":"sirisha","filename":"customerModels.js","level":"info","message":"Customer activation check result:","timestamp":"2024-10-21T12:52:32.838Z","userId":"No userId"}
{"customer_generated_id":"C000001","filename":"customerModels.js","level":"info","message":"Admin details found for customer ID:","timestamp":"2024-10-21T12:52:32.843Z","userId":"No userId"}
{"0":"e","1":"y","10":"J","100":"s","101":"I","102":"m","103":"l","104":"h","105":"d","106":"C","107":"I","108":"6","109":"M","11":"I","110":"T","111":"c","112":"y","113":"O","114":"T","115":"U","116":"x","117":"N","118":"D","119":"U","12":"U","120":"z","121":"N","122":"i","123":"w","124":"i","125":"Z","126":"X","127":"h","128":"w","129":"I","13":"z","130":"j","131":"o","132":"x","133":"N","134":"z","135":"I","136":"5","137":"N","138":"j","139":"A","14":"I","140":"w","141":"O","142":"T","143":"M","144":"2","145":"f","146":"Q","147":".","148":"s","149":"E","15":"1","150":"c","151":"k","152":"K","153":"d","154":"E","155":"e","156":"6","157":"5","158":"k","159":"y","16":"N","160":"P","161":"d","162":"6","163":"6","164":"F","165":"A","166":"h","167":"l","168":"2","169":"E","17":"i","170":"k","171":"_","172":"n","173":"-","174":"3","175":"_","176":"R","177":"k","178":"G","179":"Y","18":"I","180":"W","181":"-","182":"Y","183":"g","184":"U","185":"O","186":"G","187":"O","188":"h","189":"p","19":"s","190":"U","2":"J","20":"I","21":"n","22":"R","23":"5","24":"c","25":"C","26":"I","27":"6","28":"I","29":"k","3":"h","30":"p","31":"X","32":"V","33":"C","34":"J","35":"9","36":".","37":"e","38":"y","39":"J","4":"b","40":"l","41":"b","42":"W","43":"F","44":"p","45":"b","46":"C","47":"I","48":"6","49":"I","5":"G","50":"n","51":"N","52":"p","53":"c","54":"m","55":"l","56":"t","57":"Y","58":"W","59":"5","6":"c","60":"p","61":"M","62":"j","63":"U","64":"0","65":"Q","66":"G","67":"d","68":"t","69":"Y","7":"i","70":"W","71":"l","72":"s","73":"L","74":"m","75":"N","76":"v","77":"b","78":"S","79":"I","8":"O","80":"s","81":"I","82":"m","83":"l","84":"k","85":"I","86":"j","87":"o","88":"i","89":"Q","9":"i","90":"z","91":"A","92":"w","93":"M","94":"D","95":"A","96":"w","97":"M","98":"S","99":"I","filename":"customerController.js","level":"info","message":"Token verified successfully","timestamp":"2024-10-21T12:52:32.847Z","userId":"C000001"}
{"filename":"categoryModels.js","level":"info","message":"Corporate categories fetched successfully","timestamp":"2024-10-21T12:52:32.910Z","userId":"C000001"}
{"count":0,"customer_id":"C000001","filename":"customerModels.js","level":"info","message":"Addresses retrieved for customer ID:","timestamp":"2024-10-21T12:52:32.923Z","userId":"C000001"}
{"filename":"categoryModels.js","level":"info","message":"Corporate categories fetched successfully","timestamp":"2024-10-21T12:52:32.925Z","userId":"C000001"}
{"count":0,"customer_id":"C000001","filename":"customerModels.js","level":"info","message":"Addresses retrieved for customer ID:","timestamp":"2024-10-21T12:52:32.936Z","userId":"C000001"}
{"filename":"categoryModels.js","level":"info","message":"Corporate categories fetched successfully","timestamp":"2024-10-21T12:52:57.331Z","userId":"C000001"}
{"count":0,"customer_id":"C000001","filename":"customerModels.js","level":"info","message":"Addresses retrieved for customer ID:","timestamp":"2024-10-21T12:52:57.341Z","userId":"C000001"}
{"filename":"categoryModels.js","level":"info","message":"Corporate categories fetched successfully","timestamp":"2024-10-21T12:52:57.345Z","userId":"C000001"}
{"count":0,"customer_id":"C000001","filename":"customerModels.js","level":"info","message":"Addresses retrieved for customer ID:","timestamp":"2024-10-21T12:52:57.349Z","userId":"C000001"}
{"filename":"categoryModels.js","level":"info","message":"Corporate categories fetched successfully","timestamp":"2024-10-21T12:53:08.694Z","userId":"C000001"}
{"count":0,"customer_id":"C000001","filename":"customerModels.js","level":"info","message":"Addresses retrieved for customer ID:","timestamp":"2024-10-21T12:53:08.705Z","userId":"C000001"}
{"filename":"categoryModels.js","level":"info","message":"Corporate categories fetched successfully","timestamp":"2024-10-21T12:53:08.708Z","userId":"C000001"}
{"count":0,"customer_id":"C000001","filename":"customerModels.js","level":"info","message":"Addresses retrieved for customer ID:","timestamp":"2024-10-21T12:53:08.717Z","userId":"C000001"}
{"filename":"categoryModels.js","level":"info","message":"Corporate categories fetched successfully","timestamp":"2024-10-21T12:53:59.327Z","userId":"C000001"}
{"filename":"categoryModels.js","level":"info","message":"Corporate categories fetched successfully","timestamp":"2024-10-21T12:53:59.338Z","userId":"C000001"}
{"count":0,"customer_id":"C000001","filename":"customerModels.js","level":"info","message":"Addresses retrieved for customer ID:","timestamp":"2024-10-21T12:53:59.345Z","userId":"C000001"}
{"count":0,"customer_id":"C000001","filename":"customerModels.js","level":"info","message":"Addresses retrieved for customer ID:","timestamp":"2024-10-21T12:53:59.360Z","userId":"C000001"}
{"filename":"categoryModels.js","level":"info","message":"Corporate categories fetched successfully","timestamp":"2024-10-21T12:54:15.667Z","userId":"C000001"}
{"filename":"categoryModels.js","level":"info","message":"Corporate categories fetched successfully","timestamp":"2024-10-21T12:54:15.680Z","userId":"C000001"}
{"count":0,"customer_id":"C000001","filename":"customerModels.js","level":"info","message":"Addresses retrieved for customer ID:","timestamp":"2024-10-21T12:54:15.681Z","userId":"C000001"}
{"count":0,"customer_id":"C000001","filename":"customerModels.js","level":"info","message":"Addresses retrieved for customer ID:","timestamp":"2024-10-21T12:54:15.692Z","userId":"C000001"}
{"filename":"categoryModels.js","level":"info","message":"Corporate categories fetched successfully","timestamp":"2024-10-21T12:55:51.563Z","userId":"C000001"}
{"count":0,"customer_id":"C000001","filename":"customerModels.js","level":"info","message":"Addresses retrieved for customer ID:","timestamp":"2024-10-21T12:55:51.578Z","userId":"C000001"}
{"filename":"categoryModels.js","level":"info","message":"Corporate categories fetched successfully","timestamp":"2024-10-21T12:55:51.591Z","userId":"C000001"}
{"count":0,"customer_id":"C000001","filename":"customerModels.js","level":"info","message":"Addresses retrieved for customer ID:","timestamp":"2024-10-21T12:55:51.610Z","userId":"C000001"}
{"filename":"categoryModels.js","level":"info","message":"Corporate categories fetched successfully","timestamp":"2024-10-21T12:56:20.373Z","userId":"C000001"}
{"filename":"categoryModels.js","level":"info","message":"Corporate categories fetched successfully","timestamp":"2024-10-21T12:56:20.383Z","userId":"C000001"}
{"email":"sirisha@scaleorange.com","filename":"customerController.js","level":"error","message":"You are not registered yet, please register","timestamp":"2024-10-21T12:56:53.138Z","userId":"C000001"}
{"customer_email":"sirisha@scaleorange.com","filename":"customerModels.js","level":"info","message":"User data added successfully","timestamp":"2024-10-21T12:57:29.559Z","userId":"C000001"}
{"filename":"categoryModels.js","level":"info","message":"Corporate categories fetched successfully","timestamp":"2024-10-21T12:57:29.659Z","userId":"C000002"}
{"filename":"categoryModels.js","level":"info","message":"Corporate categories fetched successfully","timestamp":"2024-10-21T12:57:29.682Z","userId":"C000002"}
{"count":0,"customer_id":"C000002","filename":"customerModels.js","level":"info","message":"Addresses retrieved for customer ID:","timestamp":"2024-10-21T12:57:29.689Z","userId":"C000002"}
{"count":0,"customer_id":"C000002","filename":"customerModels.js","level":"info","message":"Addresses retrieved for customer ID:","timestamp":"2024-10-21T12:57:29.703Z","userId":"C000002"}
{"filename":"addressController.js","level":"info","message":"Token verified successfully for default address retrieval","timestamp":"2024-10-21T12:58:04.028Z","userEmail":"sirisha@scaleorange.com","userId":"C000002"}
{"0":"s","1":"i","10":"a","11":"l","12":"e","13":"o","14":"r","15":"a","16":"n","17":"g","18":"e","19":".","2":"r","20":"c","21":"o","22":"m","3":"i","4":"s","5":"h","6":"a","7":"@","8":"s","9":"c","filename":"addressModels.js","level":"info","message":"Default address retrieved successfully for customer email:","timestamp":"2024-10-21T12:58:04.030Z","userId":"C000002"}
{"filename":"addressController.js","level":"info","message":"Default address retrieved successfully for user","timestamp":"2024-10-21T12:58:04.031Z","userEmail":"sirisha@scaleorange.com","userId":"C000002"}
{"filename":"addressController.js","level":"info","message":"Token verified successfully for default address retrieval","timestamp":"2024-10-21T12:58:04.038Z","userEmail":"sirisha@scaleorange.com","userId":"C000002"}
{"0":"s","1":"i","10":"a","11":"l","12":"e","13":"o","14":"r","15":"a","16":"n","17":"g","18":"e","19":".","2":"r","20":"c","21":"o","22":"m","3":"i","4":"s","5":"h","6":"a","7":"@","8":"s","9":"c","filename":"addressModels.js","level":"info","message":"Default address retrieved successfully for customer email:","timestamp":"2024-10-21T12:58:04.040Z","userId":"C000002"}
{"filename":"addressController.js","level":"info","message":"Default address retrieved successfully for user","timestamp":"2024-10-21T12:58:04.040Z","userEmail":"sirisha@scaleorange.com","userId":"C000002"}
{"filename":"addressController.js","level":"info","message":"Received token for address creation: ","timestamp":"2024-10-21T12:59:59.879Z","token":"eyJhbGciOiJIUzI1NiIsInR5cCI6IkpXVCJ9.eyJlbWFpbCI6InNpcmlzaGFAc2NhbGVvcmFuZ2UuY29tIiwiaWQiOiJDMDAwMDAyIiwiaWF0IjoxNzI5NTE1NDQ5LCJleHAiOjE3Mjk2MDE4NDl9.CXZ0xej--6NGJYMEUlTXPAqLJmIEDjxOne8dkoO8fzc","userId":"C000002"}
{"filename":"addressController.js","level":"info","message":"Token verified successfully","timestamp":"2024-10-21T12:59:59.880Z","userId":"C000002"}
{"0":"C","1":"0","2":"0","3":"0","4":"0","5":"0","6":"2","filename":"addressModels.js","level":"info","message":"Address added successfully for customer ID:","timestamp":"2024-10-21T12:59:59.889Z","userId":"C000002"}
{"filename":"addressController.js","level":"info","message":"Address stored successfully for user","timestamp":"2024-10-21T12:59:59.889Z","userId":"C000002"}
{"count":1,"customer_id":"C000002","filename":"customerModels.js","level":"info","message":"Addresses retrieved for customer ID:","timestamp":"2024-10-21T12:59:59.902Z","userId":"C000002"}
{"filename":"categoryModels.js","level":"info","message":"Corporate categories fetched successfully","timestamp":"2024-10-21T13:14:19.051Z","userId":"C000002"}
{"filename":"categoryModels.js","level":"info","message":"Corporate categories fetched successfully","timestamp":"2024-10-21T13:14:19.055Z","userId":"C000002"}
{"filename":"categoryModels.js","level":"info","message":"Corporate categories fetched successfully","timestamp":"2024-10-21T13:14:25.391Z","userId":"C000002"}
{"filename":"categoryModels.js","level":"info","message":"Corporate categories fetched successfully","timestamp":"2024-10-21T13:14:25.398Z","userId":"C000002"}
{"customer_email":"chandrikab@scaleorange.com","filename":"customerModels.js","level":"info","message":"User data added successfully","timestamp":"2024-10-21T13:15:17.382Z","userId":"C000002"}
{"filename":"categoryModels.js","level":"info","message":"Corporate categories fetched successfully","timestamp":"2024-10-21T13:15:17.435Z","userId":"C000003"}
{"filename":"categoryModels.js","level":"info","message":"Corporate categories fetched successfully","timestamp":"2024-10-21T13:15:17.459Z","userId":"C000003"}
{"count":0,"customer_id":"C000003","filename":"customerModels.js","level":"info","message":"Addresses retrieved for customer ID:","timestamp":"2024-10-21T13:15:17.464Z","userId":"C000003"}
{"count":0,"customer_id":"C000003","filename":"customerModels.js","level":"info","message":"Addresses retrieved for customer ID:","timestamp":"2024-10-21T13:15:17.473Z","userId":"C000003"}
{"filename":"app.js","level":"info","message":"Database created or already exists","timestamp":"2024-10-21T13:37:55.206Z","userId":"No userId"}
{"filename":"app.js","level":"info","message":"Connected to the Caterorange DB","timestamp":"2024-10-21T13:37:55.221Z","userId":"No userId"}
{"filename":"tableController.js","level":"info","message":"Groups table created successfully","timestamp":"2024-10-21T13:37:55.223Z","userId":"No userId"}
{"filename":"tableController.js","level":"info","message":"Customer table created successfully","timestamp":"2024-10-21T13:37:55.224Z","userId":"No userId"}
{"filename":"tableController.js","level":"info","message":"Admin table created successfully","timestamp":"2024-10-21T13:37:55.225Z","userId":"No userId"}
{"filename":"tableController.js","level":"info","message":"Addresses table created successfully","timestamp":"2024-10-21T13:37:55.227Z","userId":"No userId"}
{"filename":"tableController.js","level":"info","message":"Payment table created successfully","timestamp":"2024-10-21T13:37:55.229Z","userId":"No userId"}
{"filename":"tableController.js","level":"info","message":"Corporate Orders table created successfully","timestamp":"2024-10-21T13:37:55.235Z","userId":"No userId"}
{"filename":"tableController.js","level":"info","message":"Corporate Category table created successfully","timestamp":"2024-10-21T13:37:55.239Z","userId":"No userId"}
{"filename":"tableController.js","level":"info","message":"Corporate Order Details table created successfully","timestamp":"2024-10-21T13:37:55.240Z","userId":"No userId"}
{"filename":"tableController.js","level":"info","message":"Event Orders table created successfully","timestamp":"2024-10-21T13:37:55.244Z","userId":"No userId"}
{"filename":"tableController.js","level":"info","message":"Event Category table created successfully","timestamp":"2024-10-21T13:37:55.245Z","userId":"No userId"}
{"filename":"tableController.js","level":"info","message":"Event Cart table created successfully","timestamp":"2024-10-21T13:37:55.247Z","userId":"No userId"}
{"filename":"tableController.js","level":"info","message":"Corporate Cart table created successfully","timestamp":"2024-10-21T13:37:55.248Z","userId":"No userId"}
{"filename":"tableController.js","level":"info","message":"Event Products table created successfully","timestamp":"2024-10-21T13:37:55.250Z","userId":"No userId"}
{"filename":"app.js","level":"info","message":"Tables created successfully","timestamp":"2024-10-21T13:37:55.251Z","userId":"No userId"}
{"filename":"app.js","level":"info","message":"Apollo Server started","timestamp":"2024-10-21T13:37:55.320Z","userId":"No userId"}
{"filename":"app.js","level":"info","message":"Server is running on port 4000","timestamp":"2024-10-21T13:37:55.323Z","userId":"No userId"}
{"filename":"app.js","level":"info","message":"GraphQL endpoint: http://localhost:4000/graphql","timestamp":"2024-10-21T13:37:55.324Z","userId":"No userId"}
