{"filename":"app.js","level":"info","message":"Database created or already exists","timestamp":"2024-11-01T10:21:00.245Z","userId":"No userId"}
{"0":"p","1":"a","10":"u","11":"t","12":"h","13":"e","14":"n","15":"t","16":"i","17":"c","18":"a","19":"t","2":"s","20":"i","21":"o","22":"n","23":" ","24":"f","25":"a","26":"i","27":"l","28":"e","29":"d","3":"s","30":" ","31":"f","32":"o","33":"r","34":" ","35":"u","36":"s","37":"e","38":"r","39":" ","4":"w","40":"\"","41":"p","42":"a","43":"r","44":"a","45":"s","46":"\"","5":"o","6":"r","7":"d","8":" ","9":"a","filename":"app.js","level":"error","message":"Initialization error:","timestamp":"2024-11-01T10:21:00.262Z","userId":"No userId"}
{"filename":"app.js","level":"info","message":"Database created or already exists","timestamp":"2024-11-01T10:24:35.253Z","userId":"No userId"}
{"0":"p","1":"a","10":"u","11":"t","12":"h","13":"e","14":"n","15":"t","16":"i","17":"c","18":"a","19":"t","2":"s","20":"i","21":"o","22":"n","23":" ","24":"f","25":"a","26":"i","27":"l","28":"e","29":"d","3":"s","30":" ","31":"f","32":"o","33":"r","34":" ","35":"u","36":"s","37":"e","38":"r","39":" ","4":"w","40":"\"","41":"p","42":"a","43":"r","44":"a","45":"s","46":"\"","5":"o","6":"r","7":"d","8":" ","9":"a","filename":"app.js","level":"error","message":"Initialization error:","timestamp":"2024-11-01T10:24:35.271Z","userId":"No userId"}
{"filename":"app.js","level":"info","message":"Database created or already exists","timestamp":"2024-11-01T10:46:00.887Z","userId":"No userId"}
{"0":"p","1":"a","10":"u","11":"t","12":"h","13":"e","14":"n","15":"t","16":"i","17":"c","18":"a","19":"t","2":"s","20":"i","21":"o","22":"n","23":" ","24":"f","25":"a","26":"i","27":"l","28":"e","29":"d","3":"s","30":" ","31":"f","32":"o","33":"r","34":" ","35":"u","36":"s","37":"e","38":"r","39":" ","4":"w","40":"\"","41":"p","42":"a","43":"r","44":"a","45":"s","46":"\"","5":"o","6":"r","7":"d","8":" ","9":"a","filename":"app.js","level":"error","message":"Initialization error:","timestamp":"2024-11-01T10:46:00.904Z","userId":"No userId"}
{"filename":"app.js","level":"info","message":"Database created or already exists","timestamp":"2024-11-01T10:47:10.035Z","userId":"No userId"}
{"0":"p","1":"a","10":"u","11":"t","12":"h","13":"e","14":"n","15":"t","16":"i","17":"c","18":"a","19":"t","2":"s","20":"i","21":"o","22":"n","23":" ","24":"f","25":"a","26":"i","27":"l","28":"e","29":"d","3":"s","30":" ","31":"f","32":"o","33":"r","34":" ","35":"u","36":"s","37":"e","38":"r","39":" ","4":"w","40":"\"","41":"p","42":"a","43":"r","44":"a","45":"s","46":"\"","5":"o","6":"r","7":"d","8":" ","9":"a","filename":"app.js","level":"error","message":"Initialization error:","timestamp":"2024-11-01T10:47:10.054Z","userId":"No userId"}
{"filename":"app.js","level":"info","message":"Database created or already exists","timestamp":"2024-11-01T10:47:15.988Z","userId":"No userId"}
{"0":"p","1":"a","10":"u","11":"t","12":"h","13":"e","14":"n","15":"t","16":"i","17":"c","18":"a","19":"t","2":"s","20":"i","21":"o","22":"n","23":" ","24":"f","25":"a","26":"i","27":"l","28":"e","29":"d","3":"s","30":" ","31":"f","32":"o","33":"r","34":" ","35":"u","36":"s","37":"e","38":"r","39":" ","4":"w","40":"\"","41":"p","42":"a","43":"r","44":"a","45":"s","46":"\"","5":"o","6":"r","7":"d","8":" ","9":"a","filename":"app.js","level":"error","message":"Initialization error:","timestamp":"2024-11-01T10:47:16.012Z","userId":"No userId"}
{"filename":"app.js","level":"info","message":"Database created or already exists","timestamp":"2024-11-01T10:47:39.856Z","userId":"No userId"}
{"0":"p","1":"a","10":"u","11":"t","12":"h","13":"e","14":"n","15":"t","16":"i","17":"c","18":"a","19":"t","2":"s","20":"i","21":"o","22":"n","23":" ","24":"f","25":"a","26":"i","27":"l","28":"e","29":"d","3":"s","30":" ","31":"f","32":"o","33":"r","34":" ","35":"u","36":"s","37":"e","38":"r","39":" ","4":"w","40":"\"","41":"p","42":"a","43":"r","44":"a","45":"s","46":"\"","5":"o","6":"r","7":"d","8":" ","9":"a","filename":"app.js","level":"error","message":"Initialization error:","timestamp":"2024-11-01T10:47:39.872Z","userId":"No userId"}
{"filename":"app.js","level":"info","message":"Database created or already exists","timestamp":"2024-11-01T10:47:47.429Z","userId":"No userId"}
{"0":"p","1":"a","10":"u","11":"t","12":"h","13":"e","14":"n","15":"t","16":"i","17":"c","18":"a","19":"t","2":"s","20":"i","21":"o","22":"n","23":" ","24":"f","25":"a","26":"i","27":"l","28":"e","29":"d","3":"s","30":" ","31":"f","32":"o","33":"r","34":" ","35":"u","36":"s","37":"e","38":"r","39":" ","4":"w","40":"\"","41":"p","42":"a","43":"r","44":"a","45":"s","46":"\"","5":"o","6":"r","7":"d","8":" ","9":"a","filename":"app.js","level":"error","message":"Initialization error:","timestamp":"2024-11-01T10:47:47.447Z","userId":"No userId"}
{"filename":"app.js","level":"info","message":"Database created or already exists","timestamp":"2024-11-01T10:47:51.412Z","userId":"No userId"}
{"0":"p","1":"a","10":"u","11":"t","12":"h","13":"e","14":"n","15":"t","16":"i","17":"c","18":"a","19":"t","2":"s","20":"i","21":"o","22":"n","23":" ","24":"f","25":"a","26":"i","27":"l","28":"e","29":"d","3":"s","30":" ","31":"f","32":"o","33":"r","34":" ","35":"u","36":"s","37":"e","38":"r","39":" ","4":"w","40":"\"","41":"p","42":"a","43":"r","44":"a","45":"s","46":"\"","5":"o","6":"r","7":"d","8":" ","9":"a","filename":"app.js","level":"error","message":"Initialization error:","timestamp":"2024-11-01T10:47:51.426Z","userId":"No userId"}
{"filename":"app.js","level":"info","message":"Database created or already exists","timestamp":"2024-11-01T10:48:08.933Z","userId":"No userId"}
{"0":"p","1":"a","10":"u","11":"t","12":"h","13":"e","14":"n","15":"t","16":"i","17":"c","18":"a","19":"t","2":"s","20":"i","21":"o","22":"n","23":" ","24":"f","25":"a","26":"i","27":"l","28":"e","29":"d","3":"s","30":" ","31":"f","32":"o","33":"r","34":" ","35":"u","36":"s","37":"e","38":"r","39":" ","4":"w","40":"\"","41":"p","42":"a","43":"r","44":"a","45":"s","46":"\"","5":"o","6":"r","7":"d","8":" ","9":"a","filename":"app.js","level":"error","message":"Initialization error:","timestamp":"2024-11-01T10:48:08.949Z","userId":"No userId"}
{"filename":"app.js","level":"info","message":"Database created or already exists","timestamp":"2024-11-01T10:48:09.744Z","userId":"No userId"}
{"0":"p","1":"a","10":"u","11":"t","12":"h","13":"e","14":"n","15":"t","16":"i","17":"c","18":"a","19":"t","2":"s","20":"i","21":"o","22":"n","23":" ","24":"f","25":"a","26":"i","27":"l","28":"e","29":"d","3":"s","30":" ","31":"f","32":"o","33":"r","34":" ","35":"u","36":"s","37":"e","38":"r","39":" ","4":"w","40":"\"","41":"p","42":"a","43":"r","44":"a","45":"s","46":"\"","5":"o","6":"r","7":"d","8":" ","9":"a","filename":"app.js","level":"error","message":"Initialization error:","timestamp":"2024-11-01T10:48:09.759Z","userId":"No userId"}
{"filename":"app.js","level":"info","message":"Database created or already exists","timestamp":"2024-11-01T10:48:50.432Z","userId":"No userId"}
{"0":"p","1":"a","10":"u","11":"t","12":"h","13":"e","14":"n","15":"t","16":"i","17":"c","18":"a","19":"t","2":"s","20":"i","21":"o","22":"n","23":" ","24":"f","25":"a","26":"i","27":"l","28":"e","29":"d","3":"s","30":" ","31":"f","32":"o","33":"r","34":" ","35":"u","36":"s","37":"e","38":"r","39":" ","4":"w","40":"\"","41":"p","42":"a","43":"r","44":"a","45":"s","46":"\"","5":"o","6":"r","7":"d","8":" ","9":"a","filename":"app.js","level":"error","message":"Initialization error:","timestamp":"2024-11-01T10:48:50.449Z","userId":"No userId"}
{"filename":"app.js","level":"info","message":"Database created or already exists","timestamp":"2024-11-01T10:49:41.829Z","userId":"No userId"}
{"filename":"app.js","level":"info","message":"Connected to the Caterorange DB","timestamp":"2024-11-01T10:49:41.848Z","userId":"No userId"}
{"filename":"tableController.js","level":"info","message":"Groups table created successfully","timestamp":"2024-11-01T10:49:41.856Z","userId":"No userId"}
{"filename":"tableController.js","level":"info","message":"Customer table created successfully","timestamp":"2024-11-01T10:49:41.866Z","userId":"No userId"}
{"filename":"tableController.js","level":"info","message":"Admin table created successfully","timestamp":"2024-11-01T10:49:41.873Z","userId":"No userId"}
{"filename":"tableController.js","level":"info","message":"Addresses table created successfully","timestamp":"2024-11-01T10:49:41.881Z","userId":"No userId"}
{"filename":"tableController.js","level":"info","message":"Payment table created successfully","timestamp":"2024-11-01T10:49:41.887Z","userId":"No userId"}
{"filename":"tableController.js","level":"info","message":"Corporate Orders table created successfully","timestamp":"2024-11-01T10:49:41.899Z","userId":"No userId"}
{"filename":"tableController.js","level":"info","message":"Corporate Category table created successfully","timestamp":"2024-11-01T10:49:41.907Z","userId":"No userId"}
{"filename":"tableController.js","level":"info","message":"Corporate Order Details table created successfully","timestamp":"2024-11-01T10:49:41.913Z","userId":"No userId"}
{"filename":"tableController.js","level":"info","message":"Event Orders table created successfully","timestamp":"2024-11-01T10:49:41.921Z","userId":"No userId"}
{"filename":"tableController.js","level":"info","message":"Event Category table created successfully","timestamp":"2024-11-01T10:49:41.927Z","userId":"No userId"}
{"filename":"tableController.js","level":"info","message":"Event Cart table created successfully","timestamp":"2024-11-01T10:49:41.932Z","userId":"No userId"}
{"filename":"tableController.js","level":"info","message":"Corporate Cart table created successfully","timestamp":"2024-11-01T10:49:41.938Z","userId":"No userId"}
{"filename":"tableController.js","level":"info","message":"Event Products table created successfully","timestamp":"2024-11-01T10:49:41.944Z","userId":"No userId"}
{"filename":"app.js","level":"info","message":"Tables created successfully","timestamp":"2024-11-01T10:49:41.945Z","userId":"No userId"}
{"filename":"app.js","level":"info","message":"Apollo Server started","timestamp":"2024-11-01T10:49:42.009Z","userId":"No userId"}
{"filename":"app.js","level":"info","message":"Server is running on port 4000","timestamp":"2024-11-01T10:49:42.055Z","userId":"No userId"}
{"filename":"app.js","level":"info","message":"GraphQL endpoint: http://localhost:4000/graphql","timestamp":"2024-11-01T10:49:42.056Z","userId":"No userId"}
{"filename":"app.js","level":"info","message":"Database created or already exists","timestamp":"2024-11-01T10:56:02.145Z","userId":"No userId"}
{"filename":"app.js","level":"info","message":"Connected to the Caterorange DB","timestamp":"2024-11-01T10:56:02.162Z","userId":"No userId"}
{"filename":"tableController.js","level":"info","message":"Groups table created successfully","timestamp":"2024-11-01T10:56:02.165Z","userId":"No userId"}
{"filename":"tableController.js","level":"info","message":"Customer table created successfully","timestamp":"2024-11-01T10:56:02.167Z","userId":"No userId"}
{"filename":"tableController.js","level":"info","message":"Admin table created successfully","timestamp":"2024-11-01T10:56:02.170Z","userId":"No userId"}
{"filename":"tableController.js","level":"info","message":"Addresses table created successfully","timestamp":"2024-11-01T10:56:02.173Z","userId":"No userId"}
{"filename":"tableController.js","level":"info","message":"Payment table created successfully","timestamp":"2024-11-01T10:56:02.175Z","userId":"No userId"}
{"filename":"tableController.js","level":"info","message":"Corporate Orders table created successfully","timestamp":"2024-11-01T10:56:02.186Z","userId":"No userId"}
{"filename":"tableController.js","level":"info","message":"Corporate Category table created successfully","timestamp":"2024-11-01T10:56:02.191Z","userId":"No userId"}
{"filename":"tableController.js","level":"info","message":"Corporate Order Details table created successfully","timestamp":"2024-11-01T10:56:02.194Z","userId":"No userId"}
{"filename":"tableController.js","level":"info","message":"Event Orders table created successfully","timestamp":"2024-11-01T10:56:02.198Z","userId":"No userId"}
{"filename":"tableController.js","level":"info","message":"Event Category table created successfully","timestamp":"2024-11-01T10:56:02.199Z","userId":"No userId"}
{"filename":"tableController.js","level":"info","message":"Event Cart table created successfully","timestamp":"2024-11-01T10:56:02.204Z","userId":"No userId"}
{"filename":"tableController.js","level":"info","message":"Corporate Cart table created successfully","timestamp":"2024-11-01T10:56:02.205Z","userId":"No userId"}
{"filename":"tableController.js","level":"info","message":"Event Products table created successfully","timestamp":"2024-11-01T10:56:02.207Z","userId":"No userId"}
{"filename":"app.js","level":"info","message":"Tables created successfully","timestamp":"2024-11-01T10:56:02.207Z","userId":"No userId"}
{"filename":"app.js","level":"info","message":"Apollo Server started","timestamp":"2024-11-01T10:56:02.294Z","userId":"No userId"}
{"filename":"app.js","level":"info","message":"Server is running on port 4000","timestamp":"2024-11-01T10:56:02.381Z","userId":"No userId"}
{"filename":"app.js","level":"info","message":"GraphQL endpoint: http://localhost:4000/graphql","timestamp":"2024-11-01T10:56:02.381Z","userId":"No userId"}
{"filename":"app.js","level":"info","message":"Database created or already exists","timestamp":"2024-11-01T10:56:33.985Z","userId":"No userId"}
{"filename":"app.js","level":"info","message":"Connected to the Caterorange DB","timestamp":"2024-11-01T10:56:34.001Z","userId":"No userId"}
{"filename":"tableController.js","level":"info","message":"Groups table created successfully","timestamp":"2024-11-01T10:56:34.003Z","userId":"No userId"}
{"filename":"tableController.js","level":"info","message":"Customer table created successfully","timestamp":"2024-11-01T10:56:34.005Z","userId":"No userId"}
{"filename":"tableController.js","level":"info","message":"Admin table created successfully","timestamp":"2024-11-01T10:56:34.007Z","userId":"No userId"}
{"filename":"tableController.js","level":"info","message":"Addresses table created successfully","timestamp":"2024-11-01T10:56:34.011Z","userId":"No userId"}
{"filename":"tableController.js","level":"info","message":"Payment table created successfully","timestamp":"2024-11-01T10:56:34.012Z","userId":"No userId"}
{"filename":"tableController.js","level":"info","message":"Corporate Orders table created successfully","timestamp":"2024-11-01T10:56:34.022Z","userId":"No userId"}
{"filename":"tableController.js","level":"info","message":"Corporate Category table created successfully","timestamp":"2024-11-01T10:56:34.026Z","userId":"No userId"}
{"filename":"tableController.js","level":"info","message":"Corporate Order Details table created successfully","timestamp":"2024-11-01T10:56:34.028Z","userId":"No userId"}
{"filename":"tableController.js","level":"info","message":"Event Orders table created successfully","timestamp":"2024-11-01T10:56:34.033Z","userId":"No userId"}
{"filename":"tableController.js","level":"info","message":"Event Category table created successfully","timestamp":"2024-11-01T10:56:34.036Z","userId":"No userId"}
{"filename":"tableController.js","level":"info","message":"Event Cart table created successfully","timestamp":"2024-11-01T10:56:34.038Z","userId":"No userId"}
{"filename":"app.js","level":"info","message":"Database created or already exists","timestamp":"2024-11-01T10:56:46.544Z","userId":"No userId"}
{"filename":"app.js","level":"info","message":"Connected to the Caterorange DB","timestamp":"2024-11-01T10:56:46.563Z","userId":"No userId"}
{"filename":"tableController.js","level":"info","message":"Groups table created successfully","timestamp":"2024-11-01T10:56:46.565Z","userId":"No userId"}
{"filename":"tableController.js","level":"info","message":"Customer table created successfully","timestamp":"2024-11-01T10:56:46.568Z","userId":"No userId"}
{"filename":"tableController.js","level":"info","message":"Admin table created successfully","timestamp":"2024-11-01T10:56:46.570Z","userId":"No userId"}
{"filename":"tableController.js","level":"info","message":"Addresses table created successfully","timestamp":"2024-11-01T10:56:46.572Z","userId":"No userId"}
{"filename":"tableController.js","level":"info","message":"Payment table created successfully","timestamp":"2024-11-01T10:56:46.575Z","userId":"No userId"}
{"filename":"tableController.js","level":"info","message":"Corporate Orders table created successfully","timestamp":"2024-11-01T10:56:46.584Z","userId":"No userId"}
{"filename":"tableController.js","level":"info","message":"Corporate Category table created successfully","timestamp":"2024-11-01T10:56:46.587Z","userId":"No userId"}
{"filename":"tableController.js","level":"info","message":"Corporate Order Details table created successfully","timestamp":"2024-11-01T10:56:46.589Z","userId":"No userId"}
{"filename":"tableController.js","level":"info","message":"Event Orders table created successfully","timestamp":"2024-11-01T10:56:46.594Z","userId":"No userId"}
{"filename":"tableController.js","level":"info","message":"Event Category table created successfully","timestamp":"2024-11-01T10:56:46.596Z","userId":"No userId"}
{"filename":"tableController.js","level":"info","message":"Event Cart table created successfully","timestamp":"2024-11-01T10:56:46.598Z","userId":"No userId"}
{"filename":"tableController.js","level":"info","message":"Corporate Cart table created successfully","timestamp":"2024-11-01T10:56:46.601Z","userId":"No userId"}
{"filename":"tableController.js","level":"info","message":"Event Products table created successfully","timestamp":"2024-11-01T10:56:46.602Z","userId":"No userId"}
{"filename":"app.js","level":"info","message":"Database created or already exists","timestamp":"2024-11-01T10:57:11.335Z","userId":"No userId"}
{"filename":"app.js","level":"info","message":"Connected to the Caterorange DB","timestamp":"2024-11-01T10:57:11.356Z","userId":"No userId"}
{"filename":"tableController.js","level":"info","message":"Groups table created successfully","timestamp":"2024-11-01T10:57:11.358Z","userId":"No userId"}
{"filename":"tableController.js","level":"info","message":"Customer table created successfully","timestamp":"2024-11-01T10:57:11.360Z","userId":"No userId"}
{"filename":"tableController.js","level":"info","message":"Admin table created successfully","timestamp":"2024-11-01T10:57:11.362Z","userId":"No userId"}
{"filename":"tableController.js","level":"info","message":"Addresses table created successfully","timestamp":"2024-11-01T10:57:11.365Z","userId":"No userId"}
{"filename":"tableController.js","level":"info","message":"Payment table created successfully","timestamp":"2024-11-01T10:57:11.366Z","userId":"No userId"}
{"filename":"tableController.js","level":"info","message":"Corporate Orders table created successfully","timestamp":"2024-11-01T10:57:11.373Z","userId":"No userId"}
{"filename":"tableController.js","level":"info","message":"Corporate Category table created successfully","timestamp":"2024-11-01T10:57:11.375Z","userId":"No userId"}
{"filename":"tableController.js","level":"info","message":"Corporate Order Details table created successfully","timestamp":"2024-11-01T10:57:11.377Z","userId":"No userId"}
{"filename":"tableController.js","level":"info","message":"Event Orders table created successfully","timestamp":"2024-11-01T10:57:11.383Z","userId":"No userId"}
{"filename":"tableController.js","level":"info","message":"Event Category table created successfully","timestamp":"2024-11-01T10:57:11.384Z","userId":"No userId"}
{"filename":"tableController.js","level":"info","message":"Event Cart table created successfully","timestamp":"2024-11-01T10:57:11.386Z","userId":"No userId"}
{"filename":"tableController.js","level":"info","message":"Corporate Cart table created successfully","timestamp":"2024-11-01T10:57:11.388Z","userId":"No userId"}
{"filename":"app.js","level":"info","message":"Database created or already exists","timestamp":"2024-11-01T11:38:25.309Z","userId":"No userId"}
{"filename":"app.js","level":"info","message":"Connected to the Caterorange DB","timestamp":"2024-11-01T11:38:25.326Z","userId":"No userId"}
{"filename":"tableController.js","level":"info","message":"Groups table created successfully","timestamp":"2024-11-01T11:38:25.328Z","userId":"No userId"}
{"filename":"tableController.js","level":"info","message":"Customer table created successfully","timestamp":"2024-11-01T11:38:25.333Z","userId":"No userId"}
{"filename":"tableController.js","level":"info","message":"Admin table created successfully","timestamp":"2024-11-01T11:38:25.335Z","userId":"No userId"}
{"filename":"tableController.js","level":"info","message":"Addresses table created successfully","timestamp":"2024-11-01T11:38:25.336Z","userId":"No userId"}
{"filename":"tableController.js","level":"info","message":"Payment table created successfully","timestamp":"2024-11-01T11:38:25.338Z","userId":"No userId"}
{"filename":"tableController.js","level":"info","message":"Corporate Orders table created successfully","timestamp":"2024-11-01T11:38:25.348Z","userId":"No userId"}
{"filename":"tableController.js","level":"info","message":"Corporate Category table created successfully","timestamp":"2024-11-01T11:38:25.353Z","userId":"No userId"}
{"filename":"tableController.js","level":"info","message":"Corporate Order Details table created successfully","timestamp":"2024-11-01T11:38:25.355Z","userId":"No userId"}
{"filename":"tableController.js","level":"info","message":"Event Orders table created successfully","timestamp":"2024-11-01T11:38:25.362Z","userId":"No userId"}
{"filename":"tableController.js","level":"info","message":"Event Category table created successfully","timestamp":"2024-11-01T11:38:25.364Z","userId":"No userId"}
{"filename":"tableController.js","level":"info","message":"Event Cart table created successfully","timestamp":"2024-11-01T11:38:25.367Z","userId":"No userId"}
{"filename":"app.js","level":"info","message":"Database created or already exists","timestamp":"2024-11-01T11:39:41.776Z","userId":"No userId"}
{"filename":"app.js","level":"info","message":"Connected to the Caterorange DB","timestamp":"2024-11-01T11:39:41.809Z","userId":"No userId"}
{"filename":"tableController.js","level":"info","message":"Groups table created successfully","timestamp":"2024-11-01T11:39:41.814Z","userId":"No userId"}
{"filename":"tableController.js","level":"info","message":"Customer table created successfully","timestamp":"2024-11-01T11:39:41.816Z","userId":"No userId"}
{"filename":"tableController.js","level":"info","message":"Admin table created successfully","timestamp":"2024-11-01T11:39:41.818Z","userId":"No userId"}
{"filename":"tableController.js","level":"info","message":"Addresses table created successfully","timestamp":"2024-11-01T11:39:41.820Z","userId":"No userId"}
{"filename":"tableController.js","level":"info","message":"Payment table created successfully","timestamp":"2024-11-01T11:39:41.823Z","userId":"No userId"}
{"filename":"tableController.js","level":"info","message":"Corporate Orders table created successfully","timestamp":"2024-11-01T11:39:41.834Z","userId":"No userId"}
{"filename":"tableController.js","level":"info","message":"Corporate Category table created successfully","timestamp":"2024-11-01T11:39:41.839Z","userId":"No userId"}
{"filename":"tableController.js","level":"info","message":"Corporate Order Details table created successfully","timestamp":"2024-11-01T11:39:41.850Z","userId":"No userId"}
{"filename":"tableController.js","level":"info","message":"Event Orders table created successfully","timestamp":"2024-11-01T11:39:41.857Z","userId":"No userId"}
{"filename":"tableController.js","level":"info","message":"Event Category table created successfully","timestamp":"2024-11-01T11:39:41.860Z","userId":"No userId"}
{"filename":"tableController.js","level":"info","message":"Event Cart table created successfully","timestamp":"2024-11-01T11:39:41.862Z","userId":"No userId"}
{"filename":"tableController.js","level":"info","message":"Corporate Cart table created successfully","timestamp":"2024-11-01T11:39:41.863Z","userId":"No userId"}
{"filename":"app.js","level":"info","message":"Database created or already exists","timestamp":"2024-11-01T11:39:47.177Z","userId":"No userId"}
{"filename":"app.js","level":"info","message":"Connected to the Caterorange DB","timestamp":"2024-11-01T11:39:47.191Z","userId":"No userId"}
{"filename":"tableController.js","level":"info","message":"Groups table created successfully","timestamp":"2024-11-01T11:39:47.193Z","userId":"No userId"}
{"filename":"tableController.js","level":"info","message":"Customer table created successfully","timestamp":"2024-11-01T11:39:47.196Z","userId":"No userId"}
{"filename":"tableController.js","level":"info","message":"Admin table created successfully","timestamp":"2024-11-01T11:39:47.200Z","userId":"No userId"}
{"filename":"tableController.js","level":"info","message":"Addresses table created successfully","timestamp":"2024-11-01T11:39:47.202Z","userId":"No userId"}
{"filename":"tableController.js","level":"info","message":"Payment table created successfully","timestamp":"2024-11-01T11:39:47.205Z","userId":"No userId"}
{"filename":"tableController.js","level":"info","message":"Corporate Orders table created successfully","timestamp":"2024-11-01T11:39:47.214Z","userId":"No userId"}
{"filename":"tableController.js","level":"info","message":"Corporate Category table created successfully","timestamp":"2024-11-01T11:39:47.217Z","userId":"No userId"}
{"filename":"tableController.js","level":"info","message":"Corporate Order Details table created successfully","timestamp":"2024-11-01T11:39:47.218Z","userId":"No userId"}
{"filename":"tableController.js","level":"info","message":"Event Orders table created successfully","timestamp":"2024-11-01T11:39:47.225Z","userId":"No userId"}
{"filename":"tableController.js","level":"info","message":"Event Category table created successfully","timestamp":"2024-11-01T11:39:47.227Z","userId":"No userId"}
{"filename":"tableController.js","level":"info","message":"Event Cart table created successfully","timestamp":"2024-11-01T11:39:47.229Z","userId":"No userId"}
{"filename":"tableController.js","level":"info","message":"Corporate Cart table created successfully","timestamp":"2024-11-01T11:39:47.231Z","userId":"No userId"}
{"filename":"app.js","level":"info","message":"Database created or already exists","timestamp":"2024-11-01T11:39:48.134Z","userId":"No userId"}
{"filename":"app.js","level":"info","message":"Connected to the Caterorange DB","timestamp":"2024-11-01T11:39:48.152Z","userId":"No userId"}
{"filename":"tableController.js","level":"info","message":"Groups table created successfully","timestamp":"2024-11-01T11:39:48.156Z","userId":"No userId"}
{"filename":"tableController.js","level":"info","message":"Customer table created successfully","timestamp":"2024-11-01T11:39:48.158Z","userId":"No userId"}
{"filename":"tableController.js","level":"info","message":"Admin table created successfully","timestamp":"2024-11-01T11:39:48.160Z","userId":"No userId"}
{"filename":"tableController.js","level":"info","message":"Addresses table created successfully","timestamp":"2024-11-01T11:39:48.162Z","userId":"No userId"}
{"filename":"tableController.js","level":"info","message":"Payment table created successfully","timestamp":"2024-11-01T11:39:48.163Z","userId":"No userId"}
{"filename":"tableController.js","level":"info","message":"Corporate Orders table created successfully","timestamp":"2024-11-01T11:39:48.174Z","userId":"No userId"}
{"filename":"tableController.js","level":"info","message":"Corporate Category table created successfully","timestamp":"2024-11-01T11:39:48.178Z","userId":"No userId"}
{"filename":"tableController.js","level":"info","message":"Corporate Order Details table created successfully","timestamp":"2024-11-01T11:39:48.180Z","userId":"No userId"}
{"filename":"tableController.js","level":"info","message":"Event Orders table created successfully","timestamp":"2024-11-01T11:39:48.184Z","userId":"No userId"}
{"filename":"tableController.js","level":"info","message":"Event Category table created successfully","timestamp":"2024-11-01T11:39:48.187Z","userId":"No userId"}
{"filename":"tableController.js","level":"info","message":"Event Cart table created successfully","timestamp":"2024-11-01T11:39:48.189Z","userId":"No userId"}
{"filename":"app.js","level":"info","message":"Database created or already exists","timestamp":"2024-11-01T11:40:02.073Z","userId":"No userId"}
{"filename":"app.js","level":"info","message":"Connected to the Caterorange DB","timestamp":"2024-11-01T11:40:02.088Z","userId":"No userId"}
{"filename":"tableController.js","level":"info","message":"Groups table created successfully","timestamp":"2024-11-01T11:40:02.091Z","userId":"No userId"}
{"filename":"tableController.js","level":"info","message":"Customer table created successfully","timestamp":"2024-11-01T11:40:02.093Z","userId":"No userId"}
{"filename":"tableController.js","level":"info","message":"Admin table created successfully","timestamp":"2024-11-01T11:40:02.095Z","userId":"No userId"}
{"filename":"tableController.js","level":"info","message":"Addresses table created successfully","timestamp":"2024-11-01T11:40:02.098Z","userId":"No userId"}
{"filename":"tableController.js","level":"info","message":"Payment table created successfully","timestamp":"2024-11-01T11:40:02.100Z","userId":"No userId"}
{"filename":"tableController.js","level":"info","message":"Corporate Orders table created successfully","timestamp":"2024-11-01T11:40:02.109Z","userId":"No userId"}
{"filename":"tableController.js","level":"info","message":"Corporate Category table created successfully","timestamp":"2024-11-01T11:40:02.111Z","userId":"No userId"}
{"filename":"tableController.js","level":"info","message":"Corporate Order Details table created successfully","timestamp":"2024-11-01T11:40:02.113Z","userId":"No userId"}
{"filename":"tableController.js","level":"info","message":"Event Orders table created successfully","timestamp":"2024-11-01T11:40:02.118Z","userId":"No userId"}
{"filename":"tableController.js","level":"info","message":"Event Category table created successfully","timestamp":"2024-11-01T11:40:02.121Z","userId":"No userId"}
{"filename":"tableController.js","level":"info","message":"Event Cart table created successfully","timestamp":"2024-11-01T11:40:02.123Z","userId":"No userId"}
{"filename":"tableController.js","level":"info","message":"Corporate Cart table created successfully","timestamp":"2024-11-01T11:40:02.125Z","userId":"No userId"}
{"filename":"app.js","level":"info","message":"Database created or already exists","timestamp":"2024-11-01T11:40:06.469Z","userId":"No userId"}
{"filename":"app.js","level":"info","message":"Connected to the Caterorange DB","timestamp":"2024-11-01T11:40:06.484Z","userId":"No userId"}
{"filename":"tableController.js","level":"info","message":"Groups table created successfully","timestamp":"2024-11-01T11:40:06.487Z","userId":"No userId"}
{"filename":"tableController.js","level":"info","message":"Customer table created successfully","timestamp":"2024-11-01T11:40:06.489Z","userId":"No userId"}
{"filename":"tableController.js","level":"info","message":"Admin table created successfully","timestamp":"2024-11-01T11:40:06.491Z","userId":"No userId"}
{"filename":"tableController.js","level":"info","message":"Addresses table created successfully","timestamp":"2024-11-01T11:40:06.493Z","userId":"No userId"}
{"filename":"tableController.js","level":"info","message":"Payment table created successfully","timestamp":"2024-11-01T11:40:06.495Z","userId":"No userId"}
{"filename":"tableController.js","level":"info","message":"Corporate Orders table created successfully","timestamp":"2024-11-01T11:40:06.504Z","userId":"No userId"}
{"filename":"tableController.js","level":"info","message":"Corporate Category table created successfully","timestamp":"2024-11-01T11:40:06.508Z","userId":"No userId"}
{"filename":"tableController.js","level":"info","message":"Corporate Order Details table created successfully","timestamp":"2024-11-01T11:40:06.510Z","userId":"No userId"}
{"filename":"tableController.js","level":"info","message":"Event Orders table created successfully","timestamp":"2024-11-01T11:40:06.515Z","userId":"No userId"}
{"filename":"tableController.js","level":"info","message":"Event Category table created successfully","timestamp":"2024-11-01T11:40:06.517Z","userId":"No userId"}
{"filename":"tableController.js","level":"info","message":"Event Cart table created successfully","timestamp":"2024-11-01T11:40:06.520Z","userId":"No userId"}
{"filename":"tableController.js","level":"info","message":"Corporate Cart table created successfully","timestamp":"2024-11-01T11:40:06.523Z","userId":"No userId"}
{"filename":"tableController.js","level":"info","message":"Event Products table created successfully","timestamp":"2024-11-01T11:40:06.524Z","userId":"No userId"}
{"filename":"app.js","level":"info","message":"Database created or already exists","timestamp":"2024-11-01T11:40:10.402Z","userId":"No userId"}
{"filename":"app.js","level":"info","message":"Connected to the Caterorange DB","timestamp":"2024-11-01T11:40:10.419Z","userId":"No userId"}
{"filename":"tableController.js","level":"info","message":"Groups table created successfully","timestamp":"2024-11-01T11:40:10.422Z","userId":"No userId"}
{"filename":"tableController.js","level":"info","message":"Customer table created successfully","timestamp":"2024-11-01T11:40:10.423Z","userId":"No userId"}
{"filename":"tableController.js","level":"info","message":"Admin table created successfully","timestamp":"2024-11-01T11:40:10.425Z","userId":"No userId"}
{"filename":"tableController.js","level":"info","message":"Addresses table created successfully","timestamp":"2024-11-01T11:40:10.426Z","userId":"No userId"}
{"filename":"tableController.js","level":"info","message":"Payment table created successfully","timestamp":"2024-11-01T11:40:10.427Z","userId":"No userId"}
{"filename":"tableController.js","level":"info","message":"Corporate Orders table created successfully","timestamp":"2024-11-01T11:40:10.435Z","userId":"No userId"}
{"filename":"tableController.js","level":"info","message":"Corporate Category table created successfully","timestamp":"2024-11-01T11:40:10.438Z","userId":"No userId"}
{"filename":"tableController.js","level":"info","message":"Corporate Order Details table created successfully","timestamp":"2024-11-01T11:40:10.440Z","userId":"No userId"}
{"filename":"tableController.js","level":"info","message":"Event Orders table created successfully","timestamp":"2024-11-01T11:40:10.444Z","userId":"No userId"}
{"filename":"tableController.js","level":"info","message":"Event Category table created successfully","timestamp":"2024-11-01T11:40:10.445Z","userId":"No userId"}
{"filename":"tableController.js","level":"info","message":"Event Cart table created successfully","timestamp":"2024-11-01T11:40:10.447Z","userId":"No userId"}
{"filename":"tableController.js","level":"info","message":"Corporate Cart table created successfully","timestamp":"2024-11-01T11:40:10.449Z","userId":"No userId"}
{"filename":"tableController.js","level":"info","message":"Event Products table created successfully","timestamp":"2024-11-01T11:40:10.452Z","userId":"No userId"}
{"filename":"app.js","level":"info","message":"Database created or already exists","timestamp":"2024-11-01T11:40:18.606Z","userId":"No userId"}
{"filename":"app.js","level":"info","message":"Connected to the Caterorange DB","timestamp":"2024-11-01T11:40:18.620Z","userId":"No userId"}
{"filename":"tableController.js","level":"info","message":"Groups table created successfully","timestamp":"2024-11-01T11:40:18.623Z","userId":"No userId"}
{"filename":"tableController.js","level":"info","message":"Customer table created successfully","timestamp":"2024-11-01T11:40:18.624Z","userId":"No userId"}
{"filename":"tableController.js","level":"info","message":"Admin table created successfully","timestamp":"2024-11-01T11:40:18.626Z","userId":"No userId"}
{"filename":"tableController.js","level":"info","message":"Addresses table created successfully","timestamp":"2024-11-01T11:40:18.628Z","userId":"No userId"}
{"filename":"tableController.js","level":"info","message":"Payment table created successfully","timestamp":"2024-11-01T11:40:18.629Z","userId":"No userId"}
{"filename":"tableController.js","level":"info","message":"Corporate Orders table created successfully","timestamp":"2024-11-01T11:40:18.639Z","userId":"No userId"}
{"filename":"tableController.js","level":"info","message":"Corporate Category table created successfully","timestamp":"2024-11-01T11:40:18.642Z","userId":"No userId"}
{"filename":"tableController.js","level":"info","message":"Corporate Order Details table created successfully","timestamp":"2024-11-01T11:40:18.643Z","userId":"No userId"}
{"filename":"tableController.js","level":"info","message":"Event Orders table created successfully","timestamp":"2024-11-01T11:40:18.648Z","userId":"No userId"}
{"filename":"tableController.js","level":"info","message":"Event Category table created successfully","timestamp":"2024-11-01T11:40:18.651Z","userId":"No userId"}
{"filename":"tableController.js","level":"info","message":"Event Cart table created successfully","timestamp":"2024-11-01T11:40:18.653Z","userId":"No userId"}
{"filename":"tableController.js","level":"info","message":"Corporate Cart table created successfully","timestamp":"2024-11-01T11:40:18.655Z","userId":"No userId"}
{"filename":"tableController.js","level":"info","message":"Event Products table created successfully","timestamp":"2024-11-01T11:40:18.658Z","userId":"No userId"}
{"filename":"app.js","level":"info","message":"Database created or already exists","timestamp":"2024-11-01T11:40:22.632Z","userId":"No userId"}
{"filename":"app.js","level":"info","message":"Connected to the Caterorange DB","timestamp":"2024-11-01T11:40:22.649Z","userId":"No userId"}
{"filename":"tableController.js","level":"info","message":"Groups table created successfully","timestamp":"2024-11-01T11:40:22.653Z","userId":"No userId"}
{"filename":"tableController.js","level":"info","message":"Customer table created successfully","timestamp":"2024-11-01T11:40:22.655Z","userId":"No userId"}
{"filename":"tableController.js","level":"info","message":"Admin table created successfully","timestamp":"2024-11-01T11:40:22.657Z","userId":"No userId"}
{"filename":"tableController.js","level":"info","message":"Addresses table created successfully","timestamp":"2024-11-01T11:40:22.658Z","userId":"No userId"}
{"filename":"tableController.js","level":"info","message":"Payment table created successfully","timestamp":"2024-11-01T11:40:22.660Z","userId":"No userId"}
{"filename":"tableController.js","level":"info","message":"Corporate Orders table created successfully","timestamp":"2024-11-01T11:40:22.667Z","userId":"No userId"}
{"filename":"tableController.js","level":"info","message":"Corporate Category table created successfully","timestamp":"2024-11-01T11:40:22.672Z","userId":"No userId"}
{"filename":"tableController.js","level":"info","message":"Corporate Order Details table created successfully","timestamp":"2024-11-01T11:40:22.673Z","userId":"No userId"}
{"filename":"tableController.js","level":"info","message":"Event Orders table created successfully","timestamp":"2024-11-01T11:40:22.677Z","userId":"No userId"}
{"filename":"tableController.js","level":"info","message":"Event Category table created successfully","timestamp":"2024-11-01T11:40:22.679Z","userId":"No userId"}
{"filename":"tableController.js","level":"info","message":"Event Cart table created successfully","timestamp":"2024-11-01T11:40:22.680Z","userId":"No userId"}
{"filename":"app.js","level":"info","message":"Database created or already exists","timestamp":"2024-11-01T11:43:45.839Z","userId":"No userId"}
{"filename":"app.js","level":"info","message":"Connected to the Caterorange DB","timestamp":"2024-11-01T11:43:45.851Z","userId":"No userId"}
{"filename":"tableController.js","level":"info","message":"Groups table created successfully","timestamp":"2024-11-01T11:43:45.853Z","userId":"No userId"}
{"filename":"tableController.js","level":"info","message":"Customer table created successfully","timestamp":"2024-11-01T11:43:45.854Z","userId":"No userId"}
{"filename":"tableController.js","level":"info","message":"Admin table created successfully","timestamp":"2024-11-01T11:43:45.856Z","userId":"No userId"}
{"filename":"tableController.js","level":"info","message":"Addresses table created successfully","timestamp":"2024-11-01T11:43:45.857Z","userId":"No userId"}
{"filename":"tableController.js","level":"info","message":"Payment table created successfully","timestamp":"2024-11-01T11:43:45.859Z","userId":"No userId"}
{"filename":"tableController.js","level":"info","message":"Corporate Orders table created successfully","timestamp":"2024-11-01T11:43:45.867Z","userId":"No userId"}
{"filename":"tableController.js","level":"info","message":"Corporate Category table created successfully","timestamp":"2024-11-01T11:43:45.871Z","userId":"No userId"}
{"filename":"tableController.js","level":"info","message":"Corporate Order Details table created successfully","timestamp":"2024-11-01T11:43:45.872Z","userId":"No userId"}
{"filename":"tableController.js","level":"info","message":"Event Orders table created successfully","timestamp":"2024-11-01T11:43:45.875Z","userId":"No userId"}
{"filename":"tableController.js","level":"info","message":"Event Category table created successfully","timestamp":"2024-11-01T11:43:45.877Z","userId":"No userId"}
{"filename":"tableController.js","level":"info","message":"Event Cart table created successfully","timestamp":"2024-11-01T11:43:45.879Z","userId":"No userId"}
{"filename":"tableController.js","level":"info","message":"Corporate Cart table created successfully","timestamp":"2024-11-01T11:43:45.880Z","userId":"No userId"}
{"filename":"tableController.js","level":"info","message":"Event Products table created successfully","timestamp":"2024-11-01T11:43:45.882Z","userId":"No userId"}
{"filename":"app.js","level":"info","message":"Database created or already exists","timestamp":"2024-11-01T11:43:51.252Z","userId":"No userId"}
{"filename":"app.js","level":"info","message":"Connected to the Caterorange DB","timestamp":"2024-11-01T11:43:51.265Z","userId":"No userId"}
{"filename":"tableController.js","level":"info","message":"Groups table created successfully","timestamp":"2024-11-01T11:43:51.268Z","userId":"No userId"}
{"filename":"tableController.js","level":"info","message":"Customer table created successfully","timestamp":"2024-11-01T11:43:51.270Z","userId":"No userId"}
{"filename":"tableController.js","level":"info","message":"Admin table created successfully","timestamp":"2024-11-01T11:43:51.271Z","userId":"No userId"}
{"filename":"tableController.js","level":"info","message":"Addresses table created successfully","timestamp":"2024-11-01T11:43:51.273Z","userId":"No userId"}
{"filename":"tableController.js","level":"info","message":"Payment table created successfully","timestamp":"2024-11-01T11:43:51.275Z","userId":"No userId"}
{"filename":"tableController.js","level":"info","message":"Corporate Orders table created successfully","timestamp":"2024-11-01T11:43:51.283Z","userId":"No userId"}
{"filename":"tableController.js","level":"info","message":"Corporate Category table created successfully","timestamp":"2024-11-01T11:43:51.286Z","userId":"No userId"}
{"filename":"tableController.js","level":"info","message":"Corporate Order Details table created successfully","timestamp":"2024-11-01T11:43:51.287Z","userId":"No userId"}
{"filename":"tableController.js","level":"info","message":"Event Orders table created successfully","timestamp":"2024-11-01T11:43:51.292Z","userId":"No userId"}
{"filename":"tableController.js","level":"info","message":"Event Category table created successfully","timestamp":"2024-11-01T11:43:51.294Z","userId":"No userId"}
{"filename":"tableController.js","level":"info","message":"Event Cart table created successfully","timestamp":"2024-11-01T11:43:51.295Z","userId":"No userId"}
{"filename":"tableController.js","level":"info","message":"Corporate Cart table created successfully","timestamp":"2024-11-01T11:43:51.296Z","userId":"No userId"}
{"filename":"tableController.js","level":"info","message":"Event Products table created successfully","timestamp":"2024-11-01T11:43:51.298Z","userId":"No userId"}
{"filename":"app.js","level":"info","message":"Database created or already exists","timestamp":"2024-11-01T11:46:26.658Z","userId":"No userId"}
{"filename":"app.js","level":"info","message":"Connected to the Caterorange DB","timestamp":"2024-11-01T11:46:26.676Z","userId":"No userId"}
{"filename":"tableController.js","level":"info","message":"Groups table created successfully","timestamp":"2024-11-01T11:46:26.678Z","userId":"No userId"}
{"filename":"tableController.js","level":"info","message":"Customer table created successfully","timestamp":"2024-11-01T11:46:26.679Z","userId":"No userId"}
{"filename":"tableController.js","level":"info","message":"Admin table created successfully","timestamp":"2024-11-01T11:46:26.681Z","userId":"No userId"}
{"filename":"tableController.js","level":"info","message":"Addresses table created successfully","timestamp":"2024-11-01T11:46:26.684Z","userId":"No userId"}
{"filename":"tableController.js","level":"info","message":"Payment table created successfully","timestamp":"2024-11-01T11:46:26.686Z","userId":"No userId"}
{"filename":"tableController.js","level":"info","message":"Corporate Orders table created successfully","timestamp":"2024-11-01T11:46:26.696Z","userId":"No userId"}
{"filename":"tableController.js","level":"info","message":"Corporate Category table created successfully","timestamp":"2024-11-01T11:46:26.700Z","userId":"No userId"}
{"filename":"tableController.js","level":"info","message":"Corporate Order Details table created successfully","timestamp":"2024-11-01T11:46:26.703Z","userId":"No userId"}
{"filename":"tableController.js","level":"info","message":"Event Orders table created successfully","timestamp":"2024-11-01T11:46:26.708Z","userId":"No userId"}
{"filename":"tableController.js","level":"info","message":"Event Category table created successfully","timestamp":"2024-11-01T11:46:26.710Z","userId":"No userId"}
{"filename":"tableController.js","level":"info","message":"Event Cart table created successfully","timestamp":"2024-11-01T11:46:26.711Z","userId":"No userId"}
{"filename":"tableController.js","level":"info","message":"Corporate Cart table created successfully","timestamp":"2024-11-01T11:46:26.713Z","userId":"No userId"}
{"filename":"tableController.js","level":"info","message":"Event Products table created successfully","timestamp":"2024-11-01T11:46:26.715Z","userId":"No userId"}
{"filename":"app.js","level":"info","message":"Database created or already exists","timestamp":"2024-11-01T11:46:34.418Z","userId":"No userId"}
{"filename":"app.js","level":"info","message":"Connected to the Caterorange DB","timestamp":"2024-11-01T11:46:34.435Z","userId":"No userId"}
{"filename":"tableController.js","level":"info","message":"Groups table created successfully","timestamp":"2024-11-01T11:46:34.437Z","userId":"No userId"}
{"filename":"tableController.js","level":"info","message":"Customer table created successfully","timestamp":"2024-11-01T11:46:34.440Z","userId":"No userId"}
{"filename":"tableController.js","level":"info","message":"Admin table created successfully","timestamp":"2024-11-01T11:46:34.443Z","userId":"No userId"}
{"filename":"tableController.js","level":"info","message":"Addresses table created successfully","timestamp":"2024-11-01T11:46:34.445Z","userId":"No userId"}
{"filename":"tableController.js","level":"info","message":"Payment table created successfully","timestamp":"2024-11-01T11:46:34.447Z","userId":"No userId"}
{"filename":"tableController.js","level":"info","message":"Corporate Orders table created successfully","timestamp":"2024-11-01T11:46:34.456Z","userId":"No userId"}
{"filename":"tableController.js","level":"info","message":"Corporate Category table created successfully","timestamp":"2024-11-01T11:46:34.459Z","userId":"No userId"}
{"filename":"tableController.js","level":"info","message":"Corporate Order Details table created successfully","timestamp":"2024-11-01T11:46:34.461Z","userId":"No userId"}
{"filename":"tableController.js","level":"info","message":"Event Orders table created successfully","timestamp":"2024-11-01T11:46:34.466Z","userId":"No userId"}
{"filename":"tableController.js","level":"info","message":"Event Category table created successfully","timestamp":"2024-11-01T11:46:34.470Z","userId":"No userId"}
{"filename":"tableController.js","level":"info","message":"Event Cart table created successfully","timestamp":"2024-11-01T11:46:34.471Z","userId":"No userId"}
{"filename":"tableController.js","level":"info","message":"Corporate Cart table created successfully","timestamp":"2024-11-01T11:46:34.473Z","userId":"No userId"}
{"filename":"tableController.js","level":"info","message":"Event Products table created successfully","timestamp":"2024-11-01T11:46:34.474Z","userId":"No userId"}
{"filename":"app.js","level":"info","message":"Database created or already exists","timestamp":"2024-11-01T11:46:41.186Z","userId":"No userId"}
{"filename":"app.js","level":"info","message":"Connected to the Caterorange DB","timestamp":"2024-11-01T11:46:41.199Z","userId":"No userId"}
{"filename":"tableController.js","level":"info","message":"Groups table created successfully","timestamp":"2024-11-01T11:46:41.202Z","userId":"No userId"}
{"filename":"tableController.js","level":"info","message":"Customer table created successfully","timestamp":"2024-11-01T11:46:41.204Z","userId":"No userId"}
{"filename":"tableController.js","level":"info","message":"Admin table created successfully","timestamp":"2024-11-01T11:46:41.205Z","userId":"No userId"}
{"filename":"tableController.js","level":"info","message":"Addresses table created successfully","timestamp":"2024-11-01T11:46:41.208Z","userId":"No userId"}
{"filename":"tableController.js","level":"info","message":"Payment table created successfully","timestamp":"2024-11-01T11:46:41.210Z","userId":"No userId"}
{"filename":"tableController.js","level":"info","message":"Corporate Orders table created successfully","timestamp":"2024-11-01T11:46:41.219Z","userId":"No userId"}
{"filename":"tableController.js","level":"info","message":"Corporate Category table created successfully","timestamp":"2024-11-01T11:46:41.222Z","userId":"No userId"}
{"filename":"tableController.js","level":"info","message":"Corporate Order Details table created successfully","timestamp":"2024-11-01T11:46:41.224Z","userId":"No userId"}
{"filename":"tableController.js","level":"info","message":"Event Orders table created successfully","timestamp":"2024-11-01T11:46:41.228Z","userId":"No userId"}
{"filename":"tableController.js","level":"info","message":"Event Category table created successfully","timestamp":"2024-11-01T11:46:41.230Z","userId":"No userId"}
{"filename":"tableController.js","level":"info","message":"Event Cart table created successfully","timestamp":"2024-11-01T11:46:41.231Z","userId":"No userId"}
{"filename":"tableController.js","level":"info","message":"Corporate Cart table created successfully","timestamp":"2024-11-01T11:46:41.233Z","userId":"No userId"}
{"filename":"tableController.js","level":"info","message":"Event Products table created successfully","timestamp":"2024-11-01T11:46:41.235Z","userId":"No userId"}
{"filename":"app.js","level":"info","message":"Database created or already exists","timestamp":"2024-11-01T11:54:13.503Z","userId":"No userId"}
{"0":"p","1":"a","10":"u","11":"t","12":"h","13":"e","14":"n","15":"t","16":"i","17":"c","18":"a","19":"t","2":"s","20":"i","21":"o","22":"n","23":" ","24":"f","25":"a","26":"i","27":"l","28":"e","29":"d","3":"s","30":" ","31":"f","32":"o","33":"r","34":" ","35":"u","36":"s","37":"e","38":"r","39":" ","4":"w","40":"\"","41":"p","42":"a","43":"r","44":"a","45":"s","46":"\"","5":"o","6":"r","7":"d","8":" ","9":"a","filename":"app.js","level":"error","message":"Initialization error:","timestamp":"2024-11-01T11:54:13.520Z","userId":"No userId"}
{"filename":"app.js","level":"info","message":"Database created or already exists","timestamp":"2024-11-01T11:55:06.570Z","userId":"No userId"}
{"0":"p","1":"a","10":"u","11":"t","12":"h","13":"e","14":"n","15":"t","16":"i","17":"c","18":"a","19":"t","2":"s","20":"i","21":"o","22":"n","23":" ","24":"f","25":"a","26":"i","27":"l","28":"e","29":"d","3":"s","30":" ","31":"f","32":"o","33":"r","34":" ","35":"u","36":"s","37":"e","38":"r","39":" ","4":"w","40":"\"","41":"p","42":"a","43":"r","44":"a","45":"s","46":"\"","5":"o","6":"r","7":"d","8":" ","9":"a","filename":"app.js","level":"error","message":"Initialization error:","timestamp":"2024-11-01T11:55:06.587Z","userId":"No userId"}
{"filename":"app.js","level":"info","message":"Database created or already exists","timestamp":"2024-11-01T11:55:44.230Z","userId":"No userId"}
{"filename":"app.js","level":"info","message":"Connected to the Caterorange DB","timestamp":"2024-11-01T11:55:44.246Z","userId":"No userId"}
{"filename":"tableController.js","level":"info","message":"Groups table created successfully","timestamp":"2024-11-01T11:55:44.248Z","userId":"No userId"}
{"filename":"tableController.js","level":"info","message":"Customer table created successfully","timestamp":"2024-11-01T11:55:44.251Z","userId":"No userId"}
{"filename":"tableController.js","level":"info","message":"Admin table created successfully","timestamp":"2024-11-01T11:55:44.256Z","userId":"No userId"}
{"filename":"tableController.js","level":"info","message":"Addresses table created successfully","timestamp":"2024-11-01T11:55:44.260Z","userId":"No userId"}
{"filename":"tableController.js","level":"info","message":"Payment table created successfully","timestamp":"2024-11-01T11:55:44.263Z","userId":"No userId"}
{"filename":"tableController.js","level":"info","message":"Corporate Orders table created successfully","timestamp":"2024-11-01T11:55:44.272Z","userId":"No userId"}
{"filename":"tableController.js","level":"info","message":"Corporate Category table created successfully","timestamp":"2024-11-01T11:55:44.278Z","userId":"No userId"}
{"filename":"tableController.js","level":"info","message":"Corporate Order Details table created successfully","timestamp":"2024-11-01T11:55:44.280Z","userId":"No userId"}
{"filename":"tableController.js","level":"info","message":"Event Orders table created successfully","timestamp":"2024-11-01T11:55:44.285Z","userId":"No userId"}
{"filename":"tableController.js","level":"info","message":"Event Category table created successfully","timestamp":"2024-11-01T11:55:44.287Z","userId":"No userId"}
{"filename":"tableController.js","level":"info","message":"Event Cart table created successfully","timestamp":"2024-11-01T11:55:44.288Z","userId":"No userId"}
{"filename":"tableController.js","level":"info","message":"Corporate Cart table created successfully","timestamp":"2024-11-01T11:55:44.290Z","userId":"No userId"}
{"filename":"app.js","level":"info","message":"Database created or already exists","timestamp":"2024-11-01T11:59:11.499Z","userId":"No userId"}
{"filename":"app.js","level":"info","message":"Connected to the Caterorange DB","timestamp":"2024-11-01T11:59:11.515Z","userId":"No userId"}
{"filename":"tableController.js","level":"info","message":"Groups table created successfully","timestamp":"2024-11-01T11:59:11.517Z","userId":"No userId"}
{"filename":"tableController.js","level":"info","message":"Customer table created successfully","timestamp":"2024-11-01T11:59:11.518Z","userId":"No userId"}
{"filename":"tableController.js","level":"info","message":"Admin table created successfully","timestamp":"2024-11-01T11:59:11.519Z","userId":"No userId"}
{"filename":"tableController.js","level":"info","message":"Addresses table created successfully","timestamp":"2024-11-01T11:59:11.521Z","userId":"No userId"}
{"filename":"tableController.js","level":"info","message":"Payment table created successfully","timestamp":"2024-11-01T11:59:11.524Z","userId":"No userId"}
{"filename":"tableController.js","level":"info","message":"Corporate Orders table created successfully","timestamp":"2024-11-01T11:59:11.532Z","userId":"No userId"}
{"filename":"tableController.js","level":"info","message":"Corporate Category table created successfully","timestamp":"2024-11-01T11:59:11.538Z","userId":"No userId"}
{"filename":"tableController.js","level":"info","message":"Corporate Order Details table created successfully","timestamp":"2024-11-01T11:59:11.540Z","userId":"No userId"}
{"filename":"tableController.js","level":"info","message":"Event Orders table created successfully","timestamp":"2024-11-01T11:59:11.545Z","userId":"No userId"}
{"filename":"tableController.js","level":"info","message":"Event Category table created successfully","timestamp":"2024-11-01T11:59:11.546Z","userId":"No userId"}
{"filename":"tableController.js","level":"info","message":"Event Cart table created successfully","timestamp":"2024-11-01T11:59:11.547Z","userId":"No userId"}
{"filename":"tableController.js","level":"info","message":"Corporate Cart table created successfully","timestamp":"2024-11-01T11:59:11.549Z","userId":"No userId"}
{"filename":"app.js","level":"info","message":"Database created or already exists","timestamp":"2024-11-01T12:02:16.392Z","userId":"No userId"}
{"filename":"app.js","level":"info","message":"Connected to the Caterorange DB","timestamp":"2024-11-01T12:02:16.407Z","userId":"No userId"}
{"filename":"tableController.js","level":"info","message":"Groups table created successfully","timestamp":"2024-11-01T12:02:16.409Z","userId":"No userId"}
{"filename":"tableController.js","level":"info","message":"Customer table created successfully","timestamp":"2024-11-01T12:02:16.410Z","userId":"No userId"}
{"filename":"tableController.js","level":"info","message":"Admin table created successfully","timestamp":"2024-11-01T12:02:16.412Z","userId":"No userId"}
{"filename":"tableController.js","level":"info","message":"Addresses table created successfully","timestamp":"2024-11-01T12:02:16.413Z","userId":"No userId"}
{"filename":"tableController.js","level":"info","message":"Payment table created successfully","timestamp":"2024-11-01T12:02:16.415Z","userId":"No userId"}
{"filename":"tableController.js","level":"info","message":"Corporate Orders table created successfully","timestamp":"2024-11-01T12:02:16.424Z","userId":"No userId"}
{"filename":"tableController.js","level":"info","message":"Corporate Category table created successfully","timestamp":"2024-11-01T12:02:16.427Z","userId":"No userId"}
{"filename":"tableController.js","level":"info","message":"Corporate Order Details table created successfully","timestamp":"2024-11-01T12:02:16.429Z","userId":"No userId"}
{"filename":"tableController.js","level":"info","message":"Event Orders table created successfully","timestamp":"2024-11-01T12:02:16.433Z","userId":"No userId"}
{"filename":"tableController.js","level":"info","message":"Event Category table created successfully","timestamp":"2024-11-01T12:02:16.438Z","userId":"No userId"}
{"filename":"app.js","level":"info","message":"Database created or already exists","timestamp":"2024-11-01T12:05:08.967Z","userId":"No userId"}
{"filename":"app.js","level":"info","message":"Connected to the Caterorange DB","timestamp":"2024-11-01T12:05:08.980Z","userId":"No userId"}
{"filename":"tableController.js","level":"info","message":"Groups table created successfully","timestamp":"2024-11-01T12:05:08.982Z","userId":"No userId"}
{"filename":"tableController.js","level":"info","message":"Customer table created successfully","timestamp":"2024-11-01T12:05:08.985Z","userId":"No userId"}
{"filename":"tableController.js","level":"info","message":"Admin table created successfully","timestamp":"2024-11-01T12:05:08.986Z","userId":"No userId"}
{"filename":"tableController.js","level":"info","message":"Addresses table created successfully","timestamp":"2024-11-01T12:05:08.988Z","userId":"No userId"}
{"filename":"tableController.js","level":"info","message":"Payment table created successfully","timestamp":"2024-11-01T12:05:08.989Z","userId":"No userId"}
{"filename":"tableController.js","level":"info","message":"Corporate Orders table created successfully","timestamp":"2024-11-01T12:05:08.997Z","userId":"No userId"}
{"filename":"tableController.js","level":"info","message":"Corporate Category table created successfully","timestamp":"2024-11-01T12:05:09.000Z","userId":"No userId"}
{"filename":"tableController.js","level":"info","message":"Corporate Order Details table created successfully","timestamp":"2024-11-01T12:05:09.001Z","userId":"No userId"}
{"filename":"tableController.js","level":"info","message":"Event Orders table created successfully","timestamp":"2024-11-01T12:05:09.004Z","userId":"No userId"}
{"filename":"tableController.js","level":"info","message":"Event Category table created successfully","timestamp":"2024-11-01T12:05:09.005Z","userId":"No userId"}
{"filename":"tableController.js","level":"info","message":"Event Cart table created successfully","timestamp":"2024-11-01T12:05:09.007Z","userId":"No userId"}
{"filename":"tableController.js","level":"info","message":"Corporate Cart table created successfully","timestamp":"2024-11-01T12:05:09.008Z","userId":"No userId"}
{"filename":"app.js","level":"info","message":"Database created or already exists","timestamp":"2024-11-01T12:13:46.920Z","userId":"No userId"}
{"filename":"app.js","level":"info","message":"Connected to the Caterorange DB","timestamp":"2024-11-01T12:13:46.936Z","userId":"No userId"}
{"filename":"tableController.js","level":"info","message":"Groups table created successfully","timestamp":"2024-11-01T12:13:46.939Z","userId":"No userId"}
{"filename":"tableController.js","level":"info","message":"Customer table created successfully","timestamp":"2024-11-01T12:13:46.941Z","userId":"No userId"}
{"filename":"tableController.js","level":"info","message":"Admin table created successfully","timestamp":"2024-11-01T12:13:46.944Z","userId":"No userId"}
{"filename":"tableController.js","level":"info","message":"Addresses table created successfully","timestamp":"2024-11-01T12:13:46.946Z","userId":"No userId"}
{"filename":"tableController.js","level":"info","message":"Payment table created successfully","timestamp":"2024-11-01T12:13:46.947Z","userId":"No userId"}
{"filename":"tableController.js","level":"info","message":"Corporate Orders table created successfully","timestamp":"2024-11-01T12:13:46.955Z","userId":"No userId"}
{"filename":"tableController.js","level":"info","message":"Corporate Category table created successfully","timestamp":"2024-11-01T12:13:46.960Z","userId":"No userId"}
{"filename":"tableController.js","level":"info","message":"Corporate Order Details table created successfully","timestamp":"2024-11-01T12:13:46.962Z","userId":"No userId"}
{"filename":"tableController.js","level":"info","message":"Event Orders table created successfully","timestamp":"2024-11-01T12:13:46.967Z","userId":"No userId"}
{"filename":"tableController.js","level":"info","message":"Event Category table created successfully","timestamp":"2024-11-01T12:13:46.968Z","userId":"No userId"}
{"filename":"tableController.js","level":"info","message":"Event Cart table created successfully","timestamp":"2024-11-01T12:13:46.969Z","userId":"No userId"}
{"filename":"tableController.js","level":"info","message":"Corporate Cart table created successfully","timestamp":"2024-11-01T12:13:46.971Z","userId":"No userId"}
{"filename":"tableController.js","level":"info","message":"Event Products table created successfully","timestamp":"2024-11-01T12:13:46.973Z","userId":"No userId"}
