{"0":"e","1":"r","10":"s","100":"v","101":"a","102":"l","103":"l","104":"i","105":"k","106":"a","107":"/","108":"P","109":"i","11":"w","110":"c","111":"t","112":"u","113":"r","114":"e","115":"s","116":"/","117":"C","118":"a","119":"t","12":"o","120":"e","121":"r","122":"O","123":"r","124":"a","125":"n","126":"g","127":"e","128":"/","129":"B","13":"r","130":"a","131":"c","132":"k","133":"e","134":"n","135":"d","136":"/","137":"s","138":"r","139":"c","14":"d","140":"/","141":"n","142":"o","143":"d","144":"e","145":"_","146":"m","147":"o","148":"d","149":"u","15":" ","150":"l","151":"e","152":"s","153":"/","154":"p","155":"g","156":"-","157":"p","158":"r","159":"o","16":"a","160":"t","161":"o","162":"c","163":"o","164":"l","165":"/","166":"d","167":"i","168":"s","169":"t","17":"u","170":"/","171":"p","172":"a","173":"r","174":"s","175":"e","176":"r","177":".","178":"j","179":"s","18":"t","180":":","181":"2","182":"8","183":"3","184":":","185":"9","186":"8","187":")","188":"\n","189":" ","19":"h","190":" ","191":" ","192":" ","193":"a","194":"t","195":" ","196":"P","197":"a","198":"r","199":"s","2":"r","20":"e","200":"e","201":"r","202":".","203":"h","204":"a","205":"n","206":"d","207":"l","208":"e","209":"P","21":"n","210":"a","211":"c","212":"k","213":"e","214":"t","215":" ","216":"(","217":"/","218":"h","219":"o","22":"t","220":"m","221":"e","222":"/","223":"s","224":"r","225":"i","226":"v","227":"a","228":"l","229":"l","23":"i","230":"i","231":"k","232":"a","233":"/","234":"P","235":"i","236":"c","237":"t","238":"u","239":"r","24":"c","240":"e","241":"s","242":"/","243":"C","244":"a","245":"t","246":"e","247":"r","248":"O","249":"r","25":"a","250":"a","251":"n","252":"g","253":"e","254":"/","255":"B","256":"a","257":"c","258":"k","259":"e","26":"t","260":"n","261":"d","262":"/","263":"s","264":"r","265":"c","266":"/","267":"n","268":"o","269":"d","27":"i","270":"e","271":"_","272":"m","273":"o","274":"d","275":"u","276":"l","277":"e","278":"s","279":"/","28":"o","280":"p","281":"g","282":"-","283":"p","284":"r","285":"o","286":"t","287":"o","288":"c","289":"o","29":"n","290":"l","291":"/","292":"d","293":"i","294":"s","295":"t","296":"/","297":"p","298":"a","299":"r","3":"o","30":" ","300":"s","301":"e","302":"r","303":".","304":"j","305":"s","306":":","307":"1","308":"2","309":"2","31":"f","310":":","311":"2","312":"9","313":")","314":"\n","315":" ","316":" ","317":" ","318":" ","319":"a","32":"a","320":"t","321":" ","322":"P","323":"a","324":"r","325":"s","326":"e","327":"r","328":".","329":"p","33":"i","330":"a","331":"r","332":"s","333":"e","334":" ","335":"(","336":"/","337":"h","338":"o","339":"m","34":"l","340":"e","341":"/","342":"s","343":"r","344":"i","345":"v","346":"a","347":"l","348":"l","349":"i","35":"e","350":"k","351":"a","352":"/","353":"P","354":"i","355":"c","356":"t","357":"u","358":"r","359":"e","36":"d","360":"s","361":"/","362":"C","363":"a","364":"t","365":"e","366":"r","367":"O","368":"r","369":"a","37":" ","370":"n","371":"g","372":"e","373":"/","374":"B","375":"a","376":"c","377":"k","378":"e","379":"n","38":"f","380":"d","381":"/","382":"s","383":"r","384":"c","385":"/","386":"n","387":"o","388":"d","389":"e","39":"o","390":"_","391":"m","392":"o","393":"d","394":"u","395":"l","396":"e","397":"s","398":"/","399":"p","4":"r","40":"r","400":"g","401":"-","402":"p","403":"r","404":"o","405":"t","406":"o","407":"c","408":"o","409":"l","41":" ","410":"/","411":"d","412":"i","413":"s","414":"t","415":"/","416":"p","417":"a","418":"r","419":"s","42":"u","420":"e","421":"r","422":".","423":"j","424":"s","425":":","426":"3","427":"5","428":":","429":"3","43":"s","430":"8","431":")","432":"\n","433":" ","434":" ","435":" ","436":" ","437":"a","438":"t","439":" ","44":"e","440":"S","441":"o","442":"c","443":"k","444":"e","445":"t","446":".","447":"<","448":"a","449":"n","45":"r","450":"o","451":"n","452":"y","453":"m","454":"o","455":"u","456":"s","457":">","458":" ","459":"(","46":" ","460":"/","461":"h","462":"o","463":"m","464":"e","465":"/","466":"s","467":"r","468":"i","469":"v","47":"\"","470":"a","471":"l","472":"l","473":"i","474":"k","475":"a","476":"/","477":"P","478":"i","479":"c","48":"p","480":"t","481":"u","482":"r","483":"e","484":"s","485":"/","486":"C","487":"a","488":"t","489":"e","49":"o","490":"r","491":"O","492":"r","493":"a","494":"n","495":"g","496":"e","497":"/","498":"B","499":"a","5":":","50":"s","500":"c","501":"k","502":"e","503":"n","504":"d","505":"/","506":"s","507":"r","508":"c","509":"/","51":"t","510":"n","511":"o","512":"d","513":"e","514":"_","515":"m","516":"o","517":"d","518":"u","519":"l","52":"g","520":"e","521":"s","522":"/","523":"p","524":"g","525":"-","526":"p","527":"r","528":"o","529":"t","53":"r","530":"o","531":"c","532":"o","533":"l","534":"/","535":"d","536":"i","537":"s","538":"t","539":"/","54":"e","540":"i","541":"n","542":"d","543":"e","544":"x","545":".","546":"j","547":"s","548":":","549":"1","55":"s","550":"1","551":":","552":"4","553":"2","554":")","555":"\n","556":" ","557":" ","558":" ","559":" ","56":"\"","560":"a","561":"t","562":" ","563":"S","564":"o","565":"c","566":"k","567":"e","568":"t","569":".","57":"\n","570":"e","571":"m","572":"i","573":"t","574":" ","575":"(","576":"n","577":"o","578":"d","579":"e","58":" ","580":":","581":"e","582":"v","583":"e","584":"n","585":"t","586":"s","587":":","588":"5","589":"1","59":" ","590":"9","591":":","592":"2","593":"8","594":")","595":"\n","596":" ","597":" ","598":" ","599":" ","6":" ","60":" ","600":"a","601":"t","602":" ","603":"a","604":"d","605":"d","606":"C","607":"h","608":"u","609":"n","61":" ","610":"k","611":" ","612":"(","613":"n","614":"o","615":"d","616":"e","617":":","618":"i","619":"n","62":"a","620":"t","621":"e","622":"r","623":"n","624":"a","625":"l","626":"/","627":"s","628":"t","629":"r","63":"t","630":"e","631":"a","632":"m","633":"s","634":"/","635":"r","636":"e","637":"a","638":"d","639":"a","64":" ","640":"b","641":"l","642":"e","643":":","644":"5","645":"5","646":"9","647":":","648":"1","649":"2","65":"P","650":")","651":"\n","652":" ","653":" ","654":" ","655":" ","656":"a","657":"t","658":" ","659":"r","66":"a","660":"e","661":"a","662":"d","663":"a","664":"b","665":"l","666":"e","667":"A","668":"d","669":"d","67":"r","670":"C","671":"h","672":"u","673":"n","674":"k","675":"P","676":"u","677":"s","678":"h","679":"B","68":"s","680":"y","681":"t","682":"e","683":"M","684":"o","685":"d","686":"e","687":" ","688":"(","689":"n","69":"e","690":"o","691":"d","692":"e","693":":","694":"i","695":"n","696":"t","697":"e","698":"r","699":"n","7":"p","70":"r","700":"a","701":"l","702":"/","703":"s","704":"t","705":"r","706":"e","707":"a","708":"m","709":"s","71":".","710":"/","711":"r","712":"e","713":"a","714":"d","715":"a","716":"b","717":"l","718":"e","719":":","72":"p","720":"5","721":"1","722":"0","723":":","724":"3","725":")","726":"\n","727":" ","728":" ","729":" ","73":"a","730":" ","731":"a","732":"t","733":" ","734":"R","735":"e","736":"a","737":"d","738":"a","739":"b","74":"r","740":"l","741":"e","742":".","743":"p","744":"u","745":"s","746":"h","747":" ","748":"(","749":"n","75":"s","750":"o","751":"d","752":"e","753":":","754":"i","755":"n","756":"t","757":"e","758":"r","759":"n","76":"e","760":"a","761":"l","762":"/","763":"s","764":"t","765":"r","766":"e","767":"a","768":"m","769":"s","77":"E","770":"/","771":"r","772":"e","773":"a","774":"d","775":"a","776":"b","777":"l","778":"e","779":":","78":"r","780":"3","781":"9","782":"0","783":":","784":"5","785":")","786":"\n","787":" ","788":" ","789":" ","79":"r","790":" ","791":"a","792":"t","793":" ","794":"T","795":"C","796":"P","797":".","798":"o","799":"n","8":"a","80":"o","800":"S","801":"t","802":"r","803":"e","804":"a","805":"m","806":"R","807":"e","808":"a","809":"d","81":"r","810":" ","811":"(","812":"n","813":"o","814":"d","815":"e","816":":","817":"i","818":"n","819":"t","82":"M","820":"e","821":"r","822":"n","823":"a","824":"l","825":"/","826":"s","827":"t","828":"r","829":"e","83":"e","830":"a","831":"m","832":"_","833":"b","834":"a","835":"s","836":"e","837":"_","838":"c","839":"o","84":"s","840":"m","841":"m","842":"o","843":"n","844":"s","845":":","846":"1","847":"9","848":"1","849":":","85":"s","850":"2","851":"3","852":")","86":"a","87":"g","88":"e","89":" ","9":"s","90":"(","91":"/","92":"h","93":"o","94":"m","95":"e","96":"/","97":"s","98":"r","99":"i","filename":"config.js","level":"error","message":"Error creating database:","timestamp":"2024-11-05T12:50:39.454Z","userId":"No userId"}
{"0":"p","1":"a","10":"u","11":"t","12":"h","13":"e","14":"n","15":"t","16":"i","17":"c","18":"a","19":"t","2":"s","20":"i","21":"o","22":"n","23":" ","24":"f","25":"a","26":"i","27":"l","28":"e","29":"d","3":"s","30":" ","31":"f","32":"o","33":"r","34":" ","35":"u","36":"s","37":"e","38":"r","39":" ","4":"w","40":"\"","41":"p","42":"o","43":"s","44":"t","45":"g","46":"r","47":"e","48":"s","49":"\"","5":"o","6":"r","7":"d","8":" ","9":"a","filename":"app.js","level":"error","message":"Initialization error:","timestamp":"2024-11-05T12:50:39.472Z","userId":"No userId"}
{"error":"column \"customer_generated_id\" does not exist","filename":"corporateorderModels.js","level":"error","message":"Error retrieving cart count:","timestamp":"2024-11-05T13:00:06.907Z","userId":"C000001"}
{"error":"Error retrieving cart count: column \"customer_generated_id\" does not exist","filename":"corporateorderController.js","level":"error","message":"Error retrieving cart count","timestamp":"2024-11-05T13:00:06.908Z","userId":"C000001"}
{"error":"column \"customer_generated_id\" does not exist","filename":"corporateorderModels.js","level":"error","message":"Error retrieving cart count:","timestamp":"2024-11-05T13:00:06.938Z","userId":"C000001"}
{"error":"Error retrieving cart count: column \"customer_generated_id\" does not exist","filename":"corporateorderController.js","level":"error","message":"Error retrieving cart count","timestamp":"2024-11-05T13:00:06.939Z","userId":"C000001"}
{"error":"column \"customer_generated_id\" of relation \"corporate_cart\" does not exist","filename":"corporateorderModels.js","level":"error","message":"Error adding cart data in model","timestamp":"2024-11-05T13:00:42.805Z","userId":"C000001"}
{"error":"column \"customer_generated_id\" of relation \"corporate_cart\" does not exist","filename":"corporateorderController.js","level":"error","message":"Error during cart creation","timestamp":"2024-11-05T13:00:42.806Z","userId":"C000001"}
{"error":"column \"customer_generated_id\" does not exist","filename":"corporateorderModels.js","level":"error","message":"Error retrieving cart count:","timestamp":"2024-11-05T13:02:43.351Z","userId":"C000001"}
{"error":"Error retrieving cart count: column \"customer_generated_id\" does not exist","filename":"corporateorderController.js","level":"error","message":"Error retrieving cart count","timestamp":"2024-11-05T13:02:43.352Z","userId":"C000001"}
{"error":"column \"customer_generated_id\" does not exist","filename":"corporateorderModels.js","level":"error","message":"Error retrieving cart count:","timestamp":"2024-11-05T13:02:43.377Z","userId":"C000001"}
{"error":"Error retrieving cart count: column \"customer_generated_id\" does not exist","filename":"corporateorderController.js","level":"error","message":"Error retrieving cart count","timestamp":"2024-11-05T13:02:43.378Z","userId":"C000001"}
{"error":"column \"customer_generated_id\" does not exist","filename":"corporateorderModels.js","level":"error","message":"Error retrieving cart count:","timestamp":"2024-11-05T13:02:48.065Z","userId":"C000001"}
{"error":"Error retrieving cart count: column \"customer_generated_id\" does not exist","filename":"corporateorderController.js","level":"error","message":"Error retrieving cart count","timestamp":"2024-11-05T13:02:48.065Z","userId":"C000001"}
{"error":"column \"customer_generated_id\" does not exist","filename":"corporateorderModels.js","level":"error","message":"Error retrieving cart count:","timestamp":"2024-11-05T13:02:48.088Z","userId":"C000001"}
{"error":"Error retrieving cart count: column \"customer_generated_id\" does not exist","filename":"corporateorderController.js","level":"error","message":"Error retrieving cart count","timestamp":"2024-11-05T13:02:48.089Z","userId":"C000001"}
{"error":"column \"customer_generated_id\" does not exist","filename":"corporateorderModels.js","level":"error","message":"Error retrieving cart count:","timestamp":"2024-11-05T13:02:53.550Z","userId":"C000001"}
{"error":"Error retrieving cart count: column \"customer_generated_id\" does not exist","filename":"corporateorderController.js","level":"error","message":"Error retrieving cart count","timestamp":"2024-11-05T13:02:53.551Z","userId":"C000001"}
{"error":"column \"customer_generated_id\" does not exist","filename":"corporateorderModels.js","level":"error","message":"Error retrieving cart count:","timestamp":"2024-11-05T13:02:53.587Z","userId":"C000001"}
{"error":"Error retrieving cart count: column \"customer_generated_id\" does not exist","filename":"corporateorderController.js","level":"error","message":"Error retrieving cart count","timestamp":"2024-11-05T13:02:53.587Z","userId":"C000001"}
{"error":"column \"customer_generated_id\" does not exist","filename":"corporateorderModels.js","level":"error","message":"Error retrieving cart count:","timestamp":"2024-11-05T13:02:59.282Z","userId":"C000001"}
{"error":"Error retrieving cart count: column \"customer_generated_id\" does not exist","filename":"corporateorderController.js","level":"error","message":"Error retrieving cart count","timestamp":"2024-11-05T13:02:59.285Z","userId":"C000001"}
{"error":"column \"customer_generated_id\" does not exist","filename":"corporateorderModels.js","level":"error","message":"Error retrieving cart count:","timestamp":"2024-11-05T13:02:59.309Z","userId":"C000001"}
{"error":"Error retrieving cart count: column \"customer_generated_id\" does not exist","filename":"corporateorderController.js","level":"error","message":"Error retrieving cart count","timestamp":"2024-11-05T13:02:59.310Z","userId":"C000001"}
{"error":"address_model.select_default_address is not a function","filename":"addressController.js","level":"error","message":"Error retrieving default address","timestamp":"2024-11-05T13:05:12.577Z","userId":"C000001"}
{"error":"address_model.select_default_address is not a function","filename":"addressController.js","level":"error","message":"Error retrieving default address","timestamp":"2024-11-05T13:05:12.582Z","userId":"C000001"}
{"error":"address_model.getAllAddresses is not a function","filename":"addressController.js","level":"error","message":"Error retrieving all addresses","timestamp":"2024-11-05T13:05:42.261Z","userId":"C000001"}
{"error":"address_model.createaddress is not a function","filename":"addressController.js","level":"error","message":"Error during address storing","timestamp":"2024-11-05T13:06:00.104Z","userId":"C000001"}
{"error":"address_model.createaddress is not a function","filename":"addressController.js","level":"error","message":"Error during address storing","timestamp":"2024-11-05T13:06:06.580Z","userId":"C000001"}
{"error":"address_model.createaddress is not a function","filename":"addressController.js","level":"error","message":"Error during address storing","timestamp":"2024-11-05T13:06:07.393Z","userId":"C000001"}
{"error":"address_model.createaddress is not a function","filename":"addressController.js","level":"error","message":"Error during address storing","timestamp":"2024-11-05T13:06:07.575Z","userId":"C000001"}
{"error":"address_model.createaddress is not a function","filename":"addressController.js","level":"error","message":"Error during address storing","timestamp":"2024-11-05T13:06:07.740Z","userId":"C000001"}
{"error":"address_model.createaddress is not a function","filename":"addressController.js","level":"error","message":"Error during address storing","timestamp":"2024-11-05T13:06:07.923Z","userId":"C000001"}
{"error":"address_model.createaddress is not a function","filename":"addressController.js","level":"error","message":"Error during address storing","timestamp":"2024-11-05T13:06:08.151Z","userId":"C000001"}
{"error":"address_model.createaddress is not a function","filename":"addressController.js","level":"error","message":"Error during address storing","timestamp":"2024-11-05T13:06:08.329Z","userId":"C000001"}
{"error":"column \"customer_generated_id\" does not exist","filename":"corporateorderModels.js","level":"error","message":"Error retrieving cart count:","timestamp":"2024-11-05T13:16:25.207Z","userId":"C000001"}
{"error":"Error retrieving cart count: column \"customer_generated_id\" does not exist","filename":"corporateorderController.js","level":"error","message":"Error retrieving cart count","timestamp":"2024-11-05T13:16:25.208Z","userId":"C000001"}
{"error":"column \"customer_generated_id\" does not exist","filename":"corporateorderModels.js","level":"error","message":"Error retrieving cart count:","timestamp":"2024-11-05T13:16:25.262Z","userId":"C000001"}
{"error":"Error retrieving cart count: column \"customer_generated_id\" does not exist","filename":"corporateorderController.js","level":"error","message":"Error retrieving cart count","timestamp":"2024-11-05T13:16:25.264Z","userId":"C000001"}
{"error":"address_model.select_default_address is not a function","filename":"addressController.js","level":"error","message":"Error retrieving default address","timestamp":"2024-11-05T13:16:29.399Z","userId":"C000001"}
{"error":"address_model.select_default_address is not a function","filename":"addressController.js","level":"error","message":"Error retrieving default address","timestamp":"2024-11-05T13:16:29.453Z","userId":"C000001"}
{"error":"address_model.getAllAddresses is not a function","filename":"addressController.js","level":"error","message":"Error retrieving all addresses","timestamp":"2024-11-05T13:16:59.162Z","userId":"C000001"}
{"error":"address_model.createaddress is not a function","filename":"addressController.js","level":"error","message":"Error during address storing","timestamp":"2024-11-05T13:17:10.051Z","userId":"C000001"}
{"error":"address_model.createaddress is not a function","filename":"addressController.js","level":"error","message":"Error during address storing","timestamp":"2024-11-05T13:17:15.613Z","userId":"C000001"}
{"error":"address_model.createaddress is not a function","filename":"addressController.js","level":"error","message":"Error during address storing","timestamp":"2024-11-05T13:17:18.001Z","userId":"C000001"}
{"error":"address_model.createaddress is not a function","filename":"addressController.js","level":"error","message":"Error during address storing","timestamp":"2024-11-05T13:17:18.183Z","userId":"C000001"}
{"error":"address_model.createaddress is not a function","filename":"addressController.js","level":"error","message":"Error during address storing","timestamp":"2024-11-05T13:17:18.365Z","userId":"C000001"}
{"error":"address_model.createaddress is not a function","filename":"addressController.js","level":"error","message":"Error during address storing","timestamp":"2024-11-05T13:17:18.550Z","userId":"C000001"}
{"error":"address_model.createaddress is not a function","filename":"addressController.js","level":"error","message":"Error during address storing","timestamp":"2024-11-05T13:17:18.731Z","userId":"C000001"}
{"error":"address_model.createaddress is not a function","filename":"addressController.js","level":"error","message":"Error during address storing","timestamp":"2024-11-05T13:17:18.912Z","userId":"C000001"}
{"error":"address_model.createaddress is not a function","filename":"addressController.js","level":"error","message":"Error during address storing","timestamp":"2024-11-05T13:17:19.104Z","userId":"C000001"}
{"error":"address_model.createaddress is not a function","filename":"addressController.js","level":"error","message":"Error during address storing","timestamp":"2024-11-05T13:17:19.283Z","userId":"C000001"}
{"error":"column \"customer_generated_id\" does not exist","filename":"corporateorderModels.js","level":"error","message":"Error retrieving cart count:","timestamp":"2024-11-05T13:17:25.526Z","userId":"C000001"}
{"error":"Error retrieving cart count: column \"customer_generated_id\" does not exist","filename":"corporateorderController.js","level":"error","message":"Error retrieving cart count","timestamp":"2024-11-05T13:17:25.528Z","userId":"C000001"}
{"error":"column \"customer_generated_id\" does not exist","filename":"corporateorderModels.js","level":"error","message":"Error retrieving cart count:","timestamp":"2024-11-05T13:17:25.614Z","userId":"C000001"}
{"error":"Error retrieving cart count: column \"customer_generated_id\" does not exist","filename":"corporateorderController.js","level":"error","message":"Error retrieving cart count","timestamp":"2024-11-05T13:17:25.617Z","userId":"C000001"}
{"error":"column \"customer_generated_id\" does not exist","filename":"corporateorderModels.js","level":"error","message":"Error retrieving cart count:","timestamp":"2024-11-05T13:17:49.984Z","userId":"C000001"}
{"error":"Error retrieving cart count: column \"customer_generated_id\" does not exist","filename":"corporateorderController.js","level":"error","message":"Error retrieving cart count","timestamp":"2024-11-05T13:17:49.993Z","userId":"C000001"}
{"error":"column \"customer_generated_id\" does not exist","filename":"corporateorderModels.js","level":"error","message":"Error retrieving cart count:","timestamp":"2024-11-05T13:17:50.050Z","userId":"C000001"}
{"error":"Error retrieving cart count: column \"customer_generated_id\" does not exist","filename":"corporateorderController.js","level":"error","message":"Error retrieving cart count","timestamp":"2024-11-05T13:17:50.051Z","userId":"C000001"}
{"error":"address_model.select_default_address is not a function","filename":"addressController.js","level":"error","message":"Error retrieving default address","timestamp":"2024-11-05T13:17:53.117Z","userId":"C000001"}
{"error":"address_model.select_default_address is not a function","filename":"addressController.js","level":"error","message":"Error retrieving default address","timestamp":"2024-11-05T13:17:53.158Z","userId":"C000001"}
{"error":"address_model.getAllAddresses is not a function","filename":"addressController.js","level":"error","message":"Error retrieving all addresses","timestamp":"2024-11-05T13:18:15.044Z","userId":"C000001"}
{"error":"address_model.createaddress is not a function","filename":"addressController.js","level":"error","message":"Error during address storing","timestamp":"2024-11-05T13:18:24.970Z","userId":"C000001"}
{"error":"address_model.createaddress is not a function","filename":"addressController.js","level":"error","message":"Error during address storing","timestamp":"2024-11-05T13:18:26.062Z","userId":"C000001"}
{"error":"Cannot read properties of undefined (reading 'token')","filename":"addressModels.js","level":"error","message":"Error during address storing","timestamp":"2024-11-05T13:23:13.722Z","userId":"No userId"}
{"error":"res.status is not a function","filename":"addressController.js","level":"error","message":"Error during address storing","timestamp":"2024-11-05T13:23:13.728Z","userId":"No userId"}
{"error":"Cannot read properties of undefined (reading 'token')","filename":"addressModels.js","level":"error","message":"Error during address storing","timestamp":"2024-11-05T13:23:17.462Z","userId":"No userId"}
{"error":"res.status is not a function","filename":"addressController.js","level":"error","message":"Error during address storing","timestamp":"2024-11-05T13:23:17.467Z","userId":"No userId"}
{"error":"address_model.createaddress is not a function","filename":"addressController.js","level":"error","message":"Error during address storing","timestamp":"2024-11-05T13:28:10.169Z","userId":"No userId"}
{"error":"address_model.select_default_address is not a function","filename":"addressController.js","level":"error","message":"Error retrieving default address","timestamp":"2024-11-05T13:28:11.122Z","userId":"No userId"}
{"error":"address_model.select_default_address is not a function","filename":"addressController.js","level":"error","message":"Error retrieving default address","timestamp":"2024-11-05T13:28:11.189Z","userId":"No userId"}
{"error":"address_model.getAllAddresses is not a function","filename":"addressController.js","level":"error","message":"Error retrieving all addresses","timestamp":"2024-11-05T13:29:08.954Z","userId":"No userId"}
{"error":"address_model.createaddress is not a function","filename":"addressController.js","level":"error","message":"Error during address storing","timestamp":"2024-11-05T13:29:20.379Z","userId":"No userId"}
{"error":"column \"customer_generated_id\" does not exist","filename":"corporateorderModels.js","level":"error","message":"Error retrieving cart count:","timestamp":"2024-11-05T13:35:05.664Z","userId":"No userId"}
{"error":"Error retrieving cart count: column \"customer_generated_id\" does not exist","filename":"corporateorderController.js","level":"error","message":"Error retrieving cart count","timestamp":"2024-11-05T13:35:05.665Z","userId":"No userId"}
{"error":"column \"customer_generated_id\" does not exist","filename":"corporateorderModels.js","level":"error","message":"Error retrieving cart count:","timestamp":"2024-11-05T13:35:05.689Z","userId":"No userId"}
{"error":"Error retrieving cart count: column \"customer_generated_id\" does not exist","filename":"corporateorderController.js","level":"error","message":"Error retrieving cart count","timestamp":"2024-11-05T13:35:05.691Z","userId":"No userId"}
{"error":"address_model.createaddress is not a function","filename":"addressController.js","level":"error","message":"Error during address storing","timestamp":"2024-11-05T13:40:33.806Z","userId":"No userId"}
{"error":"address_model.select_default_address is not a function","filename":"addressController.js","level":"error","message":"Error retrieving default address","timestamp":"2024-11-05T13:44:20.491Z","userId":"No userId"}
{"error":"address_model.select_default_address is not a function","filename":"addressController.js","level":"error","message":"Error retrieving default address","timestamp":"2024-11-05T13:44:20.502Z","userId":"No userId"}
{"error":"Cannot read properties of undefined (reading 'token')","filename":"addressModels.js","level":"error","message":"Error during address storing","timestamp":"2024-11-05T13:47:40.028Z","userId":"No userId"}
{"error":"res.status is not a function","filename":"addressController.js","level":"error","message":"Error during address storing","timestamp":"2024-11-05T13:47:40.032Z","userId":"No userId"}
{"error":"Cannot read properties of undefined (reading 'token')","filename":"addressModels.js","level":"error","message":"Error during address storing","timestamp":"2024-11-05T13:47:55.469Z","userId":"No userId"}
{"error":"res.status is not a function","filename":"addressController.js","level":"error","message":"Error during address storing","timestamp":"2024-11-05T13:47:55.490Z","userId":"No userId"}
{"error":"Cannot read properties of undefined (reading 'token')","filename":"addressModels.js","level":"error","message":"Error during address storing","timestamp":"2024-11-05T13:56:37.948Z","userId":"No userId"}
{"error":"res.status is not a function","filename":"addressController.js","level":"error","message":"Error during address storing","timestamp":"2024-11-05T13:56:37.949Z","userId":"No userId"}
{"error":"column \"customer_generated_id\" does not exist","filename":"corporateorderModels.js","level":"error","message":"Error retrieving cart count:","timestamp":"2024-11-05T14:03:04.697Z","userId":"No userId"}
{"error":"Error retrieving cart count: column \"customer_generated_id\" does not exist","filename":"corporateorderController.js","level":"error","message":"Error retrieving cart count","timestamp":"2024-11-05T14:03:04.698Z","userId":"No userId"}
{"error":"column \"customer_generated_id\" does not exist","filename":"corporateorderModels.js","level":"error","message":"Error retrieving cart count:","timestamp":"2024-11-05T14:03:04.744Z","userId":"No userId"}
{"error":"Error retrieving cart count: column \"customer_generated_id\" does not exist","filename":"corporateorderController.js","level":"error","message":"Error retrieving cart count","timestamp":"2024-11-05T14:03:04.745Z","userId":"No userId"}
{"error":"address_model.select_default_address is not a function","filename":"addressController.js","level":"error","message":"Error retrieving default address","timestamp":"2024-11-05T14:03:06.597Z","userId":"No userId"}
{"error":"address_model.select_default_address is not a function","filename":"addressController.js","level":"error","message":"Error retrieving default address","timestamp":"2024-11-05T14:03:06.607Z","userId":"No userId"}
{"error":"address_model.getAllAddresses is not a function","filename":"addressController.js","level":"error","message":"Error retrieving all addresses","timestamp":"2024-11-05T14:03:34.808Z","userId":"No userId"}
{"error":"Cannot read properties of undefined (reading 'token')","filename":"addressModels.js","level":"error","message":"Error during address storing","timestamp":"2024-11-05T14:03:42.787Z","userId":"No userId"}
{"error":"res.status is not a function","filename":"addressController.js","level":"error","message":"Error during address storing","timestamp":"2024-11-05T14:03:42.788Z","userId":"No userId"}
{"error":"Cannot read properties of undefined (reading 'token')","filename":"addressModels.js","level":"error","message":"Error during address storing","timestamp":"2024-11-05T14:04:07.252Z","userId":"No userId"}
{"error":"res.status is not a function","filename":"addressController.js","level":"error","message":"Error during address storing","timestamp":"2024-11-05T14:04:07.253Z","userId":"No userId"}
{"error":"column \"customer_generated_id\" does not exist","filename":"corporateorderModels.js","level":"error","message":"Error retrieving cart count:","timestamp":"2024-11-05T14:05:45.539Z","userId":"No userId"}
{"error":"Error retrieving cart count: column \"customer_generated_id\" does not exist","filename":"corporateorderController.js","level":"error","message":"Error retrieving cart count","timestamp":"2024-11-05T14:05:45.542Z","userId":"No userId"}
{"error":"column \"customer_generated_id\" does not exist","filename":"corporateorderModels.js","level":"error","message":"Error retrieving cart count:","timestamp":"2024-11-05T14:05:45.596Z","userId":"No userId"}
{"error":"Error retrieving cart count: column \"customer_generated_id\" does not exist","filename":"corporateorderController.js","level":"error","message":"Error retrieving cart count","timestamp":"2024-11-05T14:05:45.599Z","userId":"No userId"}
{"error":"address_model.select_default_address is not a function","filename":"addressController.js","level":"error","message":"Error retrieving default address","timestamp":"2024-11-05T14:05:48.866Z","userId":"No userId"}
{"error":"address_model.select_default_address is not a function","filename":"addressController.js","level":"error","message":"Error retrieving default address","timestamp":"2024-11-05T14:05:48.881Z","userId":"No userId"}
{"error":"address_model.createaddress is not a function","filename":"addressController.js","level":"error","message":"Error during address storing","timestamp":"2024-11-05T14:06:18.783Z","userId":"No userId"}
{"error":"address_model.createaddress is not a function","filename":"addressController.js","level":"error","message":"Error during address storing","timestamp":"2024-11-05T14:06:20.024Z","userId":"No userId"}
{"error":"address_model.createaddress is not a function","filename":"addressController.js","level":"error","message":"Error during address storing","timestamp":"2024-11-05T14:06:20.531Z","userId":"No userId"}
{"error":"address_model.createaddress is not a function","filename":"addressController.js","level":"error","message":"Error during address storing","timestamp":"2024-11-05T14:06:26.262Z","userId":"No userId"}
{"error":"malformed array literal: \"[12,4]\"","filename":"addressModel.js","level":"error","message":"Error adding address data","timestamp":"2024-11-05T14:15:06.636Z","userId":"No userId"}
{"error":"malformed array literal: \"[12,4]\"","filename":"addressController.js","level":"error","message":"Error during address storing","timestamp":"2024-11-05T14:15:06.636Z","userId":"No userId"}
{"error":"column \"customer_generated_id\" does not exist","filename":"corporateorderModels.js","level":"error","message":"Error retrieving cart count:","timestamp":"2024-11-05T14:16:39.010Z","userId":"No userId"}
{"error":"Error retrieving cart count: column \"customer_generated_id\" does not exist","filename":"corporateorderController.js","level":"error","message":"Error retrieving cart count","timestamp":"2024-11-05T14:16:39.017Z","userId":"No userId"}
{"error":"column \"customer_generated_id\" does not exist","filename":"corporateorderModels.js","level":"error","message":"Error retrieving cart count:","timestamp":"2024-11-05T14:16:39.066Z","userId":"No userId"}
{"error":"Error retrieving cart count: column \"customer_generated_id\" does not exist","filename":"corporateorderController.js","level":"error","message":"Error retrieving cart count","timestamp":"2024-11-05T14:16:39.071Z","userId":"No userId"}
{"error":"address_model.getAllAddresses is not a function","filename":"addressController.js","level":"error","message":"Error retrieving all addresses","timestamp":"2024-11-05T14:17:06.449Z","userId":"No userId"}
{"error":"column \"customer_generated_id\" does not exist","filename":"corporateorderModels.js","level":"error","message":"Error retrieving cart count:","timestamp":"2024-11-05T14:17:32.198Z","userId":"No userId"}
{"error":"Error retrieving cart count: column \"customer_generated_id\" does not exist","filename":"corporateorderController.js","level":"error","message":"Error retrieving cart count","timestamp":"2024-11-05T14:17:32.203Z","userId":"No userId"}
{"error":"column \"customer_generated_id\" does not exist","filename":"corporateorderModels.js","level":"error","message":"Error retrieving cart count:","timestamp":"2024-11-05T14:17:32.264Z","userId":"No userId"}
{"error":"Error retrieving cart count: column \"customer_generated_id\" does not exist","filename":"corporateorderController.js","level":"error","message":"Error retrieving cart count","timestamp":"2024-11-05T14:17:32.264Z","userId":"No userId"}
{"error":"address_model.getAllAddresses is not a function","filename":"addressController.js","level":"error","message":"Error retrieving all addresses","timestamp":"2024-11-05T14:17:36.421Z","userId":"No userId"}
{"error":"address_model.getAllAddresses is not a function","filename":"addressController.js","level":"error","message":"Error retrieving all addresses","timestamp":"2024-11-05T14:17:45.125Z","userId":"No userId"}
{"error":"address_model.getAllAddresses is not a function","filename":"addressController.js","level":"error","message":"Error retrieving all addresses","timestamp":"2024-11-05T14:21:13.086Z","userId":"No userId"}
{"error":"column \"customer_generated_id\" of relation \"corporate_cart\" does not exist","filename":"corporateorderModels.js","level":"error","message":"Error adding cart data in model","timestamp":"2024-11-05T14:23:46.834Z","userId":"No userId"}
{"error":"column \"customer_generated_id\" of relation \"corporate_cart\" does not exist","filename":"corporateorderController.js","level":"error","message":"Error during cart creation","timestamp":"2024-11-05T14:23:46.840Z","userId":"No userId"}
{"error":"column \"customer_generated_id\" of relation \"corporate_cart\" does not exist","filename":"corporateorderModels.js","level":"error","message":"Error adding cart data in model","timestamp":"2024-11-05T14:24:24.330Z","userId":"No userId"}
{"error":"column \"customer_generated_id\" of relation \"corporate_cart\" does not exist","filename":"corporateorderController.js","level":"error","message":"Error during cart creation","timestamp":"2024-11-05T14:24:24.357Z","userId":"No userId"}
{"error":"column \"customer_generated_id\" of relation \"corporate_cart\" does not exist","filename":"corporateorderModels.js","level":"error","message":"Error adding cart data in model","timestamp":"2024-11-05T14:24:31.972Z","userId":"No userId"}
{"error":"column \"customer_generated_id\" of relation \"corporate_cart\" does not exist","filename":"corporateorderController.js","level":"error","message":"Error during cart creation","timestamp":"2024-11-05T14:24:31.977Z","userId":"No userId"}
{"error":"column \"customer_generated_id\" of relation \"corporate_cart\" does not exist","filename":"corporateorderModels.js","level":"error","message":"Error adding cart data in model","timestamp":"2024-11-05T14:31:13.740Z","userId":"No userId"}
{"error":"column \"customer_generated_id\" of relation \"corporate_cart\" does not exist","filename":"corporateorderController.js","level":"error","message":"Error during cart creation","timestamp":"2024-11-05T14:31:13.749Z","userId":"No userId"}
{"error":"column \"customer_generated_id\" of relation \"corporate_cart\" does not exist","filename":"corporateorderModels.js","level":"error","message":"Error adding cart data in model","timestamp":"2024-11-05T14:32:09.054Z","userId":"No userId"}
{"error":"column \"customer_generated_id\" of relation \"corporate_cart\" does not exist","filename":"corporateorderController.js","level":"error","message":"Error during cart creation","timestamp":"2024-11-05T14:32:09.058Z","userId":"No userId"}
{"error":"column \"customer_generated_id\" of relation \"corporate_cart\" does not exist","filename":"corporateorderModels.js","level":"error","message":"Error adding cart data in model","timestamp":"2024-11-05T14:33:36.115Z","userId":"No userId"}
{"error":"column \"customer_generated_id\" of relation \"corporate_cart\" does not exist","filename":"corporateorderController.js","level":"error","message":"Error during cart creation","timestamp":"2024-11-05T14:33:36.130Z","userId":"No userId"}
{"error":"column \"customer_generated_id\" of relation \"corporate_cart\" does not exist","filename":"corporateorderModels.js","level":"error","message":"Error adding cart data in model","timestamp":"2024-11-05T14:33:49.446Z","userId":"No userId"}
{"error":"column \"customer_generated_id\" of relation \"corporate_cart\" does not exist","filename":"corporateorderController.js","level":"error","message":"Error during cart creation","timestamp":"2024-11-05T14:33:49.455Z","userId":"No userId"}
{"error":"column \"customer_generated_id\" of relation \"corporate_cart\" does not exist","filename":"corporateorderModels.js","level":"error","message":"Error adding cart data in model","timestamp":"2024-11-05T14:34:15.303Z","userId":"No userId"}
{"error":"column \"customer_generated_id\" of relation \"corporate_cart\" does not exist","filename":"corporateorderController.js","level":"error","message":"Error during cart creation","timestamp":"2024-11-05T14:34:15.306Z","userId":"No userId"}
{"error":"column \"customer_generated_id\" does not exist","filename":"corporateorderModels.js","level":"error","message":"Error retrieving cart count:","timestamp":"2024-11-05T14:39:51.077Z","userId":"No userId"}
{"error":"Error retrieving cart count: column \"customer_generated_id\" does not exist","filename":"corporateorderController.js","level":"error","message":"Error retrieving cart count","timestamp":"2024-11-05T14:39:51.079Z","userId":"No userId"}
{"error":"column \"customer_generated_id\" does not exist","filename":"corporateorderModels.js","level":"error","message":"Error retrieving cart count:","timestamp":"2024-11-05T14:39:51.272Z","userId":"No userId"}
{"error":"Error retrieving cart count: column \"customer_generated_id\" does not exist","filename":"corporateorderController.js","level":"error","message":"Error retrieving cart count","timestamp":"2024-11-05T14:39:51.282Z","userId":"No userId"}
{"error":"column \"customer_generated_id\" of relation \"corporate_cart\" does not exist","filename":"corporateorderModels.js","level":"error","message":"Error adding cart data in model","timestamp":"2024-11-05T14:40:07.911Z","userId":"No userId"}
{"error":"column \"customer_generated_id\" of relation \"corporate_cart\" does not exist","filename":"corporateorderController.js","level":"error","message":"Error during cart creation","timestamp":"2024-11-05T14:40:07.917Z","userId":"No userId"}
{"error":"column \"customer_generated_id\" does not exist","filename":"corporateorderModels.js","level":"error","message":"Error retrieving cart count:","timestamp":"2024-11-05T14:44:43.158Z","userId":"No userId"}
{"error":"Error retrieving cart count: column \"customer_generated_id\" does not exist","filename":"corporateorderController.js","level":"error","message":"Error retrieving cart count","timestamp":"2024-11-05T14:44:43.159Z","userId":"No userId"}
{"error":"column \"customer_generated_id\" does not exist","filename":"corporateorderModels.js","level":"error","message":"Error retrieving cart count:","timestamp":"2024-11-05T14:44:43.198Z","userId":"No userId"}
{"error":"Error retrieving cart count: column \"customer_generated_id\" does not exist","filename":"corporateorderController.js","level":"error","message":"Error retrieving cart count","timestamp":"2024-11-05T14:44:43.200Z","userId":"No userId"}
{"error":"column \"customer_generated_id\" does not exist","filename":"corporateorderModels.js","level":"error","message":"Error retrieving cart count:","timestamp":"2024-11-05T14:45:06.956Z","userId":"No userId"}
{"error":"Error retrieving cart count: column \"customer_generated_id\" does not exist","filename":"corporateorderController.js","level":"error","message":"Error retrieving cart count","timestamp":"2024-11-05T14:45:06.962Z","userId":"No userId"}
{"error":"column \"customer_generated_id\" does not exist","filename":"corporateorderModels.js","level":"error","message":"Error retrieving cart count:","timestamp":"2024-11-05T14:45:07.011Z","userId":"No userId"}
{"error":"Error retrieving cart count: column \"customer_generated_id\" does not exist","filename":"corporateorderController.js","level":"error","message":"Error retrieving cart count","timestamp":"2024-11-05T14:45:07.018Z","userId":"No userId"}
{"error":"address_model.getAllAddresses is not a function","filename":"addressController.js","level":"error","message":"Error retrieving all addresses","timestamp":"2024-11-05T14:45:10.780Z","userId":"No userId"}
{"error":"address_model.getAllAddresses is not a function","filename":"addressController.js","level":"error","message":"Error retrieving all addresses","timestamp":"2024-11-05T14:45:10.810Z","userId":"No userId"}
{"error":"column \"customer_generated_id\" does not exist","filename":"corporateorderModels.js","level":"error","message":"Error retrieving cart count:","timestamp":"2024-11-05T14:45:13.089Z","userId":"No userId"}
{"error":"Error retrieving cart count: column \"customer_generated_id\" does not exist","filename":"corporateorderController.js","level":"error","message":"Error retrieving cart count","timestamp":"2024-11-05T14:45:13.092Z","userId":"No userId"}
{"error":"column \"customer_generated_id\" does not exist","filename":"corporateorderModels.js","level":"error","message":"Error retrieving cart count:","timestamp":"2024-11-05T14:45:13.186Z","userId":"No userId"}
{"error":"Error retrieving cart count: column \"customer_generated_id\" does not exist","filename":"corporateorderController.js","level":"error","message":"Error retrieving cart count","timestamp":"2024-11-05T14:45:13.198Z","userId":"No userId"}
{"error":"column \"customer_generated_id\" does not exist","filename":"corporateorderModels.js","level":"error","message":"Error retrieving cart count:","timestamp":"2024-11-05T14:45:20.084Z","userId":"No userId"}
{"error":"Error retrieving cart count: column \"customer_generated_id\" does not exist","filename":"corporateorderController.js","level":"error","message":"Error retrieving cart count","timestamp":"2024-11-05T14:45:20.091Z","userId":"No userId"}
{"error":"column \"customer_generated_id\" does not exist","filename":"corporateorderModels.js","level":"error","message":"Error retrieving cart count:","timestamp":"2024-11-05T14:45:20.151Z","userId":"No userId"}
{"error":"Error retrieving cart count: column \"customer_generated_id\" does not exist","filename":"corporateorderController.js","level":"error","message":"Error retrieving cart count","timestamp":"2024-11-05T14:45:20.156Z","userId":"No userId"}
{"error":"column \"customer_generated_id\" does not exist","filename":"corporateorderModels.js","level":"error","message":"Error retrieving cart count:","timestamp":"2024-11-05T14:45:25.981Z","userId":"No userId"}
{"error":"Error retrieving cart count: column \"customer_generated_id\" does not exist","filename":"corporateorderController.js","level":"error","message":"Error retrieving cart count","timestamp":"2024-11-05T14:45:25.983Z","userId":"No userId"}
{"error":"column \"customer_generated_id\" does not exist","filename":"corporateorderModels.js","level":"error","message":"Error retrieving cart count:","timestamp":"2024-11-05T14:45:26.056Z","userId":"No userId"}
{"error":"Error retrieving cart count: column \"customer_generated_id\" does not exist","filename":"corporateorderController.js","level":"error","message":"Error retrieving cart count","timestamp":"2024-11-05T14:45:26.061Z","userId":"No userId"}
{"error":"column \"customer_generated_id\" does not exist","filename":"corporateorderModels.js","level":"error","message":"Error retrieving cart count:","timestamp":"2024-11-05T14:46:14.311Z","userId":"No userId"}
{"error":"Error retrieving cart count: column \"customer_generated_id\" does not exist","filename":"corporateorderController.js","level":"error","message":"Error retrieving cart count","timestamp":"2024-11-05T14:46:14.316Z","userId":"No userId"}
{"error":"column \"customer_generated_id\" does not exist","filename":"corporateorderModels.js","level":"error","message":"Error retrieving cart count:","timestamp":"2024-11-05T14:46:14.358Z","userId":"No userId"}
{"error":"Error retrieving cart count: column \"customer_generated_id\" does not exist","filename":"corporateorderController.js","level":"error","message":"Error retrieving cart count","timestamp":"2024-11-05T14:46:14.362Z","userId":"No userId"}
{"error":"column \"customer_generated_id\" does not exist","filename":"corporateorderModels.js","level":"error","message":"Error retrieving cart count:","timestamp":"2024-11-05T14:46:48.507Z","userId":"C000001"}
{"error":"Error retrieving cart count: column \"customer_generated_id\" does not exist","filename":"corporateorderController.js","level":"error","message":"Error retrieving cart count","timestamp":"2024-11-05T14:46:48.515Z","userId":"C000001"}
{"error":"column \"customer_generated_id\" does not exist","filename":"corporateorderModels.js","level":"error","message":"Error retrieving cart count:","timestamp":"2024-11-05T14:46:48.570Z","userId":"C000001"}
{"error":"Error retrieving cart count: column \"customer_generated_id\" does not exist","filename":"corporateorderController.js","level":"error","message":"Error retrieving cart count","timestamp":"2024-11-05T14:46:48.579Z","userId":"C000001"}
{"error":"column \"customer_generated_id\" does not exist","filename":"corporateorderModels.js","level":"error","message":"Error retrieving cart count:","timestamp":"2024-11-05T14:47:45.553Z","userId":"C000001"}
{"error":"Error retrieving cart count: column \"customer_generated_id\" does not exist","filename":"corporateorderController.js","level":"error","message":"Error retrieving cart count","timestamp":"2024-11-05T14:47:45.555Z","userId":"C000001"}
{"error":"column \"customer_generated_id\" does not exist","filename":"corporateorderModels.js","level":"error","message":"Error retrieving cart count:","timestamp":"2024-11-05T14:47:45.619Z","userId":"C000001"}
{"error":"Error retrieving cart count: column \"customer_generated_id\" does not exist","filename":"corporateorderController.js","level":"error","message":"Error retrieving cart count","timestamp":"2024-11-05T14:47:45.623Z","userId":"C000001"}
{"error":"column \"customer_generated_id\" does not exist","filename":"corporateorderModels.js","level":"error","message":"Error retrieving cart count:","timestamp":"2024-11-05T14:51:57.595Z","userId":"C000001"}
{"error":"Error retrieving cart count: column \"customer_generated_id\" does not exist","filename":"corporateorderController.js","level":"error","message":"Error retrieving cart count","timestamp":"2024-11-05T14:51:57.600Z","userId":"C000001"}
{"error":"column \"customer_generated_id\" does not exist","filename":"corporateorderModels.js","level":"error","message":"Error retrieving cart count:","timestamp":"2024-11-05T14:51:57.782Z","userId":"C000001"}
{"error":"Error retrieving cart count: column \"customer_generated_id\" does not exist","filename":"corporateorderController.js","level":"error","message":"Error retrieving cart count","timestamp":"2024-11-05T14:51:57.803Z","userId":"C000001"}
{"error":"address_model.getAllAddresses is not a function","filename":"addressController.js","level":"error","message":"Error retrieving all addresses","timestamp":"2024-11-05T14:53:02.227Z","userId":"C000001"}
{"error":"column \"customer_generated_id\" does not exist","filename":"corporateorderModels.js","level":"error","message":"Error retrieving cart count:","timestamp":"2024-11-05T14:53:09.680Z","userId":"C000001"}
{"error":"Error retrieving cart count: column \"customer_generated_id\" does not exist","filename":"corporateorderController.js","level":"error","message":"Error retrieving cart count","timestamp":"2024-11-05T14:53:09.684Z","userId":"C000001"}
{"error":"column \"customer_generated_id\" does not exist","filename":"corporateorderModels.js","level":"error","message":"Error retrieving cart count:","timestamp":"2024-11-05T14:53:09.793Z","userId":"C000001"}
{"error":"Error retrieving cart count: column \"customer_generated_id\" does not exist","filename":"corporateorderController.js","level":"error","message":"Error retrieving cart count","timestamp":"2024-11-05T14:53:09.798Z","userId":"C000001"}
{"error":"address_model.getAllAddresses is not a function","filename":"addressController.js","level":"error","message":"Error retrieving all addresses","timestamp":"2024-11-05T14:53:30.040Z","userId":"C000001"}
{"error":"address_model.getAllAddresses is not a function","filename":"addressController.js","level":"error","message":"Error retrieving all addresses","timestamp":"2024-11-05T14:53:44.663Z","userId":"C000001"}
{"error":"column \"customer_generated_id\" does not exist","filename":"corporateorderModels.js","level":"error","message":"Error retrieving cart count:","timestamp":"2024-11-05T14:56:41.882Z","userId":"C000001"}
{"error":"Error retrieving cart count: column \"customer_generated_id\" does not exist","filename":"corporateorderController.js","level":"error","message":"Error retrieving cart count","timestamp":"2024-11-05T14:56:41.885Z","userId":"C000001"}
{"error":"column \"customer_generated_id\" does not exist","filename":"corporateorderModels.js","level":"error","message":"Error retrieving cart count:","timestamp":"2024-11-05T14:56:41.955Z","userId":"C000001"}
{"error":"Error retrieving cart count: column \"customer_generated_id\" does not exist","filename":"corporateorderController.js","level":"error","message":"Error retrieving cart count","timestamp":"2024-11-05T14:56:41.964Z","userId":"C000001"}
{"error":"address_model.getAllAddresses is not a function","filename":"addressController.js","level":"error","message":"Error retrieving all addresses","timestamp":"2024-11-05T14:56:47.505Z","userId":"C000001"}
{"error":"address_model.getAllAddresses is not a function","filename":"addressController.js","level":"error","message":"Error retrieving all addresses","timestamp":"2024-11-05T14:56:49.960Z","userId":"C000001"}
{"error":"column \"customer_generated_id\" does not exist","filename":"corporateorderModels.js","level":"error","message":"Error retrieving cart count:","timestamp":"2024-11-05T14:59:01.042Z","userId":"C000001"}
{"error":"Error retrieving cart count: column \"customer_generated_id\" does not exist","filename":"corporateorderController.js","level":"error","message":"Error retrieving cart count","timestamp":"2024-11-05T14:59:01.047Z","userId":"C000001"}
{"error":"column \"customer_generated_id\" does not exist","filename":"corporateorderModels.js","level":"error","message":"Error retrieving cart count:","timestamp":"2024-11-05T14:59:01.115Z","userId":"C000001"}
{"error":"Error retrieving cart count: column \"customer_generated_id\" does not exist","filename":"corporateorderController.js","level":"error","message":"Error retrieving cart count","timestamp":"2024-11-05T14:59:01.120Z","userId":"C000001"}
{"error":"column \"customer_generated_id\" does not exist","filename":"corporateorderModels.js","level":"error","message":"Error retrieving cart count:","timestamp":"2024-11-05T14:59:22.394Z","userId":"C000001"}
{"error":"Error retrieving cart count: column \"customer_generated_id\" does not exist","filename":"corporateorderController.js","level":"error","message":"Error retrieving cart count","timestamp":"2024-11-05T14:59:22.399Z","userId":"C000001"}
{"error":"column \"customer_generated_id\" does not exist","filename":"corporateorderModels.js","level":"error","message":"Error retrieving cart count:","timestamp":"2024-11-05T14:59:22.485Z","userId":"C000001"}
{"error":"Error retrieving cart count: column \"customer_generated_id\" does not exist","filename":"corporateorderController.js","level":"error","message":"Error retrieving cart count","timestamp":"2024-11-05T14:59:22.487Z","userId":"C000001"}
{"error":"column \"customer_generated_id\" does not exist","filename":"corporateorderModels.js","level":"error","message":"Error retrieving cart count:","timestamp":"2024-11-05T14:59:43.318Z","userId":"C000001"}
{"error":"Error retrieving cart count: column \"customer_generated_id\" does not exist","filename":"corporateorderController.js","level":"error","message":"Error retrieving cart count","timestamp":"2024-11-05T14:59:43.320Z","userId":"C000001"}
{"error":"column \"customer_generated_id\" does not exist","filename":"corporateorderModels.js","level":"error","message":"Error retrieving cart count:","timestamp":"2024-11-05T14:59:43.374Z","userId":"C000001"}
{"error":"Error retrieving cart count: column \"customer_generated_id\" does not exist","filename":"corporateorderController.js","level":"error","message":"Error retrieving cart count","timestamp":"2024-11-05T14:59:43.376Z","userId":"C000001"}
{"error":"jwt malformed","filename":"corporateorderController.js","level":"error","message":"Token verification failed","timestamp":"2024-11-05T15:00:14.326Z","userId":"C000001"}
{"error":"jwt malformed","filename":"corporateorderController.js","level":"error","message":"Token verification failed","timestamp":"2024-11-05T15:00:14.371Z","userId":"C000001"}
{"error":"jwt malformed","filename":"corporateorderController.js","level":"error","message":"Token verification failed","timestamp":"2024-11-05T15:01:12.292Z","userId":"C000001"}
{"error":"jwt malformed","filename":"corporateorderController.js","level":"error","message":"Token verification failed","timestamp":"2024-11-05T15:01:12.319Z","userId":"C000001"}
{"error":"jwt malformed","filename":"corporateorderController.js","level":"error","message":"Token verification failed","timestamp":"2024-11-05T15:03:00.280Z","userId":"C000001"}
{"error":"jwt malformed","filename":"corporateorderController.js","level":"error","message":"Token verification failed","timestamp":"2024-11-05T15:03:00.306Z","userId":"C000001"}
{"error":"jwt malformed","filename":"corporateorderController.js","level":"error","message":"Token verification failed","timestamp":"2024-11-05T15:04:50.032Z","userId":"C000001"}
{"error":"jwt malformed","filename":"corporateorderController.js","level":"error","message":"Token verification failed","timestamp":"2024-11-05T15:04:50.043Z","userId":"C000001"}
{"error":"jwt malformed","filename":"corporateorderController.js","level":"error","message":"Token verification failed","timestamp":"2024-11-05T15:04:55.827Z","userId":"C000001"}
{"error":"jwt malformed","filename":"corporateorderController.js","level":"error","message":"Token verification failed","timestamp":"2024-11-05T15:04:55.842Z","userId":"C000001"}
{"error":"column \"customer_generated_id\" does not exist","filename":"corporateorderModels.js","level":"error","message":"Error retrieving cart count:","timestamp":"2024-11-05T15:05:21.676Z","userId":"C000001"}
{"error":"Error retrieving cart count: column \"customer_generated_id\" does not exist","filename":"corporateorderController.js","level":"error","message":"Error retrieving cart count","timestamp":"2024-11-05T15:05:21.677Z","userId":"C000001"}
{"error":"column \"customer_generated_id\" does not exist","filename":"corporateorderModels.js","level":"error","message":"Error retrieving cart count:","timestamp":"2024-11-05T15:05:21.691Z","userId":"C000001"}
{"error":"Error retrieving cart count: column \"customer_generated_id\" does not exist","filename":"corporateorderController.js","level":"error","message":"Error retrieving cart count","timestamp":"2024-11-05T15:05:21.693Z","userId":"C000001"}
{"error":"column \"customer_generated_id\" of relation \"corporate_cart\" does not exist","filename":"corporateorderModels.js","level":"error","message":"Error adding cart data in model","timestamp":"2024-11-05T15:08:09.590Z","userId":"C000001"}
{"error":"column \"customer_generated_id\" of relation \"corporate_cart\" does not exist","filename":"corporateorderController.js","level":"error","message":"Error during cart creation","timestamp":"2024-11-05T15:08:09.593Z","userId":"C000001"}
{"error":"column \"customer_generated_id\" does not exist","filename":"corporateorderModels.js","level":"error","message":"Error fetching carts:","timestamp":"2024-11-05T15:09:38.480Z","userId":"No userId"}
{"error":"Error fetching carts from the database","filename":"corporateorderController.js","level":"error","message":"Error fetching corporate cart","timestamp":"2024-11-05T15:09:38.481Z","userId":"No userId"}
{"error":"column \"customer_generated_id\" does not exist","filename":"corporateorderModels.js","level":"error","message":"Error fetching carts:","timestamp":"2024-11-05T15:09:38.505Z","userId":"No userId"}
{"error":"Error fetching carts from the database","filename":"corporateorderController.js","level":"error","message":"Error fetching corporate cart","timestamp":"2024-11-05T15:09:38.505Z","userId":"No userId"}
{"error":"column \"customer_generated_id\" does not exist","filename":"corporateorderModels.js","level":"error","message":"Error retrieving cart count:","timestamp":"2024-11-05T15:09:42.592Z","userId":"No userId"}
{"error":"Error retrieving cart count: column \"customer_generated_id\" does not exist","filename":"corporateorderController.js","level":"error","message":"Error retrieving cart count","timestamp":"2024-11-05T15:09:42.592Z","userId":"No userId"}
{"error":"column \"customer_generated_id\" does not exist","filename":"corporateorderModels.js","level":"error","message":"Error retrieving cart count:","timestamp":"2024-11-05T15:09:42.605Z","userId":"No userId"}
{"error":"Error retrieving cart count: column \"customer_generated_id\" does not exist","filename":"corporateorderController.js","level":"error","message":"Error retrieving cart count","timestamp":"2024-11-05T15:09:42.608Z","userId":"No userId"}
{"error":"column \"customer_generated_id\" does not exist","filename":"corporateorderModels.js","level":"error","message":"Error retrieving cart count:","timestamp":"2024-11-05T15:09:46.586Z","userId":"No userId"}
{"error":"Error retrieving cart count: column \"customer_generated_id\" does not exist","filename":"corporateorderController.js","level":"error","message":"Error retrieving cart count","timestamp":"2024-11-05T15:09:46.587Z","userId":"No userId"}
{"error":"column \"customer_generated_id\" does not exist","filename":"corporateorderModels.js","level":"error","message":"Error retrieving cart count:","timestamp":"2024-11-05T15:09:46.624Z","userId":"No userId"}
{"error":"Error retrieving cart count: column \"customer_generated_id\" does not exist","filename":"corporateorderController.js","level":"error","message":"Error retrieving cart count","timestamp":"2024-11-05T15:09:46.627Z","userId":"No userId"}
{"error":"jwt malformed","filename":"corporateorderController.js","level":"error","message":"Token verification failed","timestamp":"2024-11-05T15:10:22.438Z","userId":"No userId"}
{"error":"jwt malformed","filename":"corporateorderController.js","level":"error","message":"Token verification failed","timestamp":"2024-11-05T15:10:22.449Z","userId":"No userId"}
{"email":"srivallika@scaleorange.com","filename":"customerController.js","level":"error","message":"You are not registered yet, please register","timestamp":"2024-11-05T15:10:50.323Z","userId":"No userId"}
{"error":"column \"customer_generated_id\" does not exist","filename":"corporateorderModels.js","level":"error","message":"Error retrieving cart count:","timestamp":"2024-11-05T15:12:15.203Z","userId":"C000002"}
{"error":"Error retrieving cart count: column \"customer_generated_id\" does not exist","filename":"corporateorderController.js","level":"error","message":"Error retrieving cart count","timestamp":"2024-11-05T15:12:15.204Z","userId":"C000002"}
{"error":"column \"customer_generated_id\" does not exist","filename":"corporateorderModels.js","level":"error","message":"Error retrieving cart count:","timestamp":"2024-11-05T15:12:15.217Z","userId":"C000002"}
{"error":"Error retrieving cart count: column \"customer_generated_id\" does not exist","filename":"corporateorderController.js","level":"error","message":"Error retrieving cart count","timestamp":"2024-11-05T15:12:15.217Z","userId":"C000002"}
{"error":"column \"customer_generated_id\" does not exist","filename":"corporateorderModels.js","level":"error","message":"Error retrieving cart count:","timestamp":"2024-11-05T15:16:34.515Z","userId":"C000002"}
{"error":"Error retrieving cart count: column \"customer_generated_id\" does not exist","filename":"corporateorderController.js","level":"error","message":"Error retrieving cart count","timestamp":"2024-11-05T15:16:34.517Z","userId":"C000002"}
{"error":"column \"customer_generated_id\" does not exist","filename":"corporateorderModels.js","level":"error","message":"Error retrieving cart count:","timestamp":"2024-11-05T15:16:34.533Z","userId":"C000002"}
{"error":"Error retrieving cart count: column \"customer_generated_id\" does not exist","filename":"corporateorderController.js","level":"error","message":"Error retrieving cart count","timestamp":"2024-11-05T15:16:34.533Z","userId":"C000002"}
{"error":"column \"customer_generated_id\" does not exist","filename":"corporateorderModels.js","level":"error","message":"Error retrieving cart count:","timestamp":"2024-11-05T15:17:14.898Z","userId":"C000002"}
{"error":"Error retrieving cart count: column \"customer_generated_id\" does not exist","filename":"corporateorderController.js","level":"error","message":"Error retrieving cart count","timestamp":"2024-11-05T15:17:14.898Z","userId":"C000002"}
{"error":"column \"customer_generated_id\" does not exist","filename":"corporateorderModels.js","level":"error","message":"Error retrieving cart count:","timestamp":"2024-11-05T15:17:14.920Z","userId":"C000002"}
{"error":"Error retrieving cart count: column \"customer_generated_id\" does not exist","filename":"corporateorderController.js","level":"error","message":"Error retrieving cart count","timestamp":"2024-11-05T15:17:14.920Z","userId":"C000002"}
{"error":"address_model.getAllAddresses is not a function","filename":"addressController.js","level":"error","message":"Error retrieving all addresses","timestamp":"2024-11-05T15:20:10.830Z","userId":"C000002"}
{"error":"address_model.getAllAddresses is not a function","filename":"addressController.js","level":"error","message":"Error retrieving all addresses","timestamp":"2024-11-05T15:20:32.382Z","userId":"C000002"}
{"error":"address_model.getAllAddresses is not a function","filename":"addressController.js","level":"error","message":"Error retrieving all addresses","timestamp":"2024-11-05T15:20:32.396Z","userId":"C000002"}
{"error":"column \"customer_generated_id\" does not exist","filename":"corporateorderModels.js","level":"error","message":"Error retrieving cart count:","timestamp":"2024-11-05T15:20:34.496Z","userId":"C000002"}
{"error":"Error retrieving cart count: column \"customer_generated_id\" does not exist","filename":"corporateorderController.js","level":"error","message":"Error retrieving cart count","timestamp":"2024-11-05T15:20:34.496Z","userId":"C000002"}
{"error":"column \"customer_generated_id\" does not exist","filename":"corporateorderModels.js","level":"error","message":"Error retrieving cart count:","timestamp":"2024-11-05T15:20:34.509Z","userId":"C000002"}
{"error":"Error retrieving cart count: column \"customer_generated_id\" does not exist","filename":"corporateorderController.js","level":"error","message":"Error retrieving cart count","timestamp":"2024-11-05T15:20:34.510Z","userId":"C000002"}
{"error":"column \"customer_generated_id\" does not exist","filename":"corporateorderModels.js","level":"error","message":"Error retrieving cart count:","timestamp":"2024-11-05T15:24:48.740Z","userId":"C000002"}
{"error":"Error retrieving cart count: column \"customer_generated_id\" does not exist","filename":"corporateorderController.js","level":"error","message":"Error retrieving cart count","timestamp":"2024-11-05T15:24:48.741Z","userId":"C000002"}
{"error":"column \"customer_generated_id\" does not exist","filename":"corporateorderModels.js","level":"error","message":"Error retrieving cart count:","timestamp":"2024-11-05T15:24:48.760Z","userId":"C000002"}
{"error":"Error retrieving cart count: column \"customer_generated_id\" does not exist","filename":"corporateorderController.js","level":"error","message":"Error retrieving cart count","timestamp":"2024-11-05T15:24:48.761Z","userId":"C000002"}
{"error":"address_model.getAllAddresses is not a function","filename":"addressController.js","level":"error","message":"Error retrieving all addresses","timestamp":"2024-11-05T15:24:54.937Z","userId":"C000002"}
{"error":"column \"customer_generated_id\" does not exist","filename":"corporateorderModels.js","level":"error","message":"Error retrieving cart count:","timestamp":"2024-11-05T15:25:19.241Z","userId":"C000002"}
{"error":"Error retrieving cart count: column \"customer_generated_id\" does not exist","filename":"corporateorderController.js","level":"error","message":"Error retrieving cart count","timestamp":"2024-11-05T15:25:19.241Z","userId":"C000002"}
{"error":"column \"customer_generated_id\" does not exist","filename":"corporateorderModels.js","level":"error","message":"Error retrieving cart count:","timestamp":"2024-11-05T15:25:19.256Z","userId":"C000002"}
{"error":"Error retrieving cart count: column \"customer_generated_id\" does not exist","filename":"corporateorderController.js","level":"error","message":"Error retrieving cart count","timestamp":"2024-11-05T15:25:19.256Z","userId":"C000002"}
{"error":"column \"customer_generated_id\" does not exist","filename":"corporateorderModels.js","level":"error","message":"Error retrieving cart count:","timestamp":"2024-11-05T15:25:56.961Z","userId":"C000002"}
{"error":"Error retrieving cart count: column \"customer_generated_id\" does not exist","filename":"corporateorderController.js","level":"error","message":"Error retrieving cart count","timestamp":"2024-11-05T15:25:56.961Z","userId":"C000002"}
{"error":"column \"customer_generated_id\" does not exist","filename":"corporateorderModels.js","level":"error","message":"Error retrieving cart count:","timestamp":"2024-11-05T15:25:56.983Z","userId":"C000002"}
{"error":"Error retrieving cart count: column \"customer_generated_id\" does not exist","filename":"corporateorderController.js","level":"error","message":"Error retrieving cart count","timestamp":"2024-11-05T15:25:56.985Z","userId":"C000002"}
{"error":"address_model.getAllAddresses is not a function","filename":"addressController.js","level":"error","message":"Error retrieving all addresses","timestamp":"2024-11-05T15:26:03.083Z","userId":"C000002"}
{"error":"address_model.getAllAddresses is not a function","filename":"addressController.js","level":"error","message":"Error retrieving all addresses","timestamp":"2024-11-05T15:26:54.212Z","userId":"C000002"}
{"error":"column \"customer_generated_id\" does not exist","filename":"corporateorderModels.js","level":"error","message":"Error retrieving cart count:","timestamp":"2024-11-05T15:26:58.849Z","userId":"C000002"}
{"error":"Error retrieving cart count: column \"customer_generated_id\" does not exist","filename":"corporateorderController.js","level":"error","message":"Error retrieving cart count","timestamp":"2024-11-05T15:26:58.852Z","userId":"C000002"}
{"error":"column \"customer_generated_id\" does not exist","filename":"corporateorderModels.js","level":"error","message":"Error retrieving cart count:","timestamp":"2024-11-05T15:26:58.868Z","userId":"C000002"}
{"error":"Error retrieving cart count: column \"customer_generated_id\" does not exist","filename":"corporateorderController.js","level":"error","message":"Error retrieving cart count","timestamp":"2024-11-05T15:26:58.869Z","userId":"C000002"}
{"error":"column \"customer_generated_id\" does not exist","filename":"corporateorderModels.js","level":"error","message":"Error retrieving cart count:","timestamp":"2024-11-05T15:29:04.392Z","userId":"C000002"}
{"error":"Error retrieving cart count: column \"customer_generated_id\" does not exist","filename":"corporateorderController.js","level":"error","message":"Error retrieving cart count","timestamp":"2024-11-05T15:29:04.394Z","userId":"C000002"}
{"error":"column \"customer_generated_id\" does not exist","filename":"corporateorderModels.js","level":"error","message":"Error retrieving cart count:","timestamp":"2024-11-05T15:29:04.427Z","userId":"C000002"}
{"error":"Error retrieving cart count: column \"customer_generated_id\" does not exist","filename":"corporateorderController.js","level":"error","message":"Error retrieving cart count","timestamp":"2024-11-05T15:29:04.427Z","userId":"C000002"}
{"error":"address_model.getAllAddresses is not a function","filename":"addressController.js","level":"error","message":"Error retrieving all addresses","timestamp":"2024-11-05T15:30:04.650Z","userId":"C000002"}
{"error":"address_model.getAllAddresses is not a function","filename":"addressController.js","level":"error","message":"Error retrieving all addresses","timestamp":"2024-11-05T15:30:04.663Z","userId":"C000002"}
{"error":"column \"customer_generated_id\" does not exist","filename":"corporateorderModels.js","level":"error","message":"Error retrieving cart count:","timestamp":"2024-11-05T15:30:06.227Z","userId":"C000002"}
{"error":"Error retrieving cart count: column \"customer_generated_id\" does not exist","filename":"corporateorderController.js","level":"error","message":"Error retrieving cart count","timestamp":"2024-11-05T15:30:06.228Z","userId":"C000002"}
{"error":"column \"customer_generated_id\" does not exist","filename":"corporateorderModels.js","level":"error","message":"Error retrieving cart count:","timestamp":"2024-11-05T15:30:06.240Z","userId":"C000002"}
{"error":"Error retrieving cart count: column \"customer_generated_id\" does not exist","filename":"corporateorderController.js","level":"error","message":"Error retrieving cart count","timestamp":"2024-11-05T15:30:06.240Z","userId":"C000002"}
{"error":"address_model.getAllAddresses is not a function","filename":"addressController.js","level":"error","message":"Error retrieving all addresses","timestamp":"2024-11-05T15:30:14.685Z","userId":"C000002"}
{"error":"column \"customer_generated_id\" of relation \"corporate_cart\" does not exist","filename":"corporateorderModels.js","level":"error","message":"Error adding cart data in model","timestamp":"2024-11-05T15:32:30.752Z","userId":"C000002"}
{"error":"column \"customer_generated_id\" of relation \"corporate_cart\" does not exist","filename":"corporateorderController.js","level":"error","message":"Error during cart creation","timestamp":"2024-11-05T15:32:30.756Z","userId":"C000002"}
{"error":"column \"customer_generated_id\" does not exist","filename":"corporateorderModels.js","level":"error","message":"Error fetching carts:","timestamp":"2024-11-05T15:34:50.290Z","userId":"No userId"}
{"error":"Error fetching carts from the database","filename":"corporateorderController.js","level":"error","message":"Error fetching corporate cart","timestamp":"2024-11-05T15:34:50.291Z","userId":"No userId"}
{"error":"column \"customer_generated_id\" does not exist","filename":"corporateorderModels.js","level":"error","message":"Error fetching carts:","timestamp":"2024-11-05T15:34:50.318Z","userId":"No userId"}
{"error":"Error fetching carts from the database","filename":"corporateorderController.js","level":"error","message":"Error fetching corporate cart","timestamp":"2024-11-05T15:34:50.318Z","userId":"No userId"}
{"code":"EIO","errno":-5,"filename":"app.js","level":"error","message":"Uncaught Exception:","syscall":"write","timestamp":"2024-11-05T15:35:27.089Z","userId":"No userId"}
{"filename":"customerController.js","level":"error","message":"invalid signature","name":"JsonWebTokenError","timestamp":"2024-11-05T16:08:40.843Z","userId":"No userId"}
{"error":"invalid signature","filename":"corporateorderController.js","level":"error","message":"Token verification failed","timestamp":"2024-11-05T16:08:40.863Z","userId":"No userId"}
{"filename":"customerController.js","level":"error","message":"invalid signature","name":"JsonWebTokenError","timestamp":"2024-11-05T16:08:40.876Z","userId":"No userId"}
{"error":"invalid signature","filename":"corporateorderController.js","level":"error","message":"Token verification failed","timestamp":"2024-11-05T16:08:40.897Z","userId":"No userId"}
{"error":"invalid signature","filename":"corporateorderController.js","level":"error","message":"Token verification failed","timestamp":"2024-11-05T16:09:12.523Z","userId":"No userId"}
{"error":"invalid signature","filename":"corporateorderController.js","level":"error","message":"Token verification failed","timestamp":"2024-11-05T16:10:04.315Z","userId":"No userId"}
{"error":{"message":"invalid signature","name":"JsonWebTokenError"},"filename":"addressController.js","level":"error","message":"Token verification failed","timestamp":"2024-11-05T16:16:20.145Z","userId":"No userId"}
{"error":{"message":"invalid signature","name":"JsonWebTokenError"},"filename":"addressController.js","level":"error","message":"Token verification failed","timestamp":"2024-11-05T16:16:20.152Z","userId":"No userId"}
{"error":"invalid signature","filename":"corporateorderController.js","level":"error","message":"Token verification failed","timestamp":"2024-11-05T16:16:40.733Z","userId":"No userId"}
{"filename":"customerController.js","level":"error","message":"invalid signature","name":"JsonWebTokenError","timestamp":"2024-11-05T16:16:40.740Z","userId":"No userId"}
{"error":"invalid signature","filename":"corporateorderController.js","level":"error","message":"Token verification failed","timestamp":"2024-11-05T16:16:40.770Z","userId":"No userId"}
{"filename":"customerController.js","level":"error","message":"invalid signature","name":"JsonWebTokenError","timestamp":"2024-11-05T16:16:40.787Z","userId":"No userId"}
{"error":{"message":"invalid signature","name":"JsonWebTokenError"},"filename":"addressController.js","level":"error","message":"Token verification failed","timestamp":"2024-11-05T16:16:45.741Z","userId":"No userId"}
{"error":{"message":"invalid signature","name":"JsonWebTokenError"},"filename":"addressController.js","level":"error","message":"Token verification failed","timestamp":"2024-11-05T16:16:45.747Z","userId":"No userId"}
{"filename":"customerController.js","level":"error","message":"invalid signature","name":"JsonWebTokenError","timestamp":"2024-11-05T16:16:56.459Z","userId":"No userId"}
{"error":"invalid signature","filename":"corporateorderController.js","level":"error","message":"Token verification failed","timestamp":"2024-11-05T16:16:56.475Z","userId":"No userId"}
{"filename":"customerController.js","level":"error","message":"invalid signature","name":"JsonWebTokenError","timestamp":"2024-11-05T16:16:56.488Z","userId":"No userId"}
{"error":"invalid signature","filename":"corporateorderController.js","level":"error","message":"Token verification failed","timestamp":"2024-11-05T16:16:56.493Z","userId":"No userId"}
{"error":{"message":"invalid signature","name":"JsonWebTokenError"},"filename":"addressController.js","level":"error","message":"Token verification failed","timestamp":"2024-11-05T16:17:02.284Z","userId":"No userId"}
{"error":{"message":"invalid signature","name":"JsonWebTokenError"},"filename":"addressController.js","level":"error","message":"Token verification failed","timestamp":"2024-11-05T16:17:02.296Z","userId":"No userId"}
{"filename":"customerController.js","level":"error","message":"invalid signature","name":"JsonWebTokenError","timestamp":"2024-11-05T16:17:09.202Z","userId":"No userId"}
{"error":"invalid signature","filename":"corporateorderController.js","level":"error","message":"Token verification failed","timestamp":"2024-11-05T16:17:09.212Z","userId":"No userId"}
{"error":"invalid signature","filename":"corporateorderController.js","level":"error","message":"Token verification failed","timestamp":"2024-11-05T16:17:09.229Z","userId":"No userId"}
{"filename":"customerController.js","level":"error","message":"invalid signature","name":"JsonWebTokenError","timestamp":"2024-11-05T16:17:09.242Z","userId":"No userId"}
{"error":{"message":"invalid signature","name":"JsonWebTokenError"},"filename":"addressController.js","level":"error","message":"Token verification failed","timestamp":"2024-11-05T16:17:20.913Z","userId":"No userId"}
{"error":{"message":"invalid signature","name":"JsonWebTokenError"},"filename":"addressController.js","level":"error","message":"Token verification failed","timestamp":"2024-11-05T16:17:20.922Z","userId":"No userId"}
{"error":"jwt malformed","filename":"corporateorderController.js","level":"error","message":"Token verification failed","timestamp":"2024-11-05T16:18:05.145Z","userId":"No userId"}
{"error":"jwt malformed","filename":"corporateorderController.js","level":"error","message":"Token verification failed","timestamp":"2024-11-05T16:18:05.171Z","userId":"No userId"}
{"customer_email":"pravallika@gmail.com","filename":"customerController.js","level":"error","message":"Email already in use","timestamp":"2024-11-05T16:18:56.865Z","userId":"No userId"}
{"error":"column \"customer_generated_id\" does not exist","filename":"corporateorderModels.js","level":"error","message":"Error retrieving cart count:","timestamp":"2024-11-05T16:19:01.891Z","userId":"C000003"}
{"error":"Error retrieving cart count: column \"customer_generated_id\" does not exist","filename":"corporateorderController.js","level":"error","message":"Error retrieving cart count","timestamp":"2024-11-05T16:19:01.892Z","userId":"C000003"}
{"error":"column \"customer_generated_id\" does not exist","filename":"corporateorderModels.js","level":"error","message":"Error retrieving cart count:","timestamp":"2024-11-05T16:19:01.910Z","userId":"C000003"}
{"error":"Error retrieving cart count: column \"customer_generated_id\" does not exist","filename":"corporateorderController.js","level":"error","message":"Error retrieving cart count","timestamp":"2024-11-05T16:19:01.911Z","userId":"C000003"}
{"error":"column \"customer_generated_id\" does not exist","filename":"corporateorderModels.js","level":"error","message":"Error retrieving cart count:","timestamp":"2024-11-05T16:19:10.463Z","userId":"C000003"}
{"error":"Error retrieving cart count: column \"customer_generated_id\" does not exist","filename":"corporateorderController.js","level":"error","message":"Error retrieving cart count","timestamp":"2024-11-05T16:19:10.463Z","userId":"C000003"}
{"error":"column \"customer_generated_id\" does not exist","filename":"corporateorderModels.js","level":"error","message":"Error retrieving cart count:","timestamp":"2024-11-05T16:19:10.488Z","userId":"C000003"}
{"error":"Error retrieving cart count: column \"customer_generated_id\" does not exist","filename":"corporateorderController.js","level":"error","message":"Error retrieving cart count","timestamp":"2024-11-05T16:19:10.488Z","userId":"C000003"}
{"error":"column \"customer_generated_id\" does not exist","filename":"corporateorderModels.js","level":"error","message":"Error retrieving cart count:","timestamp":"2024-11-05T16:19:31.933Z","userId":"C000003"}
{"error":"Error retrieving cart count: column \"customer_generated_id\" does not exist","filename":"corporateorderController.js","level":"error","message":"Error retrieving cart count","timestamp":"2024-11-05T16:19:31.933Z","userId":"C000003"}
{"error":"column \"customer_generated_id\" does not exist","filename":"corporateorderModels.js","level":"error","message":"Error retrieving cart count:","timestamp":"2024-11-05T16:19:31.993Z","userId":"C000003"}
{"error":"Error retrieving cart count: column \"customer_generated_id\" does not exist","filename":"corporateorderController.js","level":"error","message":"Error retrieving cart count","timestamp":"2024-11-05T16:19:31.996Z","userId":"C000003"}
{"error":"address_model.getAllAddresses is not a function","filename":"addressController.js","level":"error","message":"Error retrieving all addresses","timestamp":"2024-11-05T16:19:39.365Z","userId":"C000003"}
{"error":"column \"customer_generated_id\" does not exist","filename":"corporateorderModels.js","level":"error","message":"Error retrieving cart count:","timestamp":"2024-11-05T16:19:56.796Z","userId":"C000003"}
{"error":"Error retrieving cart count: column \"customer_generated_id\" does not exist","filename":"corporateorderController.js","level":"error","message":"Error retrieving cart count","timestamp":"2024-11-05T16:19:56.796Z","userId":"C000003"}
{"error":"column \"customer_generated_id\" does not exist","filename":"corporateorderModels.js","level":"error","message":"Error retrieving cart count:","timestamp":"2024-11-05T16:19:56.835Z","userId":"C000003"}
{"error":"Error retrieving cart count: column \"customer_generated_id\" does not exist","filename":"corporateorderController.js","level":"error","message":"Error retrieving cart count","timestamp":"2024-11-05T16:19:56.840Z","userId":"C000003"}
{"error":"column \"customer_generated_id\" does not exist","filename":"corporateorderModels.js","level":"error","message":"Error retrieving cart count:","timestamp":"2024-11-05T16:20:06.283Z","userId":"C000003"}
{"error":"Error retrieving cart count: column \"customer_generated_id\" does not exist","filename":"corporateorderController.js","level":"error","message":"Error retrieving cart count","timestamp":"2024-11-05T16:20:06.285Z","userId":"C000003"}
{"error":"column \"customer_generated_id\" does not exist","filename":"corporateorderModels.js","level":"error","message":"Error retrieving cart count:","timestamp":"2024-11-05T16:20:06.326Z","userId":"C000003"}
{"error":"Error retrieving cart count: column \"customer_generated_id\" does not exist","filename":"corporateorderController.js","level":"error","message":"Error retrieving cart count","timestamp":"2024-11-05T16:20:06.327Z","userId":"C000003"}
{"error":"column \"customer_generated_id\" does not exist","filename":"corporateorderModels.js","level":"error","message":"Error retrieving cart count:","timestamp":"2024-11-05T16:20:21.218Z","userId":"C000003"}
{"error":"Error retrieving cart count: column \"customer_generated_id\" does not exist","filename":"corporateorderController.js","level":"error","message":"Error retrieving cart count","timestamp":"2024-11-05T16:20:21.219Z","userId":"C000003"}
{"error":"column \"customer_generated_id\" does not exist","filename":"corporateorderModels.js","level":"error","message":"Error retrieving cart count:","timestamp":"2024-11-05T16:20:21.234Z","userId":"C000003"}
{"error":"Error retrieving cart count: column \"customer_generated_id\" does not exist","filename":"corporateorderController.js","level":"error","message":"Error retrieving cart count","timestamp":"2024-11-05T16:20:21.235Z","userId":"C000003"}
{"error":"column \"customer_generated_id\" does not exist","filename":"corporateorderModels.js","level":"error","message":"Error retrieving cart count:","timestamp":"2024-11-05T16:20:56.185Z","userId":"C000003"}
{"error":"Error retrieving cart count: column \"customer_generated_id\" does not exist","filename":"corporateorderController.js","level":"error","message":"Error retrieving cart count","timestamp":"2024-11-05T16:20:56.198Z","userId":"C000003"}
{"error":"column \"customer_generated_id\" does not exist","filename":"corporateorderModels.js","level":"error","message":"Error retrieving cart count:","timestamp":"2024-11-05T16:20:56.253Z","userId":"C000003"}
{"error":"Error retrieving cart count: column \"customer_generated_id\" does not exist","filename":"corporateorderController.js","level":"error","message":"Error retrieving cart count","timestamp":"2024-11-05T16:20:56.255Z","userId":"C000003"}
{"error":"address_model.getAllAddresses is not a function","filename":"addressController.js","level":"error","message":"Error retrieving all addresses","timestamp":"2024-11-05T16:21:07.127Z","userId":"C000003"}
{"error":"address_model.getAllAddresses is not a function","filename":"addressController.js","level":"error","message":"Error retrieving all addresses","timestamp":"2024-11-05T16:21:11.243Z","userId":"C000003"}
{"error":"address_model.getAllAddresses is not a function","filename":"addressController.js","level":"error","message":"Error retrieving all addresses","timestamp":"2024-11-05T16:21:11.249Z","userId":"C000003"}
{"error":"column \"customer_generated_id\" does not exist","filename":"corporateorderModels.js","level":"error","message":"Error retrieving cart count:","timestamp":"2024-11-05T16:21:12.967Z","userId":"C000003"}
{"error":"Error retrieving cart count: column \"customer_generated_id\" does not exist","filename":"corporateorderController.js","level":"error","message":"Error retrieving cart count","timestamp":"2024-11-05T16:21:12.968Z","userId":"C000003"}
{"error":"column \"customer_generated_id\" does not exist","filename":"corporateorderModels.js","level":"error","message":"Error retrieving cart count:","timestamp":"2024-11-05T16:21:12.990Z","userId":"C000003"}
{"error":"Error retrieving cart count: column \"customer_generated_id\" does not exist","filename":"corporateorderController.js","level":"error","message":"Error retrieving cart count","timestamp":"2024-11-05T16:21:12.990Z","userId":"C000003"}
{"error":"address_model.getAllAddresses is not a function","filename":"addressController.js","level":"error","message":"Error retrieving all addresses","timestamp":"2024-11-05T16:21:46.442Z","userId":"C000003"}
{"error":"address_model.getAllAddresses is not a function","filename":"addressController.js","level":"error","message":"Error retrieving all addresses","timestamp":"2024-11-05T16:21:50.806Z","userId":"C000003"}
{"error":"address_model.getAllAddresses is not a function","filename":"addressController.js","level":"error","message":"Error retrieving all addresses","timestamp":"2024-11-05T16:21:50.815Z","userId":"C000003"}
{"error":"column \"customer_generated_id\" does not exist","filename":"corporateorderModels.js","level":"error","message":"Error retrieving cart count:","timestamp":"2024-11-05T16:21:52.490Z","userId":"C000003"}
{"error":"Error retrieving cart count: column \"customer_generated_id\" does not exist","filename":"corporateorderController.js","level":"error","message":"Error retrieving cart count","timestamp":"2024-11-05T16:21:52.491Z","userId":"C000003"}
{"error":"column \"customer_generated_id\" does not exist","filename":"corporateorderModels.js","level":"error","message":"Error retrieving cart count:","timestamp":"2024-11-05T16:21:52.524Z","userId":"C000003"}
{"error":"Error retrieving cart count: column \"customer_generated_id\" does not exist","filename":"corporateorderController.js","level":"error","message":"Error retrieving cart count","timestamp":"2024-11-05T16:21:52.525Z","userId":"C000003"}
{"error":"address_model.getAllAddresses is not a function","filename":"addressController.js","level":"error","message":"Error retrieving all addresses","timestamp":"2024-11-05T16:22:23.908Z","userId":"C000003"}
{"error":"column \"customer_generated_id\" does not exist","filename":"corporateorderModels.js","level":"error","message":"Error retrieving cart count:","timestamp":"2024-11-05T16:27:53.484Z","userId":"C000003"}
{"error":"Error retrieving cart count: column \"customer_generated_id\" does not exist","filename":"corporateorderController.js","level":"error","message":"Error retrieving cart count","timestamp":"2024-11-05T16:27:53.485Z","userId":"C000003"}
{"error":"column \"customer_generated_id\" does not exist","filename":"corporateorderModels.js","level":"error","message":"Error retrieving cart count:","timestamp":"2024-11-05T16:27:53.498Z","userId":"C000003"}
{"error":"Error retrieving cart count: column \"customer_generated_id\" does not exist","filename":"corporateorderController.js","level":"error","message":"Error retrieving cart count","timestamp":"2024-11-05T16:27:53.498Z","userId":"C000003"}
{"error":"column \"customer_generated_id\" of relation \"corporate_cart\" does not exist","filename":"corporateorderModels.js","level":"error","message":"Error adding cart data in model","timestamp":"2024-11-05T16:28:00.910Z","userId":"C000003"}
{"error":"column \"customer_generated_id\" of relation \"corporate_cart\" does not exist","filename":"corporateorderController.js","level":"error","message":"Error during cart creation","timestamp":"2024-11-05T16:28:00.912Z","userId":"C000003"}
{"error":"column \"customer_generated_id\" of relation \"corporate_cart\" does not exist","filename":"corporateorderModels.js","level":"error","message":"Error adding cart data in model","timestamp":"2024-11-05T16:28:12.771Z","userId":"C000003"}
{"error":"column \"customer_generated_id\" of relation \"corporate_cart\" does not exist","filename":"corporateorderController.js","level":"error","message":"Error during cart creation","timestamp":"2024-11-05T16:28:12.772Z","userId":"C000003"}
{"error":"column \"customer_generated_id\" does not exist","filename":"corporateorderModels.js","level":"error","message":"Error retrieving cart count:","timestamp":"2024-11-05T16:29:06.641Z","userId":"C000001"}
{"error":"Error retrieving cart count: column \"customer_generated_id\" does not exist","filename":"corporateorderController.js","level":"error","message":"Error retrieving cart count","timestamp":"2024-11-05T16:29:06.644Z","userId":"C000001"}
{"error":"column \"customer_generated_id\" does not exist","filename":"corporateorderModels.js","level":"error","message":"Error retrieving cart count:","timestamp":"2024-11-05T16:29:06.665Z","userId":"C000001"}
{"error":"Error retrieving cart count: column \"customer_generated_id\" does not exist","filename":"corporateorderController.js","level":"error","message":"Error retrieving cart count","timestamp":"2024-11-05T16:29:06.666Z","userId":"C000001"}
{"error":"column \"customer_generated_id\" does not exist","filename":"corporateorderModels.js","level":"error","message":"Error retrieving cart count:","timestamp":"2024-11-05T16:32:20.392Z","userId":"C000002"}
{"error":"Error retrieving cart count: column \"customer_generated_id\" does not exist","filename":"corporateorderController.js","level":"error","message":"Error retrieving cart count","timestamp":"2024-11-05T16:32:20.392Z","userId":"C000002"}
{"error":"column \"customer_generated_id\" does not exist","filename":"corporateorderModels.js","level":"error","message":"Error retrieving cart count:","timestamp":"2024-11-05T16:32:20.427Z","userId":"C000002"}
{"error":"Error retrieving cart count: column \"customer_generated_id\" does not exist","filename":"corporateorderController.js","level":"error","message":"Error retrieving cart count","timestamp":"2024-11-05T16:32:20.428Z","userId":"C000002"}
{"error":"column \"customer_generated_id\" of relation \"corporate_cart\" does not exist","filename":"corporateorderModels.js","level":"error","message":"Error adding cart data in model","timestamp":"2024-11-05T16:32:41.351Z","userId":"C000002"}
{"error":"column \"customer_generated_id\" of relation \"corporate_cart\" does not exist","filename":"corporateorderController.js","level":"error","message":"Error during cart creation","timestamp":"2024-11-05T16:32:41.353Z","userId":"C000002"}
{"error":"column \"customer_generated_id\" of relation \"corporate_cart\" does not exist","filename":"corporateorderModels.js","level":"error","message":"Error adding cart data in model","timestamp":"2024-11-05T16:32:48.866Z","userId":"C000002"}
{"error":"column \"customer_generated_id\" of relation \"corporate_cart\" does not exist","filename":"corporateorderController.js","level":"error","message":"Error during cart creation","timestamp":"2024-11-05T16:32:48.870Z","userId":"C000002"}
{"error":"address_model.getAllAddresses is not a function","filename":"addressController.js","level":"error","message":"Error retrieving all addresses","timestamp":"2024-11-05T16:44:39.273Z","userId":"No userId"}
{"error":"address_model.getAllAddresses is not a function","filename":"addressController.js","level":"error","message":"Error retrieving all addresses","timestamp":"2024-11-05T16:55:36.649Z","userId":"C000001"}
{"error":"address_model.getAllAddresses is not a function","filename":"addressController.js","level":"error","message":"Error retrieving all addresses","timestamp":"2024-11-05T16:56:06.848Z","userId":"C000001"}
{"error":"address_model.getAllAddresses is not a function","filename":"addressController.js","level":"error","message":"Error retrieving all addresses","timestamp":"2024-11-05T16:56:09.526Z","userId":"C000001"}
{"error":"address_model.getAllAddresses is not a function","filename":"addressController.js","level":"error","message":"Error retrieving all addresses","timestamp":"2024-11-05T16:56:11.507Z","userId":"C000001"}
{"error":"address_model.getAllAddresses is not a function","filename":"addressController.js","level":"error","message":"Error retrieving all addresses","timestamp":"2024-11-05T16:56:35.341Z","userId":"C000001"}
{"code":"EIO","errno":-5,"filename":"app.js","level":"error","message":"Uncaught Exception:","syscall":"write","timestamp":"2024-11-05T17:02:57.867Z","userId":"No userId"}
{"error":"address_model.getAllAddresses is not a function","filename":"addressController.js","level":"error","message":"Error retrieving all addresses","timestamp":"2024-11-05T17:15:42.772Z","userId":"No userId"}
{"error":"address_model.SelectAddress is not a function","filename":"addressController.js","level":"error","message":"Error retrieving selected address","timestamp":"2024-11-05T17:57:36.157Z","userId":"No userId"}
{"error":"address_model.SelectAddress is not a function","filename":"addressController.js","level":"error","message":"Error retrieving selected address","timestamp":"2024-11-05T17:57:37.301Z","userId":"No userId"}
{"error":"address_model.SelectAddress is not a function","filename":"addressController.js","level":"error","message":"Error retrieving selected address","timestamp":"2024-11-05T17:57:37.987Z","userId":"No userId"}
{"error":"address_model.SelectAddress is not a function","filename":"addressController.js","level":"error","message":"Error retrieving selected address","timestamp":"2024-11-05T17:57:38.168Z","userId":"No userId"}
{"error":"address_model.SelectAddress is not a function","filename":"addressController.js","level":"error","message":"Error retrieving selected address","timestamp":"2024-11-05T17:57:38.366Z","userId":"No userId"}
{"error":"address_model.SelectAddress is not a function","filename":"addressController.js","level":"error","message":"Error retrieving selected address","timestamp":"2024-11-05T17:57:38.551Z","userId":"No userId"}
{"error":"address_model.SelectAddress is not a function","filename":"addressController.js","level":"error","message":"Error retrieving selected address","timestamp":"2024-11-05T17:57:38.741Z","userId":"No userId"}
{"error":"address_model.SelectAddress is not a function","filename":"addressController.js","level":"error","message":"Error retrieving selected address","timestamp":"2024-11-05T17:57:38.920Z","userId":"No userId"}
{"error":"address_model.SelectAddress is not a function","filename":"addressController.js","level":"error","message":"Error retrieving selected address","timestamp":"2024-11-05T17:57:40.190Z","userId":"No userId"}
{"error":"address_model.SelectAddress is not a function","filename":"addressController.js","level":"error","message":"Error retrieving selected address","timestamp":"2024-11-05T17:57:40.670Z","userId":"No userId"}
{"error":"address_model.SelectAddress is not a function","filename":"addressController.js","level":"error","message":"Error retrieving selected address","timestamp":"2024-11-05T17:57:41.527Z","userId":"No userId"}
{"error":"address_model.SelectAddress is not a function","filename":"addressController.js","level":"error","message":"Error retrieving selected address","timestamp":"2024-11-05T17:57:42.381Z","userId":"No userId"}
