<<<<<<< HEAD
{"error":"corporate_model.getCartCountById is not a function","filename":"corporateorderController.js","level":"error","message":"Error retrieving cart count","timestamp":"2024-10-24T07:43:37.840Z","userId":"C000002"}
{"error":"corporate_model.getCartCountById is not a function","filename":"corporateorderController.js","level":"error","message":"Error retrieving cart count","timestamp":"2024-10-24T07:43:40.686Z","userId":"C000002"}
{"error":"corporate_model.getCartCountById is not a function","filename":"corporateorderController.js","level":"error","message":"Error retrieving cart count","timestamp":"2024-10-24T07:43:40.725Z","userId":"C000002"}
{"error":"relation \"createcorporatecarttablequery\" does not exist","filename":"corporateorderModels.js","level":"error","message":"Error retrieving cart count:","timestamp":"2024-10-24T07:45:51.358Z","userId":"No userId"}
{"error":"Error retrieving cart count: relation \"createcorporatecarttablequery\" does not exist","filename":"corporateorderController.js","level":"error","message":"Error retrieving cart count","timestamp":"2024-10-24T07:45:51.358Z","userId":"No userId"}
{"error":"relation \"createcorporatecarttablequery\" does not exist","filename":"corporateorderModels.js","level":"error","message":"Error retrieving cart count:","timestamp":"2024-10-24T07:45:51.411Z","userId":"No userId"}
{"error":"Error retrieving cart count: relation \"createcorporatecarttablequery\" does not exist","filename":"corporateorderController.js","level":"error","message":"Error retrieving cart count","timestamp":"2024-10-24T07:45:51.413Z","userId":"No userId"}
{"error":"relation \"createcorporatecarttablequery\" does not exist","filename":"corporateorderModels.js","level":"error","message":"Error retrieving cart count:","timestamp":"2024-10-24T07:47:38.951Z","userId":"No userId"}
{"error":"Error retrieving cart count: relation \"createcorporatecarttablequery\" does not exist","filename":"corporateorderController.js","level":"error","message":"Error retrieving cart count","timestamp":"2024-10-24T07:47:38.952Z","userId":"No userId"}
{"error":"relation \"createcorporatecarttablequery\" does not exist","filename":"corporateorderModels.js","level":"error","message":"Error retrieving cart count:","timestamp":"2024-10-24T07:47:39.005Z","userId":"No userId"}
{"error":"Error retrieving cart count: relation \"createcorporatecarttablequery\" does not exist","filename":"corporateorderController.js","level":"error","message":"Error retrieving cart count","timestamp":"2024-10-24T07:47:39.008Z","userId":"No userId"}
{"error":"relation \"createcorporatecarttablequery\" does not exist","filename":"corporateorderModels.js","level":"error","message":"Error retrieving cart count:","timestamp":"2024-10-24T07:49:23.088Z","userId":"No userId"}
{"error":"Error retrieving cart count: relation \"createcorporatecarttablequery\" does not exist","filename":"corporateorderController.js","level":"error","message":"Error retrieving cart count","timestamp":"2024-10-24T07:49:23.089Z","userId":"No userId"}
{"error":"relation \"createcorporatecarttablequery\" does not exist","filename":"corporateorderModels.js","level":"error","message":"Error retrieving cart count:","timestamp":"2024-10-24T07:49:23.112Z","userId":"No userId"}
{"error":"Error retrieving cart count: relation \"createcorporatecarttablequery\" does not exist","filename":"corporateorderController.js","level":"error","message":"Error retrieving cart count","timestamp":"2024-10-24T07:49:23.112Z","userId":"No userId"}
{"error":"order is not defined","filename":"corporateorderController.js","level":"error","message":"Error retrieving cart count","timestamp":"2024-10-24T07:58:01.066Z","userId":"No userId"}
{"error":"order is not defined","filename":"corporateorderController.js","level":"error","message":"Error retrieving cart count","timestamp":"2024-10-24T07:58:01.099Z","userId":"No userId"}
{"error":"order is not defined","filename":"corporateorderController.js","level":"error","message":"Error retrieving cart count","timestamp":"2024-10-24T07:59:53.853Z","userId":"No userId"}
{"error":"order is not defined","filename":"corporateorderController.js","level":"error","message":"Error retrieving cart count","timestamp":"2024-10-24T07:59:53.881Z","userId":"No userId"}
{"error":"order is not defined","filename":"corporateorderController.js","level":"error","message":"Error retrieving cart count","timestamp":"2024-10-24T08:01:09.040Z","userId":"No userId"}
{"error":"order is not defined","filename":"corporateorderController.js","level":"error","message":"Error retrieving cart count","timestamp":"2024-10-24T08:01:09.063Z","userId":"No userId"}
=======
{"0":"s","1":"i","10":"4","11":"@","12":"g","13":"m","14":"a","15":"i","16":"l","17":".","18":"c","19":"o","2":"r","20":"m","3":"i","4":"m","5":"a","6":"n","7":"i","8":"2","9":"5","filename":"customerController.js","level":"error","message":"Invalid OTP provided by:","timestamp":"2024-10-24T06:22:44.566Z","userId":"C000004"}
{"0":"s","1":"i","10":"4","11":"@","12":"g","13":"m","14":"a","15":"i","16":"l","17":".","18":"c","19":"o","2":"r","20":"m","3":"i","4":"m","5":"a","6":"n","7":"i","8":"2","9":"5","filename":"customerController.js","level":"error","message":"Invalid OTP provided by:","timestamp":"2024-10-24T06:24:51.194Z","userId":"C000004"}
{"0":"s","1":"i","10":"4","11":"@","12":"g","13":"m","14":"a","15":"i","16":"l","17":".","18":"c","19":"o","2":"r","20":"m","3":"i","4":"m","5":"a","6":"n","7":"i","8":"2","9":"5","filename":"customerController.js","level":"error","message":"Invalid OTP provided by:","timestamp":"2024-10-24T06:25:19.964Z","userId":"C000004"}
{"0":"s","1":"i","10":"4","11":"@","12":"g","13":"m","14":"a","15":"i","16":"l","17":".","18":"c","19":"o","2":"r","20":"m","3":"i","4":"m","5":"a","6":"n","7":"i","8":"2","9":"5","filename":"customerController.js","level":"error","message":"Invalid OTP provided by:","timestamp":"2024-10-24T06:25:23.831Z","userId":"C000004"}
{"0":"s","1":"i","10":"4","11":"@","12":"g","13":"m","14":"a","15":"i","16":"l","17":".","18":"c","19":"o","2":"r","20":"m","3":"i","4":"m","5":"a","6":"n","7":"i","8":"2","9":"5","filename":"customerController.js","level":"error","message":"Invalid OTP provided by:","timestamp":"2024-10-24T06:26:02.493Z","userId":"C000004"}
{"0":"s","1":"i","10":"4","11":"@","12":"g","13":"m","14":"a","15":"i","16":"l","17":".","18":"c","19":"o","2":"r","20":"m","3":"i","4":"m","5":"a","6":"n","7":"i","8":"2","9":"5","filename":"customerController.js","level":"error","message":"Invalid OTP provided by:","timestamp":"2024-10-24T06:26:06.977Z","userId":"C000004"}
{"0":"s","1":"i","10":"4","11":"@","12":"g","13":"m","14":"a","15":"i","16":"l","17":".","18":"c","19":"o","2":"r","20":"m","3":"i","4":"m","5":"a","6":"n","7":"i","8":"2","9":"5","filename":"customerController.js","level":"error","message":"Invalid OTP provided by:","timestamp":"2024-10-24T06:26:07.863Z","userId":"C000004"}
{"0":"s","1":"i","10":"4","11":"@","12":"g","13":"m","14":"a","15":"i","16":"l","17":".","18":"c","19":"o","2":"r","20":"m","3":"i","4":"m","5":"a","6":"n","7":"i","8":"2","9":"5","filename":"customerController.js","level":"error","message":"Invalid OTP provided by:","timestamp":"2024-10-24T06:26:08.822Z","userId":"C000004"}
{"0":"s","1":"i","10":"4","11":"@","12":"g","13":"m","14":"a","15":"i","16":"l","17":".","18":"c","19":"o","2":"r","20":"m","3":"i","4":"m","5":"a","6":"n","7":"i","8":"2","9":"5","filename":"customerController.js","level":"error","message":"Invalid OTP provided by:","timestamp":"2024-10-24T06:27:07.588Z","userId":"C000004"}
{"0":"s","1":"i","10":"4","11":"@","12":"g","13":"m","14":"a","15":"i","16":"l","17":".","18":"c","19":"o","2":"r","20":"m","3":"i","4":"m","5":"a","6":"n","7":"i","8":"2","9":"5","filename":"customerController.js","level":"error","message":"Invalid OTP provided by:","timestamp":"2024-10-24T06:28:38.194Z","userId":"C000004"}
{"customer_email":"sirimnai@gmail.com","filename":"customerController.js","level":"error","message":"You are not authorized to change password","timestamp":"2024-10-24T07:01:15.767Z","userId":"No userId"}
{"filename":"customerController.js","level":"error","message":"You are not authorized to change password","timestamp":"2024-10-24T07:20:36.458Z","userId":"C000004"}
{"filename":"customerController.js","level":"error","message":"You are not authorized to change password","timestamp":"2024-10-24T07:23:48.147Z","userId":"C000004"}
{"filename":"customerController.js","level":"error","message":"You are not authorized to change password","timestamp":"2024-10-24T07:23:56.988Z","userId":"C000004"}
{"filename":"customerController.js","level":"error","message":"You are not authorized to change password","timestamp":"2024-10-24T07:23:57.879Z","userId":"C000004"}
{"filename":"customerController.js","level":"error","message":"You are not authorized to change password","timestamp":"2024-10-24T07:23:58.947Z","userId":"C000004"}
{"email":"roopa12345@gmail.com","filename":"customerController.js","level":"error","message":"You are not registered yet, please register","timestamp":"2024-10-24T10:09:48.480Z","userId":"C000004"}
{"0":"s","1":"i","10":"4","11":"@","12":"g","13":"m","14":"a","15":"i","16":"l","17":".","18":"c","19":"o","2":"r","20":"m","3":"i","4":"m","5":"a","6":"n","7":"i","8":"2","9":"5","filename":"customerController.js","level":"error","message":"Invalid OTP provided by:","timestamp":"2024-10-24T10:11:17.064Z","userId":"C000004"}
>>>>>>> main
